[0.836s] DEBUG:colcon:Command line arguments: ['/usr/bin/colcon', 'build', '--symlink-install', '--executor', 'sequential']
[0.836s] DEBUG:colcon:Parsed command line arguments: Namespace(log_base=None, log_level=None, verb_name='build', build_base='build', install_base='install', merge_install=False, symlink_install=True, test_result_base=None, continue_on_error=False, executor='sequential', parallel_workers=4, event_handlers=None, ignore_user_meta=False, metas=['./colcon.meta'], base_paths=['.'], packages_ignore=None, packages_ignore_regex=None, paths=None, packages_up_to=None, packages_up_to_regex=None, packages_above=None, packages_above_and_dependencies=None, packages_above_depth=None, packages_select_by_dep=None, packages_skip_by_dep=None, packages_skip_up_to=None, packages_select_build_failed=False, packages_skip_build_finished=False, packages_select_test_failures=False, packages_skip_test_passed=False, packages_select=None, packages_skip=None, packages_select_regex=None, packages_skip_regex=None, packages_start=None, packages_end=None, allow_overriding=[], cmake_args=None, cmake_target=None, cmake_target_skip_unavailable=False, cmake_clean_cache=False, cmake_clean_first=False, cmake_force_configure=False, ament_cmake_args=None, catkin_cmake_args=None, catkin_skip_building_tests=False, mixin_files=None, mixin=None, verb_parser=<colcon_mixin.mixin.mixin_argument.MixinArgumentDecorator object at 0xffffa0657010>, verb_extension=<colcon_core.verb.build.BuildVerb object at 0xffffa0840910>, main=<bound method BuildVerb.main of <colcon_core.verb.build.BuildVerb object at 0xffffa0840910>>, mixin_verb=('build',))
[3.036s] Level 1:colcon.colcon_core.package_discovery:discover_packages(colcon_meta) check parameters
[3.036s] Level 1:colcon.colcon_core.package_discovery:discover_packages(recursive) check parameters
[3.037s] Level 1:colcon.colcon_core.package_discovery:discover_packages(ignore) check parameters
[3.037s] Level 1:colcon.colcon_core.package_discovery:discover_packages(path) check parameters
[3.037s] Level 1:colcon.colcon_core.package_discovery:discover_packages(colcon_meta) discover
[3.037s] Level 1:colcon.colcon_core.package_discovery:discover_packages(recursive) discover
[3.038s] INFO:colcon.colcon_core.package_discovery:Crawling recursively for packages in '/home/tee/ros2_fyp'
[3.039s] Level 1:colcon.colcon_core.package_identification:_identify(.) by extensions ['ignore', 'ignore_ament_install']
[3.039s] Level 1:colcon.colcon_core.package_identification:_identify(.) by extension 'ignore'
[3.040s] Level 1:colcon.colcon_core.package_identification:_identify(.) by extension 'ignore_ament_install'
[3.040s] Level 1:colcon.colcon_core.package_identification:_identify(.) by extensions ['colcon_pkg']
[3.041s] Level 1:colcon.colcon_core.package_identification:_identify(.) by extension 'colcon_pkg'
[3.041s] Level 1:colcon.colcon_core.package_identification:_identify(.) by extensions ['colcon_meta']
[3.042s] Level 1:colcon.colcon_core.package_identification:_identify(.) by extension 'colcon_meta'
[3.042s] Level 1:colcon.colcon_core.package_identification:_identify(.) by extensions ['ros']
[3.043s] Level 1:colcon.colcon_core.package_identification:_identify(.) by extension 'ros'
[3.141s] Level 1:colcon.colcon_core.package_identification:_identify(.) by extensions ['cmake', 'python']
[3.142s] Level 1:colcon.colcon_core.package_identification:_identify(.) by extension 'cmake'
[3.143s] Level 1:colcon.colcon_core.package_identification:_identify(.) by extension 'python'
[3.144s] Level 1:colcon.colcon_core.package_identification:_identify(.) by extensions ['python_setup_py']
[3.144s] Level 1:colcon.colcon_core.package_identification:_identify(.) by extension 'python_setup_py'
[3.146s] Level 1:colcon.colcon_core.package_identification:_identify(build) by extensions ['ignore', 'ignore_ament_install']
[3.146s] Level 1:colcon.colcon_core.package_identification:_identify(build) by extension 'ignore'
[3.147s] Level 1:colcon.colcon_core.package_identification:_identify(build) ignored
[3.147s] Level 1:colcon.colcon_core.package_identification:_identify(install) by extensions ['ignore', 'ignore_ament_install']
[3.148s] Level 1:colcon.colcon_core.package_identification:_identify(install) by extension 'ignore'
[3.149s] Level 1:colcon.colcon_core.package_identification:_identify(install) ignored
[3.150s] Level 1:colcon.colcon_core.package_identification:_identify(log) by extensions ['ignore', 'ignore_ament_install']
[3.150s] Level 1:colcon.colcon_core.package_identification:_identify(log) by extension 'ignore'
[3.151s] Level 1:colcon.colcon_core.package_identification:_identify(log) ignored
[3.151s] Level 1:colcon.colcon_core.package_identification:_identify(src) by extensions ['ignore', 'ignore_ament_install']
[3.152s] Level 1:colcon.colcon_core.package_identification:_identify(src) by extension 'ignore'
[3.154s] Level 1:colcon.colcon_core.package_identification:_identify(src) by extension 'ignore_ament_install'
[3.155s] Level 1:colcon.colcon_core.package_identification:_identify(src) by extensions ['colcon_pkg']
[3.155s] Level 1:colcon.colcon_core.package_identification:_identify(src) by extension 'colcon_pkg'
[3.156s] Level 1:colcon.colcon_core.package_identification:_identify(src) by extensions ['colcon_meta']
[3.156s] Level 1:colcon.colcon_core.package_identification:_identify(src) by extension 'colcon_meta'
[3.156s] Level 1:colcon.colcon_core.package_identification:_identify(src) by extensions ['ros']
[3.157s] Level 1:colcon.colcon_core.package_identification:_identify(src) by extension 'ros'
[3.158s] Level 1:colcon.colcon_core.package_identification:_identify(src) by extensions ['cmake', 'python']
[3.158s] Level 1:colcon.colcon_core.package_identification:_identify(src) by extension 'cmake'
[3.158s] Level 1:colcon.colcon_core.package_identification:_identify(src) by extension 'python'
[3.159s] Level 1:colcon.colcon_core.package_identification:_identify(src) by extensions ['python_setup_py']
[3.159s] Level 1:colcon.colcon_core.package_identification:_identify(src) by extension 'python_setup_py'
[3.160s] Level 1:colcon.colcon_core.package_identification:_identify(src/r2_driver) by extensions ['ignore', 'ignore_ament_install']
[3.161s] Level 1:colcon.colcon_core.package_identification:_identify(src/r2_driver) by extension 'ignore'
[3.162s] Level 1:colcon.colcon_core.package_identification:_identify(src/r2_driver) by extension 'ignore_ament_install'
[3.162s] Level 1:colcon.colcon_core.package_identification:_identify(src/r2_driver) by extensions ['colcon_pkg']
[3.163s] Level 1:colcon.colcon_core.package_identification:_identify(src/r2_driver) by extension 'colcon_pkg'
[3.163s] Level 1:colcon.colcon_core.package_identification:_identify(src/r2_driver) by extensions ['colcon_meta']
[3.164s] Level 1:colcon.colcon_core.package_identification:_identify(src/r2_driver) by extension 'colcon_meta'
[3.164s] Level 1:colcon.colcon_core.package_identification:_identify(src/r2_driver) by extensions ['ros']
[3.164s] Level 1:colcon.colcon_core.package_identification:_identify(src/r2_driver) by extension 'ros'
[3.186s] DEBUG:colcon.colcon_core.package_identification:Package 'src/r2_driver' with type 'ros.ament_python' and name 'r2_driver'
[3.187s] Level 1:colcon.colcon_core.package_identification:_identify(src/ros2_astra_camera) by extensions ['ignore', 'ignore_ament_install']
[3.187s] Level 1:colcon.colcon_core.package_identification:_identify(src/ros2_astra_camera) by extension 'ignore'
[3.188s] Level 1:colcon.colcon_core.package_identification:_identify(src/ros2_astra_camera) by extension 'ignore_ament_install'
[3.189s] Level 1:colcon.colcon_core.package_identification:_identify(src/ros2_astra_camera) by extensions ['colcon_pkg']
[3.189s] Level 1:colcon.colcon_core.package_identification:_identify(src/ros2_astra_camera) by extension 'colcon_pkg'
[3.189s] Level 1:colcon.colcon_core.package_identification:_identify(src/ros2_astra_camera) by extensions ['colcon_meta']
[3.190s] Level 1:colcon.colcon_core.package_identification:_identify(src/ros2_astra_camera) by extension 'colcon_meta'
[3.190s] Level 1:colcon.colcon_core.package_identification:_identify(src/ros2_astra_camera) by extensions ['ros']
[3.191s] Level 1:colcon.colcon_core.package_identification:_identify(src/ros2_astra_camera) by extension 'ros'
[3.192s] Level 1:colcon.colcon_core.package_identification:_identify(src/ros2_astra_camera) by extensions ['cmake', 'python']
[3.192s] Level 1:colcon.colcon_core.package_identification:_identify(src/ros2_astra_camera) by extension 'cmake'
[3.192s] Level 1:colcon.colcon_core.package_identification:_identify(src/ros2_astra_camera) by extension 'python'
[3.193s] Level 1:colcon.colcon_core.package_identification:_identify(src/ros2_astra_camera) by extensions ['python_setup_py']
[3.194s] Level 1:colcon.colcon_core.package_identification:_identify(src/ros2_astra_camera) by extension 'python_setup_py'
[3.196s] Level 1:colcon.colcon_core.package_identification:_identify(src/ros2_astra_camera/astra_camera) by extensions ['ignore', 'ignore_ament_install']
[3.200s] Level 1:colcon.colcon_core.package_identification:_identify(src/ros2_astra_camera/astra_camera) by extension 'ignore'
[3.201s] Level 1:colcon.colcon_core.package_identification:_identify(src/ros2_astra_camera/astra_camera) by extension 'ignore_ament_install'
[3.202s] Level 1:colcon.colcon_core.package_identification:_identify(src/ros2_astra_camera/astra_camera) by extensions ['colcon_pkg']
[3.202s] Level 1:colcon.colcon_core.package_identification:_identify(src/ros2_astra_camera/astra_camera) by extension 'colcon_pkg'
[3.203s] Level 1:colcon.colcon_core.package_identification:_identify(src/ros2_astra_camera/astra_camera) by extensions ['colcon_meta']
[3.203s] Level 1:colcon.colcon_core.package_identification:_identify(src/ros2_astra_camera/astra_camera) by extension 'colcon_meta'
[3.203s] Level 1:colcon.colcon_core.package_identification:_identify(src/ros2_astra_camera/astra_camera) by extensions ['ros']
[3.204s] Level 1:colcon.colcon_core.package_identification:_identify(src/ros2_astra_camera/astra_camera) by extension 'ros'
[3.215s] DEBUG:colcon.colcon_core.package_identification:Package 'src/ros2_astra_camera/astra_camera' with type 'ros.ament_cmake' and name 'astra_camera'
[3.216s] Level 1:colcon.colcon_core.package_identification:_identify(src/ros2_astra_camera/astra_camera_msgs) by extensions ['ignore', 'ignore_ament_install']
[3.217s] Level 1:colcon.colcon_core.package_identification:_identify(src/ros2_astra_camera/astra_camera_msgs) by extension 'ignore'
[3.217s] Level 1:colcon.colcon_core.package_identification:_identify(src/ros2_astra_camera/astra_camera_msgs) by extension 'ignore_ament_install'
[3.218s] Level 1:colcon.colcon_core.package_identification:_identify(src/ros2_astra_camera/astra_camera_msgs) by extensions ['colcon_pkg']
[3.218s] Level 1:colcon.colcon_core.package_identification:_identify(src/ros2_astra_camera/astra_camera_msgs) by extension 'colcon_pkg'
[3.219s] Level 1:colcon.colcon_core.package_identification:_identify(src/ros2_astra_camera/astra_camera_msgs) by extensions ['colcon_meta']
[3.219s] Level 1:colcon.colcon_core.package_identification:_identify(src/ros2_astra_camera/astra_camera_msgs) by extension 'colcon_meta'
[3.220s] Level 1:colcon.colcon_core.package_identification:_identify(src/ros2_astra_camera/astra_camera_msgs) by extensions ['ros']
[3.220s] Level 1:colcon.colcon_core.package_identification:_identify(src/ros2_astra_camera/astra_camera_msgs) by extension 'ros'
[3.227s] DEBUG:colcon.colcon_core.package_identification:Package 'src/ros2_astra_camera/astra_camera_msgs' with type 'ros.ament_cmake' and name 'astra_camera_msgs'
[3.228s] Level 1:colcon.colcon_core.package_identification:_identify(src/rplidar_ros) by extensions ['ignore', 'ignore_ament_install']
[3.229s] Level 1:colcon.colcon_core.package_identification:_identify(src/rplidar_ros) by extension 'ignore'
[3.229s] Level 1:colcon.colcon_core.package_identification:_identify(src/rplidar_ros) by extension 'ignore_ament_install'
[3.230s] Level 1:colcon.colcon_core.package_identification:_identify(src/rplidar_ros) by extensions ['colcon_pkg']
[3.230s] Level 1:colcon.colcon_core.package_identification:_identify(src/rplidar_ros) by extension 'colcon_pkg'
[3.231s] Level 1:colcon.colcon_core.package_identification:_identify(src/rplidar_ros) by extensions ['colcon_meta']
[3.231s] Level 1:colcon.colcon_core.package_identification:_identify(src/rplidar_ros) by extension 'colcon_meta'
[3.232s] Level 1:colcon.colcon_core.package_identification:_identify(src/rplidar_ros) by extensions ['ros']
[3.232s] Level 1:colcon.colcon_core.package_identification:_identify(src/rplidar_ros) by extension 'ros'
[3.236s] DEBUG:colcon.colcon_core.package_identification:Package 'src/rplidar_ros' with type 'ros.ament_cmake' and name 'rplidar_ros'
[3.236s] Level 1:colcon.colcon_core.package_discovery:discover_packages(recursive) using defaults
[3.236s] Level 1:colcon.colcon_core.package_discovery:discover_packages(ignore) discover
[3.237s] Level 1:colcon.colcon_core.package_discovery:discover_packages(ignore) using defaults
[3.237s] Level 1:colcon.colcon_core.package_discovery:discover_packages(path) discover
[3.237s] Level 1:colcon.colcon_core.package_discovery:discover_packages(path) using defaults
[3.514s] Level 1:colcon.colcon_core.package_discovery:discover_packages(prefix_path) check parameters
[3.514s] Level 1:colcon.colcon_core.package_discovery:discover_packages(prefix_path) discover
[3.526s] WARNING:colcon.colcon_ros.prefix_path.ament:The path '/home/tee/ros2_fyp/install/sllidar_ros2' in the environment variable AMENT_PREFIX_PATH doesn't exist
[3.527s] WARNING:colcon.colcon_ros.prefix_path.ament:The path '/home/tee/ros2_fyp/install/r2_driver' in the environment variable AMENT_PREFIX_PATH doesn't exist
[3.527s] WARNING:colcon.colcon_ros.prefix_path.ament:The path '/home/tee/ros2_fyp/install/astra_camera' in the environment variable AMENT_PREFIX_PATH doesn't exist
[3.528s] WARNING:colcon.colcon_ros.prefix_path.ament:The path '/home/tee/ros2_fyp/install/astra_camera_msgs' in the environment variable AMENT_PREFIX_PATH doesn't exist
[3.529s] WARNING:colcon.colcon_ros.prefix_path.catkin:The path '/home/tee/ros2_fyp/install/sllidar_ros2' in the environment variable CMAKE_PREFIX_PATH doesn't exist
[3.529s] WARNING:colcon.colcon_ros.prefix_path.catkin:The path '/home/tee/ros2_fyp/install/astra_camera' in the environment variable CMAKE_PREFIX_PATH doesn't exist
[3.529s] WARNING:colcon.colcon_ros.prefix_path.catkin:The path '/home/tee/ros2_fyp/install/astra_camera_msgs' in the environment variable CMAKE_PREFIX_PATH doesn't exist
[3.536s] DEBUG:colcon.colcon_installed_package_information.package_discovery:Found 0 installed packages in /home/tee/ros2_fyp/install
[3.553s] DEBUG:colcon.colcon_installed_package_information.package_discovery:Found 357 installed packages in /opt/ros/humble
[3.562s] Level 1:colcon.colcon_core.package_discovery:discover_packages(prefix_path) using defaults
[4.082s] Level 5:colcon.colcon_core.verb:set package 'astra_camera_msgs' build argument 'cmake_args' from command line to 'None'
[4.083s] Level 5:colcon.colcon_core.verb:set package 'astra_camera_msgs' build argument 'cmake_target' from command line to 'None'
[4.083s] Level 5:colcon.colcon_core.verb:set package 'astra_camera_msgs' build argument 'cmake_target_skip_unavailable' from command line to 'False'
[4.083s] Level 5:colcon.colcon_core.verb:set package 'astra_camera_msgs' build argument 'cmake_clean_cache' from command line to 'False'
[4.084s] Level 5:colcon.colcon_core.verb:set package 'astra_camera_msgs' build argument 'cmake_clean_first' from command line to 'False'
[4.084s] Level 5:colcon.colcon_core.verb:set package 'astra_camera_msgs' build argument 'cmake_force_configure' from command line to 'False'
[4.084s] Level 5:colcon.colcon_core.verb:set package 'astra_camera_msgs' build argument 'ament_cmake_args' from command line to 'None'
[4.084s] Level 5:colcon.colcon_core.verb:set package 'astra_camera_msgs' build argument 'catkin_cmake_args' from command line to 'None'
[4.085s] Level 5:colcon.colcon_core.verb:set package 'astra_camera_msgs' build argument 'catkin_skip_building_tests' from command line to 'False'
[4.085s] DEBUG:colcon.colcon_core.verb:Building package 'astra_camera_msgs' with the following arguments: {'ament_cmake_args': None, 'build_base': '/home/tee/ros2_fyp/build/astra_camera_msgs', 'catkin_cmake_args': None, 'catkin_skip_building_tests': False, 'cmake_args': None, 'cmake_clean_cache': False, 'cmake_clean_first': False, 'cmake_force_configure': False, 'cmake_target': None, 'cmake_target_skip_unavailable': False, 'install_base': '/home/tee/ros2_fyp/install/astra_camera_msgs', 'merge_install': False, 'path': '/home/tee/ros2_fyp/src/ros2_astra_camera/astra_camera_msgs', 'symlink_install': True, 'test_result_base': None}
[4.088s] Level 5:colcon.colcon_core.verb:set package 'r2_driver' build argument 'cmake_args' from command line to 'None'
[4.088s] Level 5:colcon.colcon_core.verb:set package 'r2_driver' build argument 'cmake_target' from command line to 'None'
[4.089s] Level 5:colcon.colcon_core.verb:set package 'r2_driver' build argument 'cmake_target_skip_unavailable' from command line to 'False'
[4.089s] Level 5:colcon.colcon_core.verb:set package 'r2_driver' build argument 'cmake_clean_cache' from command line to 'False'
[4.089s] Level 5:colcon.colcon_core.verb:set package 'r2_driver' build argument 'cmake_clean_first' from command line to 'False'
[4.090s] Level 5:colcon.colcon_core.verb:set package 'r2_driver' build argument 'cmake_force_configure' from command line to 'False'
[4.090s] Level 5:colcon.colcon_core.verb:set package 'r2_driver' build argument 'ament_cmake_args' from command line to 'None'
[4.091s] Level 5:colcon.colcon_core.verb:set package 'r2_driver' build argument 'catkin_cmake_args' from command line to 'None'
[4.091s] Level 5:colcon.colcon_core.verb:set package 'r2_driver' build argument 'catkin_skip_building_tests' from command line to 'False'
[4.092s] DEBUG:colcon.colcon_core.verb:Building package 'r2_driver' with the following arguments: {'ament_cmake_args': None, 'build_base': '/home/tee/ros2_fyp/build/r2_driver', 'catkin_cmake_args': None, 'catkin_skip_building_tests': False, 'cmake_args': None, 'cmake_clean_cache': False, 'cmake_clean_first': False, 'cmake_force_configure': False, 'cmake_target': None, 'cmake_target_skip_unavailable': False, 'install_base': '/home/tee/ros2_fyp/install/r2_driver', 'merge_install': False, 'path': '/home/tee/ros2_fyp/src/r2_driver', 'symlink_install': True, 'test_result_base': None}
[4.095s] Level 5:colcon.colcon_core.verb:set package 'rplidar_ros' build argument 'cmake_args' from command line to 'None'
[4.096s] Level 5:colcon.colcon_core.verb:set package 'rplidar_ros' build argument 'cmake_target' from command line to 'None'
[4.097s] Level 5:colcon.colcon_core.verb:set package 'rplidar_ros' build argument 'cmake_target_skip_unavailable' from command line to 'False'
[4.097s] Level 5:colcon.colcon_core.verb:set package 'rplidar_ros' build argument 'cmake_clean_cache' from command line to 'False'
[4.098s] Level 5:colcon.colcon_core.verb:set package 'rplidar_ros' build argument 'cmake_clean_first' from command line to 'False'
[4.098s] Level 5:colcon.colcon_core.verb:set package 'rplidar_ros' build argument 'cmake_force_configure' from command line to 'False'
[4.098s] Level 5:colcon.colcon_core.verb:set package 'rplidar_ros' build argument 'ament_cmake_args' from command line to 'None'
[4.099s] Level 5:colcon.colcon_core.verb:set package 'rplidar_ros' build argument 'catkin_cmake_args' from command line to 'None'
[4.099s] Level 5:colcon.colcon_core.verb:set package 'rplidar_ros' build argument 'catkin_skip_building_tests' from command line to 'False'
[4.100s] DEBUG:colcon.colcon_core.verb:Building package 'rplidar_ros' with the following arguments: {'ament_cmake_args': None, 'build_base': '/home/tee/ros2_fyp/build/rplidar_ros', 'catkin_cmake_args': None, 'catkin_skip_building_tests': False, 'cmake_args': None, 'cmake_clean_cache': False, 'cmake_clean_first': False, 'cmake_force_configure': False, 'cmake_target': None, 'cmake_target_skip_unavailable': False, 'install_base': '/home/tee/ros2_fyp/install/rplidar_ros', 'merge_install': False, 'path': '/home/tee/ros2_fyp/src/rplidar_ros', 'symlink_install': True, 'test_result_base': None}
[4.103s] Level 5:colcon.colcon_core.verb:set package 'astra_camera' build argument 'cmake_args' from command line to 'None'
[4.103s] Level 5:colcon.colcon_core.verb:set package 'astra_camera' build argument 'cmake_target' from command line to 'None'
[4.104s] Level 5:colcon.colcon_core.verb:set package 'astra_camera' build argument 'cmake_target_skip_unavailable' from command line to 'False'
[4.104s] Level 5:colcon.colcon_core.verb:set package 'astra_camera' build argument 'cmake_clean_cache' from command line to 'False'
[4.105s] Level 5:colcon.colcon_core.verb:set package 'astra_camera' build argument 'cmake_clean_first' from command line to 'False'
[4.105s] Level 5:colcon.colcon_core.verb:set package 'astra_camera' build argument 'cmake_force_configure' from command line to 'False'
[4.105s] Level 5:colcon.colcon_core.verb:set package 'astra_camera' build argument 'ament_cmake_args' from command line to 'None'
[4.106s] Level 5:colcon.colcon_core.verb:set package 'astra_camera' build argument 'catkin_cmake_args' from command line to 'None'
[4.106s] Level 5:colcon.colcon_core.verb:set package 'astra_camera' build argument 'catkin_skip_building_tests' from command line to 'False'
[4.107s] DEBUG:colcon.colcon_core.verb:Building package 'astra_camera' with the following arguments: {'ament_cmake_args': None, 'build_base': '/home/tee/ros2_fyp/build/astra_camera', 'catkin_cmake_args': None, 'catkin_skip_building_tests': False, 'cmake_args': None, 'cmake_clean_cache': False, 'cmake_clean_first': False, 'cmake_force_configure': False, 'cmake_target': None, 'cmake_target_skip_unavailable': False, 'install_base': '/home/tee/ros2_fyp/install/astra_camera', 'merge_install': False, 'path': '/home/tee/ros2_fyp/src/ros2_astra_camera/astra_camera', 'symlink_install': True, 'test_result_base': None}
[4.108s] INFO:colcon.colcon_core.executor:Executing jobs using 'sequential' executor
[4.114s] DEBUG:colcon.colcon_core.executor.sequential:run_until_complete 'astra_camera_msgs'
[4.116s] INFO:colcon.colcon_ros.task.ament_cmake.build:Building ROS package in '/home/tee/ros2_fyp/src/ros2_astra_camera/astra_camera_msgs' with build type 'ament_cmake'
[4.117s] INFO:colcon.colcon_cmake.task.cmake.build:Building CMake package in '/home/tee/ros2_fyp/src/ros2_astra_camera/astra_camera_msgs'
[4.154s] INFO:colcon.colcon_core.plugin_system:Skipping extension 'colcon_core.shell.bat': Not used on non-Windows systems
[4.156s] INFO:colcon.colcon_core.shell:Skip shell extension 'powershell' for command environment: Not usable outside of PowerShell
[4.156s] DEBUG:colcon.colcon_core.shell:Skip shell extension 'dsv' for command environment
[4.207s] DEBUG:colcon.colcon_core.event_handler.log_command:Invoking command in '/home/tee/ros2_fyp/build/astra_camera_msgs': CMAKE_PREFIX_PATH=${CMAKE_PREFIX_PATH}:/home/tee/ros2_fyp/install/r2_driver:/opt/ros/humble /usr/bin/cmake /home/tee/ros2_fyp/src/ros2_astra_camera/astra_camera_msgs -DAMENT_CMAKE_SYMLINK_INSTALL=1 -DCMAKE_INSTALL_PREFIX=/home/tee/ros2_fyp/install/astra_camera_msgs
[15.961s] DEBUG:colcon.colcon_core.event_handler.log_command:Invoked command in '/home/tee/ros2_fyp/build/astra_camera_msgs' returned '0': CMAKE_PREFIX_PATH=${CMAKE_PREFIX_PATH}:/home/tee/ros2_fyp/install/r2_driver:/opt/ros/humble /usr/bin/cmake /home/tee/ros2_fyp/src/ros2_astra_camera/astra_camera_msgs -DAMENT_CMAKE_SYMLINK_INSTALL=1 -DCMAKE_INSTALL_PREFIX=/home/tee/ros2_fyp/install/astra_camera_msgs
[15.971s] DEBUG:colcon.colcon_core.event_handler.log_command:Invoking command in '/home/tee/ros2_fyp/build/astra_camera_msgs': CMAKE_PREFIX_PATH=${CMAKE_PREFIX_PATH}:/home/tee/ros2_fyp/install/r2_driver:/opt/ros/humble /usr/bin/cmake --build /home/tee/ros2_fyp/build/astra_camera_msgs -- -j4 -l4
[61.275s] DEBUG:colcon.colcon_core.event_handler.log_command:Invoked command in '/home/tee/ros2_fyp/build/astra_camera_msgs' returned '0': CMAKE_PREFIX_PATH=${CMAKE_PREFIX_PATH}:/home/tee/ros2_fyp/install/r2_driver:/opt/ros/humble /usr/bin/cmake --build /home/tee/ros2_fyp/build/astra_camera_msgs -- -j4 -l4
[61.318s] DEBUG:colcon.colcon_core.event_handler.log_command:Invoking command in '/home/tee/ros2_fyp/build/astra_camera_msgs': CMAKE_PREFIX_PATH=${CMAKE_PREFIX_PATH}:/home/tee/ros2_fyp/install/r2_driver:/opt/ros/humble /usr/bin/cmake --install /home/tee/ros2_fyp/build/astra_camera_msgs
[68.777s] Level 1:colcon.colcon_core.environment:create_environment_scripts_only(astra_camera_msgs)
[68.778s] DEBUG:colcon.colcon_core.event_handler.log_command:Invoked command in '/home/tee/ros2_fyp/build/astra_camera_msgs' returned '0': CMAKE_PREFIX_PATH=${CMAKE_PREFIX_PATH}:/home/tee/ros2_fyp/install/r2_driver:/opt/ros/humble /usr/bin/cmake --install /home/tee/ros2_fyp/build/astra_camera_msgs
[68.798s] Level 1:colcon.colcon_core.environment:checking '/home/tee/ros2_fyp/install/astra_camera_msgs' for CMake module files
[68.803s] Level 1:colcon.colcon_core.environment:checking '/home/tee/ros2_fyp/install/astra_camera_msgs' for CMake config files
[68.821s] Level 1:colcon.colcon_core.shell:create_environment_hook('astra_camera_msgs', 'cmake_prefix_path')
[68.822s] INFO:colcon.colcon_core.shell:Creating environment hook '/home/tee/ros2_fyp/install/astra_camera_msgs/share/astra_camera_msgs/hook/cmake_prefix_path.ps1'
[68.825s] INFO:colcon.colcon_core.shell:Creating environment descriptor '/home/tee/ros2_fyp/install/astra_camera_msgs/share/astra_camera_msgs/hook/cmake_prefix_path.dsv'
[68.828s] INFO:colcon.colcon_core.shell:Creating environment hook '/home/tee/ros2_fyp/install/astra_camera_msgs/share/astra_camera_msgs/hook/cmake_prefix_path.sh'
[68.833s] Level 1:colcon.colcon_core.environment:checking '/home/tee/ros2_fyp/install/astra_camera_msgs/lib'
[68.834s] Level 1:colcon.colcon_core.shell:create_environment_hook('astra_camera_msgs', 'ld_library_path_lib')
[68.835s] INFO:colcon.colcon_core.shell:Creating environment hook '/home/tee/ros2_fyp/install/astra_camera_msgs/share/astra_camera_msgs/hook/ld_library_path_lib.ps1'
[68.837s] INFO:colcon.colcon_core.shell:Creating environment descriptor '/home/tee/ros2_fyp/install/astra_camera_msgs/share/astra_camera_msgs/hook/ld_library_path_lib.dsv'
[68.838s] INFO:colcon.colcon_core.shell:Creating environment hook '/home/tee/ros2_fyp/install/astra_camera_msgs/share/astra_camera_msgs/hook/ld_library_path_lib.sh'
[68.840s] Level 1:colcon.colcon_core.environment:checking '/home/tee/ros2_fyp/install/astra_camera_msgs/bin'
[68.840s] Level 1:colcon.colcon_core.environment:checking '/home/tee/ros2_fyp/install/astra_camera_msgs/lib/pkgconfig/astra_camera_msgs.pc'
[68.841s] Level 1:colcon.colcon_core.environment:checking '/home/tee/ros2_fyp/install/astra_camera_msgs/lib/python3.10/site-packages'
[68.843s] Level 1:colcon.colcon_core.environment:checking '/home/tee/ros2_fyp/install/astra_camera_msgs/bin'
[68.844s] INFO:colcon.colcon_core.shell:Creating package script '/home/tee/ros2_fyp/install/astra_camera_msgs/share/astra_camera_msgs/package.ps1'
[68.848s] INFO:colcon.colcon_core.shell:Creating package descriptor '/home/tee/ros2_fyp/install/astra_camera_msgs/share/astra_camera_msgs/package.dsv'
[68.851s] INFO:colcon.colcon_core.shell:Creating package script '/home/tee/ros2_fyp/install/astra_camera_msgs/share/astra_camera_msgs/package.sh'
[68.855s] INFO:colcon.colcon_core.shell:Creating package script '/home/tee/ros2_fyp/install/astra_camera_msgs/share/astra_camera_msgs/package.bash'
[68.859s] INFO:colcon.colcon_core.shell:Creating package script '/home/tee/ros2_fyp/install/astra_camera_msgs/share/astra_camera_msgs/package.zsh'
[68.863s] Level 1:colcon.colcon_core.environment:create_file_with_runtime_dependencies(/home/tee/ros2_fyp/install/astra_camera_msgs/share/colcon-core/packages/astra_camera_msgs)
[68.867s] Level 1:colcon.colcon_core.environment:create_environment_scripts_only(astra_camera_msgs)
[68.868s] Level 1:colcon.colcon_core.environment:checking '/home/tee/ros2_fyp/install/astra_camera_msgs' for CMake module files
[68.872s] Level 1:colcon.colcon_core.environment:checking '/home/tee/ros2_fyp/install/astra_camera_msgs' for CMake config files
[68.889s] Level 1:colcon.colcon_core.shell:create_environment_hook('astra_camera_msgs', 'cmake_prefix_path')
[68.890s] INFO:colcon.colcon_core.shell:Creating environment hook '/home/tee/ros2_fyp/install/astra_camera_msgs/share/astra_camera_msgs/hook/cmake_prefix_path.ps1'
[68.892s] INFO:colcon.colcon_core.shell:Creating environment descriptor '/home/tee/ros2_fyp/install/astra_camera_msgs/share/astra_camera_msgs/hook/cmake_prefix_path.dsv'
[68.894s] INFO:colcon.colcon_core.shell:Creating environment hook '/home/tee/ros2_fyp/install/astra_camera_msgs/share/astra_camera_msgs/hook/cmake_prefix_path.sh'
[68.896s] Level 1:colcon.colcon_core.environment:checking '/home/tee/ros2_fyp/install/astra_camera_msgs/lib'
[68.897s] Level 1:colcon.colcon_core.shell:create_environment_hook('astra_camera_msgs', 'ld_library_path_lib')
[68.898s] INFO:colcon.colcon_core.shell:Creating environment hook '/home/tee/ros2_fyp/install/astra_camera_msgs/share/astra_camera_msgs/hook/ld_library_path_lib.ps1'
[68.900s] INFO:colcon.colcon_core.shell:Creating environment descriptor '/home/tee/ros2_fyp/install/astra_camera_msgs/share/astra_camera_msgs/hook/ld_library_path_lib.dsv'
[68.901s] INFO:colcon.colcon_core.shell:Creating environment hook '/home/tee/ros2_fyp/install/astra_camera_msgs/share/astra_camera_msgs/hook/ld_library_path_lib.sh'
[68.903s] Level 1:colcon.colcon_core.environment:checking '/home/tee/ros2_fyp/install/astra_camera_msgs/bin'
[68.904s] Level 1:colcon.colcon_core.environment:checking '/home/tee/ros2_fyp/install/astra_camera_msgs/lib/pkgconfig/astra_camera_msgs.pc'
[68.905s] Level 1:colcon.colcon_core.environment:checking '/home/tee/ros2_fyp/install/astra_camera_msgs/lib/python3.10/site-packages'
[68.906s] Level 1:colcon.colcon_core.environment:checking '/home/tee/ros2_fyp/install/astra_camera_msgs/bin'
[68.907s] INFO:colcon.colcon_core.shell:Creating package script '/home/tee/ros2_fyp/install/astra_camera_msgs/share/astra_camera_msgs/package.ps1'
[68.910s] INFO:colcon.colcon_core.shell:Creating package descriptor '/home/tee/ros2_fyp/install/astra_camera_msgs/share/astra_camera_msgs/package.dsv'
[68.912s] INFO:colcon.colcon_core.shell:Creating package script '/home/tee/ros2_fyp/install/astra_camera_msgs/share/astra_camera_msgs/package.sh'
[68.915s] INFO:colcon.colcon_core.shell:Creating package script '/home/tee/ros2_fyp/install/astra_camera_msgs/share/astra_camera_msgs/package.bash'
[68.916s] INFO:colcon.colcon_core.shell:Creating package script '/home/tee/ros2_fyp/install/astra_camera_msgs/share/astra_camera_msgs/package.zsh'
[68.919s] Level 1:colcon.colcon_core.environment:create_file_with_runtime_dependencies(/home/tee/ros2_fyp/install/astra_camera_msgs/share/colcon-core/packages/astra_camera_msgs)
[68.920s] DEBUG:colcon.colcon_core.executor.sequential:run_until_complete 'astra_camera_msgs' finished with '0'
[68.921s] DEBUG:colcon.colcon_core.executor.sequential:run_until_complete 'r2_driver'
[68.921s] INFO:colcon.colcon_ros.task.ament_python.build:Building ROS package in '/home/tee/ros2_fyp/src/r2_driver' with build type 'ament_python'
[68.922s] Level 1:colcon.colcon_core.shell:create_environment_hook('r2_driver', 'ament_prefix_path')
[68.923s] INFO:colcon.colcon_core.shell:Creating environment hook '/home/tee/ros2_fyp/install/r2_driver/share/r2_driver/hook/ament_prefix_path.ps1'
[68.926s] INFO:colcon.colcon_core.shell:Creating environment descriptor '/home/tee/ros2_fyp/install/r2_driver/share/r2_driver/hook/ament_prefix_path.dsv'
[68.928s] INFO:colcon.colcon_core.shell:Creating environment hook '/home/tee/ros2_fyp/install/r2_driver/share/r2_driver/hook/ament_prefix_path.sh'
[68.931s] INFO:colcon.colcon_core.shell:Skip shell extension 'powershell' for command environment: Not usable outside of PowerShell
[68.931s] DEBUG:colcon.colcon_core.shell:Skip shell extension 'dsv' for command environment
[70.281s] INFO:colcon.colcon_core.task.python.build:Building Python package in '/home/tee/ros2_fyp/src/r2_driver'
[70.282s] INFO:colcon.colcon_core.shell:Skip shell extension 'powershell' for command environment: Not usable outside of PowerShell
[70.282s] DEBUG:colcon.colcon_core.shell:Skip shell extension 'dsv' for command environment
[72.241s] DEBUG:colcon.colcon_core.event_handler.log_command:Invoking command in '/home/tee/ros2_fyp/build/r2_driver': PYTHONPATH=/home/tee/ros2_fyp/build/r2_driver/prefix_override:/usr/lib/python3/dist-packages/colcon_core/task/python/colcon_distutils_commands:/home/tee/ros2_fyp/install/r2_driver/lib/python3.10/site-packages:${PYTHONPATH} /usr/bin/python3 -W ignore:setup.py install is deprecated -W ignore:easy_install command is deprecated setup.py develop --editable --build-directory /home/tee/ros2_fyp/build/r2_driver/build --no-deps symlink_data
[74.864s] Level 1:colcon.colcon_core.shell:create_environment_hook('r2_driver', 'pythonpath_develop')
[74.865s] INFO:colcon.colcon_core.shell:Creating environment hook '/home/tee/ros2_fyp/build/r2_driver/share/r2_driver/hook/pythonpath_develop.ps1'
[74.866s] DEBUG:colcon.colcon_core.event_handler.log_command:Invoked command in '/home/tee/ros2_fyp/build/r2_driver' returned '0': PYTHONPATH=/home/tee/ros2_fyp/build/r2_driver/prefix_override:/usr/lib/python3/dist-packages/colcon_core/task/python/colcon_distutils_commands:/home/tee/ros2_fyp/install/r2_driver/lib/python3.10/site-packages:${PYTHONPATH} /usr/bin/python3 -W ignore:setup.py install is deprecated -W ignore:easy_install command is deprecated setup.py develop --editable --build-directory /home/tee/ros2_fyp/build/r2_driver/build --no-deps symlink_data
[74.869s] INFO:colcon.colcon_core.shell:Creating environment descriptor '/home/tee/ros2_fyp/build/r2_driver/share/r2_driver/hook/pythonpath_develop.dsv'
[74.870s] INFO:colcon.colcon_core.shell:Creating environment hook '/home/tee/ros2_fyp/build/r2_driver/share/r2_driver/hook/pythonpath_develop.sh'
[74.872s] Level 1:colcon.colcon_core.environment:checking '/home/tee/ros2_fyp/install/r2_driver' for CMake module files
[74.875s] Level 1:colcon.colcon_core.environment:checking '/home/tee/ros2_fyp/install/r2_driver' for CMake config files
[74.878s] Level 1:colcon.colcon_core.environment:checking '/home/tee/ros2_fyp/install/r2_driver/lib'
[74.879s] Level 1:colcon.colcon_core.environment:checking '/home/tee/ros2_fyp/install/r2_driver/bin'
[74.879s] Level 1:colcon.colcon_core.environment:checking '/home/tee/ros2_fyp/install/r2_driver/lib/pkgconfig/r2_driver.pc'
[74.880s] Level 1:colcon.colcon_core.environment:checking '/home/tee/ros2_fyp/install/r2_driver/lib/python3.10/site-packages'
[74.880s] Level 1:colcon.colcon_core.shell:create_environment_hook('r2_driver', 'pythonpath')
[74.881s] INFO:colcon.colcon_core.shell:Creating environment hook '/home/tee/ros2_fyp/install/r2_driver/share/r2_driver/hook/pythonpath.ps1'
[74.883s] INFO:colcon.colcon_core.shell:Creating environment descriptor '/home/tee/ros2_fyp/install/r2_driver/share/r2_driver/hook/pythonpath.dsv'
[74.885s] INFO:colcon.colcon_core.shell:Creating environment hook '/home/tee/ros2_fyp/install/r2_driver/share/r2_driver/hook/pythonpath.sh'
[74.888s] Level 1:colcon.colcon_core.environment:checking '/home/tee/ros2_fyp/install/r2_driver/bin'
[74.888s] Level 1:colcon.colcon_core.environment:create_environment_scripts_only(r2_driver)
[74.890s] INFO:colcon.colcon_core.shell:Creating package script '/home/tee/ros2_fyp/install/r2_driver/share/r2_driver/package.ps1'
[74.892s] INFO:colcon.colcon_core.shell:Creating package descriptor '/home/tee/ros2_fyp/install/r2_driver/share/r2_driver/package.dsv'
[74.894s] INFO:colcon.colcon_core.shell:Creating package script '/home/tee/ros2_fyp/install/r2_driver/share/r2_driver/package.sh'
[74.896s] INFO:colcon.colcon_core.shell:Creating package script '/home/tee/ros2_fyp/install/r2_driver/share/r2_driver/package.bash'
[74.898s] INFO:colcon.colcon_core.shell:Creating package script '/home/tee/ros2_fyp/install/r2_driver/share/r2_driver/package.zsh'
[74.900s] Level 1:colcon.colcon_core.environment:create_file_with_runtime_dependencies(/home/tee/ros2_fyp/install/r2_driver/share/colcon-core/packages/r2_driver)
[74.901s] DEBUG:colcon.colcon_core.executor.sequential:run_until_complete 'r2_driver' finished with '0'
[74.901s] DEBUG:colcon.colcon_core.executor.sequential:run_until_complete 'rplidar_ros'
[74.902s] INFO:colcon.colcon_ros.task.ament_cmake.build:Building ROS package in '/home/tee/ros2_fyp/src/rplidar_ros' with build type 'ament_cmake'
[74.902s] INFO:colcon.colcon_cmake.task.cmake.build:Building CMake package in '/home/tee/ros2_fyp/src/rplidar_ros'
[74.903s] INFO:colcon.colcon_core.shell:Skip shell extension 'powershell' for command environment: Not usable outside of PowerShell
[74.904s] DEBUG:colcon.colcon_core.shell:Skip shell extension 'dsv' for command environment
[74.949s] DEBUG:colcon.colcon_core.event_handler.log_command:Invoking command in '/home/tee/ros2_fyp/build/rplidar_ros': CMAKE_PREFIX_PATH=${CMAKE_PREFIX_PATH}:/home/tee/ros2_fyp/install/r2_driver:/opt/ros/humble /usr/bin/cmake /home/tee/ros2_fyp/src/rplidar_ros -DAMENT_CMAKE_SYMLINK_INSTALL=1 -DCMAKE_INSTALL_PREFIX=/home/tee/ros2_fyp/install/rplidar_ros
[81.564s] DEBUG:colcon.colcon_core.event_handler.log_command:Invoked command in '/home/tee/ros2_fyp/build/rplidar_ros' returned '0': CMAKE_PREFIX_PATH=${CMAKE_PREFIX_PATH}:/home/tee/ros2_fyp/install/r2_driver:/opt/ros/humble /usr/bin/cmake /home/tee/ros2_fyp/src/rplidar_ros -DAMENT_CMAKE_SYMLINK_INSTALL=1 -DCMAKE_INSTALL_PREFIX=/home/tee/ros2_fyp/install/rplidar_ros
[81.573s] DEBUG:colcon.colcon_core.event_handler.log_command:Invoking command in '/home/tee/ros2_fyp/build/rplidar_ros': CMAKE_PREFIX_PATH=${CMAKE_PREFIX_PATH}:/home/tee/ros2_fyp/install/r2_driver:/opt/ros/humble /usr/bin/cmake --build /home/tee/ros2_fyp/build/rplidar_ros -- -j4 -l4
[146.807s] DEBUG:colcon.colcon_core.event_handler.log_command:Invoked command in '/home/tee/ros2_fyp/build/rplidar_ros' returned '0': CMAKE_PREFIX_PATH=${CMAKE_PREFIX_PATH}:/home/tee/ros2_fyp/install/r2_driver:/opt/ros/humble /usr/bin/cmake --build /home/tee/ros2_fyp/build/rplidar_ros -- -j4 -l4
[146.822s] DEBUG:colcon.colcon_core.event_handler.log_command:Invoking command in '/home/tee/ros2_fyp/build/rplidar_ros': CMAKE_PREFIX_PATH=${CMAKE_PREFIX_PATH}:/home/tee/ros2_fyp/install/r2_driver:/opt/ros/humble /usr/bin/cmake --install /home/tee/ros2_fyp/build/rplidar_ros
[148.457s] Level 1:colcon.colcon_core.environment:create_environment_scripts_only(rplidar_ros)
[148.458s] Level 1:colcon.colcon_core.environment:checking '/home/tee/ros2_fyp/install/rplidar_ros' for CMake module files
[148.460s] DEBUG:colcon.colcon_core.event_handler.log_command:Invoked command in '/home/tee/ros2_fyp/build/rplidar_ros' returned '0': CMAKE_PREFIX_PATH=${CMAKE_PREFIX_PATH}:/home/tee/ros2_fyp/install/r2_driver:/opt/ros/humble /usr/bin/cmake --install /home/tee/ros2_fyp/build/rplidar_ros
[148.464s] Level 1:colcon.colcon_core.environment:checking '/home/tee/ros2_fyp/install/rplidar_ros' for CMake config files
[148.470s] Level 1:colcon.colcon_core.shell:create_environment_hook('rplidar_ros', 'cmake_prefix_path')
[148.471s] INFO:colcon.colcon_core.shell:Creating environment hook '/home/tee/ros2_fyp/install/rplidar_ros/share/rplidar_ros/hook/cmake_prefix_path.ps1'
[148.479s] INFO:colcon.colcon_core.shell:Creating environment descriptor '/home/tee/ros2_fyp/install/rplidar_ros/share/rplidar_ros/hook/cmake_prefix_path.dsv'
[148.483s] INFO:colcon.colcon_core.shell:Creating environment hook '/home/tee/ros2_fyp/install/rplidar_ros/share/rplidar_ros/hook/cmake_prefix_path.sh'
[148.486s] Level 1:colcon.colcon_core.environment:checking '/home/tee/ros2_fyp/install/rplidar_ros/lib'
[148.487s] Level 1:colcon.colcon_core.environment:checking '/home/tee/ros2_fyp/install/rplidar_ros/bin'
[148.487s] Level 1:colcon.colcon_core.environment:checking '/home/tee/ros2_fyp/install/rplidar_ros/lib/pkgconfig/rplidar_ros.pc'
[148.489s] Level 1:colcon.colcon_core.environment:checking '/home/tee/ros2_fyp/install/rplidar_ros/lib/python3.10/site-packages'
[148.491s] Level 1:colcon.colcon_core.environment:checking '/home/tee/ros2_fyp/install/rplidar_ros/bin'
[148.492s] INFO:colcon.colcon_core.shell:Creating package script '/home/tee/ros2_fyp/install/rplidar_ros/share/rplidar_ros/package.ps1'
[148.497s] INFO:colcon.colcon_core.shell:Creating package descriptor '/home/tee/ros2_fyp/install/rplidar_ros/share/rplidar_ros/package.dsv'
[148.500s] INFO:colcon.colcon_core.shell:Creating package script '/home/tee/ros2_fyp/install/rplidar_ros/share/rplidar_ros/package.sh'
[148.502s] INFO:colcon.colcon_core.shell:Creating package script '/home/tee/ros2_fyp/install/rplidar_ros/share/rplidar_ros/package.bash'
[148.506s] INFO:colcon.colcon_core.shell:Creating package script '/home/tee/ros2_fyp/install/rplidar_ros/share/rplidar_ros/package.zsh'
[148.510s] Level 1:colcon.colcon_core.environment:create_file_with_runtime_dependencies(/home/tee/ros2_fyp/install/rplidar_ros/share/colcon-core/packages/rplidar_ros)
[148.513s] Level 1:colcon.colcon_core.environment:create_environment_scripts_only(rplidar_ros)
[148.514s] Level 1:colcon.colcon_core.environment:checking '/home/tee/ros2_fyp/install/rplidar_ros' for CMake module files
[148.518s] Level 1:colcon.colcon_core.environment:checking '/home/tee/ros2_fyp/install/rplidar_ros' for CMake config files
[148.522s] Level 1:colcon.colcon_core.shell:create_environment_hook('rplidar_ros', 'cmake_prefix_path')
[148.523s] INFO:colcon.colcon_core.shell:Creating environment hook '/home/tee/ros2_fyp/install/rplidar_ros/share/rplidar_ros/hook/cmake_prefix_path.ps1'
[148.526s] INFO:colcon.colcon_core.shell:Creating environment descriptor '/home/tee/ros2_fyp/install/rplidar_ros/share/rplidar_ros/hook/cmake_prefix_path.dsv'
[148.530s] INFO:colcon.colcon_core.shell:Creating environment hook '/home/tee/ros2_fyp/install/rplidar_ros/share/rplidar_ros/hook/cmake_prefix_path.sh'
[148.533s] Level 1:colcon.colcon_core.environment:checking '/home/tee/ros2_fyp/install/rplidar_ros/lib'
[148.533s] Level 1:colcon.colcon_core.environment:checking '/home/tee/ros2_fyp/install/rplidar_ros/bin'
[148.534s] Level 1:colcon.colcon_core.environment:checking '/home/tee/ros2_fyp/install/rplidar_ros/lib/pkgconfig/rplidar_ros.pc'
[148.534s] Level 1:colcon.colcon_core.environment:checking '/home/tee/ros2_fyp/install/rplidar_ros/lib/python3.10/site-packages'
[148.536s] Level 1:colcon.colcon_core.environment:checking '/home/tee/ros2_fyp/install/rplidar_ros/bin'
[148.537s] INFO:colcon.colcon_core.shell:Creating package script '/home/tee/ros2_fyp/install/rplidar_ros/share/rplidar_ros/package.ps1'
[148.540s] INFO:colcon.colcon_core.shell:Creating package descriptor '/home/tee/ros2_fyp/install/rplidar_ros/share/rplidar_ros/package.dsv'
[148.542s] INFO:colcon.colcon_core.shell:Creating package script '/home/tee/ros2_fyp/install/rplidar_ros/share/rplidar_ros/package.sh'
[148.544s] INFO:colcon.colcon_core.shell:Creating package script '/home/tee/ros2_fyp/install/rplidar_ros/share/rplidar_ros/package.bash'
[148.546s] INFO:colcon.colcon_core.shell:Creating package script '/home/tee/ros2_fyp/install/rplidar_ros/share/rplidar_ros/package.zsh'
[148.548s] Level 1:colcon.colcon_core.environment:create_file_with_runtime_dependencies(/home/tee/ros2_fyp/install/rplidar_ros/share/colcon-core/packages/rplidar_ros)
[148.549s] DEBUG:colcon.colcon_core.executor.sequential:run_until_complete 'rplidar_ros' finished with '0'
[148.550s] DEBUG:colcon.colcon_core.executor.sequential:run_until_complete 'astra_camera'
[148.550s] INFO:colcon.colcon_ros.task.ament_cmake.build:Building ROS package in '/home/tee/ros2_fyp/src/ros2_astra_camera/astra_camera' with build type 'ament_cmake'
[148.552s] INFO:colcon.colcon_cmake.task.cmake.build:Building CMake package in '/home/tee/ros2_fyp/src/ros2_astra_camera/astra_camera'
[148.554s] INFO:colcon.colcon_core.shell:Skip shell extension 'powershell' for command environment: Not usable outside of PowerShell
[148.554s] DEBUG:colcon.colcon_core.shell:Skip shell extension 'dsv' for command environment
[148.818s] DEBUG:colcon.colcon_core.event_handler.log_command:Invoking command in '/home/tee/ros2_fyp/build/astra_camera': CMAKE_PREFIX_PATH=/home/tee/ros2_fyp/install/astra_camera_msgs:/home/tee/ros2_fyp/install/sllidar_ros2:/home/tee/ros2_fyp/install/astra_camera:/home/tee/ros2_fyp/install/r2_driver:/opt/ros/humble LD_LIBRARY_PATH=/home/tee/ros2_fyp/install/astra_camera_msgs/lib:/home/tee/ros2_fyp/install/astra_camera/lib:/opt/ros/humble/opt/rviz_ogre_vendor/lib:/opt/ros/humble/lib/aarch64-linux-gnu:/opt/ros/humble/lib /usr/bin/cmake /home/tee/ros2_fyp/src/ros2_astra_camera/astra_camera -DAMENT_CMAKE_SYMLINK_INSTALL=1 -DCMAKE_INSTALL_PREFIX=/home/tee/ros2_fyp/install/astra_camera
[160.629s] DEBUG:colcon.colcon_core.event_handler.log_command:Invoked command in '/home/tee/ros2_fyp/build/astra_camera' returned '0': CMAKE_PREFIX_PATH=/home/tee/ros2_fyp/install/astra_camera_msgs:/home/tee/ros2_fyp/install/sllidar_ros2:/home/tee/ros2_fyp/install/astra_camera:/home/tee/ros2_fyp/install/r2_driver:/opt/ros/humble LD_LIBRARY_PATH=/home/tee/ros2_fyp/install/astra_camera_msgs/lib:/home/tee/ros2_fyp/install/astra_camera/lib:/opt/ros/humble/opt/rviz_ogre_vendor/lib:/opt/ros/humble/lib/aarch64-linux-gnu:/opt/ros/humble/lib /usr/bin/cmake /home/tee/ros2_fyp/src/ros2_astra_camera/astra_camera -DAMENT_CMAKE_SYMLINK_INSTALL=1 -DCMAKE_INSTALL_PREFIX=/home/tee/ros2_fyp/install/astra_camera
[160.638s] DEBUG:colcon.colcon_core.event_handler.log_command:Invoking command in '/home/tee/ros2_fyp/build/astra_camera': CMAKE_PREFIX_PATH=/home/tee/ros2_fyp/install/astra_camera_msgs:/home/tee/ros2_fyp/install/sllidar_ros2:/home/tee/ros2_fyp/install/astra_camera:/home/tee/ros2_fyp/install/r2_driver:/opt/ros/humble LD_LIBRARY_PATH=/home/tee/ros2_fyp/install/astra_camera_msgs/lib:/home/tee/ros2_fyp/install/astra_camera/lib:/opt/ros/humble/opt/rviz_ogre_vendor/lib:/opt/ros/humble/lib/aarch64-linux-gnu:/opt/ros/humble/lib /usr/bin/cmake --build /home/tee/ros2_fyp/build/astra_camera -- -j4 -l4
[445.352s] DEBUG:colcon.colcon_core.event_handler.log_command:Invoked command in '/home/tee/ros2_fyp/build/astra_camera' returned '0': CMAKE_PREFIX_PATH=/home/tee/ros2_fyp/install/astra_camera_msgs:/home/tee/ros2_fyp/install/sllidar_ros2:/home/tee/ros2_fyp/install/astra_camera:/home/tee/ros2_fyp/install/r2_driver:/opt/ros/humble LD_LIBRARY_PATH=/home/tee/ros2_fyp/install/astra_camera_msgs/lib:/home/tee/ros2_fyp/install/astra_camera/lib:/opt/ros/humble/opt/rviz_ogre_vendor/lib:/opt/ros/humble/lib/aarch64-linux-gnu:/opt/ros/humble/lib /usr/bin/cmake --build /home/tee/ros2_fyp/build/astra_camera -- -j4 -l4
[445.462s] DEBUG:colcon.colcon_core.event_handler.log_command:Invoking command in '/home/tee/ros2_fyp/build/astra_camera': CMAKE_PREFIX_PATH=/home/tee/ros2_fyp/install/astra_camera_msgs:/home/tee/ros2_fyp/install/sllidar_ros2:/home/tee/ros2_fyp/install/astra_camera:/home/tee/ros2_fyp/install/r2_driver:/opt/ros/humble LD_LIBRARY_PATH=/home/tee/ros2_fyp/install/astra_camera_msgs/lib:/home/tee/ros2_fyp/install/astra_camera/lib:/opt/ros/humble/opt/rviz_ogre_vendor/lib:/opt/ros/humble/lib/aarch64-linux-gnu:/opt/ros/humble/lib /usr/bin/cmake --install /home/tee/ros2_fyp/build/astra_camera
[449.596s] Level 1:colcon.colcon_core.environment:create_environment_scripts_only(astra_camera)
[449.606s] DEBUG:colcon.colcon_core.event_handler.log_command:Invoked command in '/home/tee/ros2_fyp/build/astra_camera' returned '0': CMAKE_PREFIX_PATH=/home/tee/ros2_fyp/install/astra_camera_msgs:/home/tee/ros2_fyp/install/sllidar_ros2:/home/tee/ros2_fyp/install/astra_camera:/home/tee/ros2_fyp/install/r2_driver:/opt/ros/humble LD_LIBRARY_PATH=/home/tee/ros2_fyp/install/astra_camera_msgs/lib:/home/tee/ros2_fyp/install/astra_camera/lib:/opt/ros/humble/opt/rviz_ogre_vendor/lib:/opt/ros/humble/lib/aarch64-linux-gnu:/opt/ros/humble/lib /usr/bin/cmake --install /home/tee/ros2_fyp/build/astra_camera
[449.618s] Level 1:colcon.colcon_core.environment:checking '/home/tee/ros2_fyp/install/astra_camera' for CMake module files
[449.624s] Level 1:colcon.colcon_core.environment:checking '/home/tee/ros2_fyp/install/astra_camera' for CMake config files
[449.641s] Level 1:colcon.colcon_core.shell:create_environment_hook('astra_camera', 'cmake_prefix_path')
[449.647s] INFO:colcon.colcon_core.shell:Creating environment hook '/home/tee/ros2_fyp/install/astra_camera/share/astra_camera/hook/cmake_prefix_path.ps1'
[449.683s] INFO:colcon.colcon_core.shell:Creating environment descriptor '/home/tee/ros2_fyp/install/astra_camera/share/astra_camera/hook/cmake_prefix_path.dsv'
[449.695s] INFO:colcon.colcon_core.shell:Creating environment hook '/home/tee/ros2_fyp/install/astra_camera/share/astra_camera/hook/cmake_prefix_path.sh'
[449.713s] Level 1:colcon.colcon_core.environment:checking '/home/tee/ros2_fyp/install/astra_camera/lib'
[449.715s] Level 1:colcon.colcon_core.shell:create_environment_hook('astra_camera', 'ld_library_path_lib')
[449.717s] INFO:colcon.colcon_core.shell:Creating environment hook '/home/tee/ros2_fyp/install/astra_camera/share/astra_camera/hook/ld_library_path_lib.ps1'
[449.721s] INFO:colcon.colcon_core.shell:Creating environment descriptor '/home/tee/ros2_fyp/install/astra_camera/share/astra_camera/hook/ld_library_path_lib.dsv'
[449.725s] INFO:colcon.colcon_core.shell:Creating environment hook '/home/tee/ros2_fyp/install/astra_camera/share/astra_camera/hook/ld_library_path_lib.sh'
[449.729s] Level 1:colcon.colcon_core.environment:checking '/home/tee/ros2_fyp/install/astra_camera/bin'
[449.731s] Level 1:colcon.colcon_core.environment:checking '/home/tee/ros2_fyp/install/astra_camera/lib/pkgconfig/astra_camera.pc'
[449.743s] Level 1:colcon.colcon_core.environment:checking '/home/tee/ros2_fyp/install/astra_camera/lib/python3.10/site-packages'
[449.745s] Level 1:colcon.colcon_core.environment:checking '/home/tee/ros2_fyp/install/astra_camera/bin'
[449.748s] INFO:colcon.colcon_core.shell:Creating package script '/home/tee/ros2_fyp/install/astra_camera/share/astra_camera/package.ps1'
[449.756s] INFO:colcon.colcon_core.shell:Creating package descriptor '/home/tee/ros2_fyp/install/astra_camera/share/astra_camera/package.dsv'
[449.761s] INFO:colcon.colcon_core.shell:Creating package script '/home/tee/ros2_fyp/install/astra_camera/share/astra_camera/package.sh'
[449.766s] INFO:colcon.colcon_core.shell:Creating package script '/home/tee/ros2_fyp/install/astra_camera/share/astra_camera/package.bash'
[449.772s] INFO:colcon.colcon_core.shell:Creating package script '/home/tee/ros2_fyp/install/astra_camera/share/astra_camera/package.zsh'
[449.779s] Level 1:colcon.colcon_core.environment:create_file_with_runtime_dependencies(/home/tee/ros2_fyp/install/astra_camera/share/colcon-core/packages/astra_camera)
[449.786s] Level 1:colcon.colcon_core.environment:create_environment_scripts_only(astra_camera)
[449.787s] Level 1:colcon.colcon_core.environment:checking '/home/tee/ros2_fyp/install/astra_camera' for CMake module files
[449.791s] Level 1:colcon.colcon_core.environment:checking '/home/tee/ros2_fyp/install/astra_camera' for CMake config files
[449.803s] Level 1:colcon.colcon_core.shell:create_environment_hook('astra_camera', 'cmake_prefix_path')
[449.804s] INFO:colcon.colcon_core.shell:Creating environment hook '/home/tee/ros2_fyp/install/astra_camera/share/astra_camera/hook/cmake_prefix_path.ps1'
[449.807s] INFO:colcon.colcon_core.shell:Creating environment descriptor '/home/tee/ros2_fyp/install/astra_camera/share/astra_camera/hook/cmake_prefix_path.dsv'
[449.809s] INFO:colcon.colcon_core.shell:Creating environment hook '/home/tee/ros2_fyp/install/astra_camera/share/astra_camera/hook/cmake_prefix_path.sh'
[449.813s] Level 1:colcon.colcon_core.environment:checking '/home/tee/ros2_fyp/install/astra_camera/lib'
[449.814s] Level 1:colcon.colcon_core.shell:create_environment_hook('astra_camera', 'ld_library_path_lib')
[449.815s] INFO:colcon.colcon_core.shell:Creating environment hook '/home/tee/ros2_fyp/install/astra_camera/share/astra_camera/hook/ld_library_path_lib.ps1'
[449.817s] INFO:colcon.colcon_core.shell:Creating environment descriptor '/home/tee/ros2_fyp/install/astra_camera/share/astra_camera/hook/ld_library_path_lib.dsv'
[449.819s] INFO:colcon.colcon_core.shell:Creating environment hook '/home/tee/ros2_fyp/install/astra_camera/share/astra_camera/hook/ld_library_path_lib.sh'
[449.821s] Level 1:colcon.colcon_core.environment:checking '/home/tee/ros2_fyp/install/astra_camera/bin'
[449.821s] Level 1:colcon.colcon_core.environment:checking '/home/tee/ros2_fyp/install/astra_camera/lib/pkgconfig/astra_camera.pc'
[449.822s] Level 1:colcon.colcon_core.environment:checking '/home/tee/ros2_fyp/install/astra_camera/lib/python3.10/site-packages'
[449.823s] Level 1:colcon.colcon_core.environment:checking '/home/tee/ros2_fyp/install/astra_camera/bin'
[449.825s] INFO:colcon.colcon_core.shell:Creating package script '/home/tee/ros2_fyp/install/astra_camera/share/astra_camera/package.ps1'
[449.829s] INFO:colcon.colcon_core.shell:Creating package descriptor '/home/tee/ros2_fyp/install/astra_camera/share/astra_camera/package.dsv'
[449.832s] INFO:colcon.colcon_core.shell:Creating package script '/home/tee/ros2_fyp/install/astra_camera/share/astra_camera/package.sh'
[449.834s] INFO:colcon.colcon_core.shell:Creating package script '/home/tee/ros2_fyp/install/astra_camera/share/astra_camera/package.bash'
[449.836s] INFO:colcon.colcon_core.shell:Creating package script '/home/tee/ros2_fyp/install/astra_camera/share/astra_camera/package.zsh'
[449.839s] Level 1:colcon.colcon_core.environment:create_file_with_runtime_dependencies(/home/tee/ros2_fyp/install/astra_camera/share/colcon-core/packages/astra_camera)
[449.844s] DEBUG:colcon.colcon_core.executor.sequential:run_until_complete 'astra_camera' finished with '0'
[449.845s] DEBUG:colcon.colcon_core.executor.sequential:closing loop
[449.848s] DEBUG:colcon.colcon_core.executor.sequential:loop closed
[449.851s] DEBUG:colcon.colcon_core.event_reactor:joining thread
[449.989s] INFO:colcon.colcon_core.plugin_system:Skipping extension 'colcon_notification.desktop_notification.terminal_notifier': Not used on non-Darwin systems
[449.990s] INFO:colcon.colcon_core.plugin_system:Skipping extension 'colcon_notification.desktop_notification.win32': Not used on non-Windows systems
[449.990s] INFO:colcon.colcon_notification.desktop_notification:Sending desktop notification using 'notify2'
[450.186s] DEBUG:colcon.colcon_notification.desktop_notification.notify2:Failed to initialize notify2: org.freedesktop.DBus.Error.ServiceUnknown: The name org.freedesktop.Notifications was not provided by any .service files
[450.187s] DEBUG:colcon.colcon_core.event_reactor:joined thread
[450.190s] INFO:colcon.colcon_core.shell:Creating prefix script '/home/tee/ros2_fyp/install/local_setup.ps1'
[450.199s] INFO:colcon.colcon_core.shell:Creating prefix util module '/home/tee/ros2_fyp/install/_local_setup_util_ps1.py'
[450.209s] INFO:colcon.colcon_core.shell:Creating prefix chain script '/home/tee/ros2_fyp/install/setup.ps1'
[450.223s] INFO:colcon.colcon_core.shell:Creating prefix script '/home/tee/ros2_fyp/install/local_setup.sh'
[450.227s] INFO:colcon.colcon_core.shell:Creating prefix util module '/home/tee/ros2_fyp/install/_local_setup_util_sh.py'
[450.230s] INFO:colcon.colcon_core.shell:Creating prefix chain script '/home/tee/ros2_fyp/install/setup.sh'
[450.237s] INFO:colcon.colcon_core.shell:Creating prefix script '/home/tee/ros2_fyp/install/local_setup.bash'
[450.240s] INFO:colcon.colcon_core.shell:Creating prefix chain script '/home/tee/ros2_fyp/install/setup.bash'
[450.246s] INFO:colcon.colcon_core.shell:Creating prefix script '/home/tee/ros2_fyp/install/local_setup.zsh'
[450.249s] INFO:colcon.colcon_core.shell:Creating prefix chain script '/home/tee/ros2_fyp/install/setup.zsh'
