[3.315s] Invoking command in '/home/tee/ros2_fyp/build/r2_driver': PYTHONPATH=/home/tee/ros2_fyp/build/r2_driver/prefix_override:/usr/lib/python3/dist-packages/colcon_core/task/python/colcon_distutils_commands:/home/tee/ros2_fyp/install/r2_driver/lib/python3.10/site-packages:${PYTHONPATH} /usr/bin/python3 -W ignore:setup.py install is deprecated -W ignore:easy_install command is deprecated setup.py develop --editable --build-directory /home/tee/ros2_fyp/build/r2_driver/build --no-deps symlink_data
[4.880s] running develop
[5.769s] running egg_info
[5.770s] creating r2_driver.egg-info
[5.770s] writing r2_driver.egg-info/PKG-INFO
[5.771s] writing dependency_links to r2_driver.egg-info/dependency_links.txt
[5.772s] writing entry points to r2_driver.egg-info/entry_points.txt
[5.773s] writing requirements to r2_driver.egg-info/requires.txt
[5.773s] writing top-level names to r2_driver.egg-info/top_level.txt
[5.774s] writing manifest file 'r2_driver.egg-info/SOURCES.txt'
[5.781s] reading manifest file 'r2_driver.egg-info/SOURCES.txt'
[5.784s] writing manifest file 'r2_driver.egg-info/SOURCES.txt'
[5.790s] running build_ext
[5.791s] Creating /home/tee/ros2_fyp/install/r2_driver/lib/python3.10/site-packages/r2-driver.egg-link (link to .)
[5.794s] Installing r2_driver_node script to /home/tee/ros2_fyp/install/r2_driver/lib/r2_driver
[5.795s] 
[5.796s] Installed /home/tee/ros2_fyp/build/r2_driver
[5.796s] running symlink_data
[5.797s] creating /home/tee/ros2_fyp/install/r2_driver/share/ament_index
[5.797s] creating /home/tee/ros2_fyp/install/r2_driver/share/ament_index/resource_index
[5.798s] creating /home/tee/ros2_fyp/install/r2_driver/share/ament_index/resource_index/packages
[5.798s] symbolically linking /home/tee/ros2_fyp/build/r2_driver/resource/r2_driver -> /home/tee/ros2_fyp/install/r2_driver/share/ament_index/resource_index/packages
[5.799s] symbolically linking /home/tee/ros2_fyp/build/r2_driver/package.xml -> /home/tee/ros2_fyp/install/r2_driver/share/r2_driver
[5.800s] creating /home/tee/ros2_fyp/install/r2_driver/share/r2_driver/launch
[5.801s] symbolically linking /home/tee/ros2_fyp/build/r2_driver/launch/r2_driver.launch.py -> /home/tee/ros2_fyp/install/r2_driver/share/r2_driver/launch
[5.940s] Invoked command in '/home/tee/ros2_fyp/build/r2_driver' returned '0': PYTHONPATH=/home/tee/ros2_fyp/build/r2_driver/prefix_override:/usr/lib/python3/dist-packages/colcon_core/task/python/colcon_distutils_commands:/home/tee/ros2_fyp/install/r2_driver/lib/python3.10/site-packages:${PYTHONPATH} /usr/bin/python3 -W ignore:setup.py install is deprecated -W ignore:easy_install command is deprecated setup.py develop --editable --build-directory /home/tee/ros2_fyp/build/r2_driver/build --no-deps symlink_data
