-- Found ament_cmake: 1.3.12 (/opt/ros/humble/share/ament_cmake/cmake)
-- Override CMake install command with custom implementation using symlinks instead of copying resources
-- Found ament_lint_auto: 0.12.14 (/opt/ros/humble/share/ament_lint_auto/cmake)
-- Added test 'flake8' to check Python code syntax and style conventions
-- Added test 'lint_cmake' to check CMake code style
-- Added test 'pep257' to check Python code against some of the docstring style conventions in PEP 257
-- Added test 'xmllint' to check XML markup files
-- Configuring done
-- Generating done
-- Build files have been written to: /home/tee/ros2_fyp/build/r2_description
-- Install configuration: ""
-- Execute custom install script
-- Symlinking: /home/tee/ros2_fyp/install/r2_description/share/r2_description/launch/description.launch.py
-- Symlinking: /home/tee/ros2_fyp/install/r2_description/share/r2_description/urdf/r2.urdf.xacro
-- Symlinking: /home/tee/ros2_fyp/install/r2_description/share/ament_index/resource_index/package_run_dependencies/r2_description
-- Symlinking: /home/tee/ros2_fyp/install/r2_description/share/ament_index/resource_index/parent_prefix_path/r2_description
-- Symlinking: /home/tee/ros2_fyp/install/r2_description/share/r2_description/environment/ament_prefix_path.sh
-- Symlinking: /home/tee/ros2_fyp/install/r2_description/share/r2_description/environment/ament_prefix_path.dsv
-- Symlinking: /home/tee/ros2_fyp/install/r2_description/share/r2_description/environment/path.sh
-- Symlinking: /home/tee/ros2_fyp/install/r2_description/share/r2_description/environment/path.dsv
-- Symlinking: /home/tee/ros2_fyp/install/r2_description/share/r2_description/local_setup.bash
-- Symlinking: /home/tee/ros2_fyp/install/r2_description/share/r2_description/local_setup.sh
-- Symlinking: /home/tee/ros2_fyp/install/r2_description/share/r2_description/local_setup.zsh
-- Symlinking: /home/tee/ros2_fyp/install/r2_description/share/r2_description/local_setup.dsv
-- Symlinking: /home/tee/ros2_fyp/install/r2_description/share/r2_description/package.dsv
-- Symlinking: /home/tee/ros2_fyp/install/r2_description/share/ament_index/resource_index/packages/r2_description
-- Symlinking: /home/tee/ros2_fyp/install/r2_description/share/r2_description/cmake/r2_descriptionConfig.cmake
-- Symlinking: /home/tee/ros2_fyp/install/r2_description/share/r2_description/cmake/r2_descriptionConfig-version.cmake
-- Symlinking: /home/tee/ros2_fyp/install/r2_description/share/r2_description/package.xml
