[0.053s] Invoking command in '/home/tee/ros2_fyp/build/r2_description': CMAKE_PREFIX_PATH=${CMAKE_PREFIX_PATH}:/home/tee/ros2_fyp/install/r2_wheel_odometry:/home/tee/ros2_fyp/install/r2_driver:/opt/ros/humble /usr/bin/cmake /home/tee/ros2_fyp/src/r2_description -DAMENT_CMAKE_SYMLINK_INSTALL=1 -DCMAKE_INSTALL_PREFIX=/home/tee/ros2_fyp/install/r2_description
[0.115s] -- Found ament_cmake: 1.3.12 (/opt/ros/humble/share/ament_cmake/cmake)
[0.715s] -- Override CMake install command with custom implementation using symlinks instead of copying resources
[0.750s] -- Found ament_lint_auto: 0.12.14 (/opt/ros/humble/share/ament_lint_auto/cmake)
[1.098s] -- Added test 'flake8' to check Python code syntax and style conventions
[1.101s] -- Added test 'lint_cmake' to check CMake code style
[1.103s] -- Added test 'pep257' to check Python code against some of the docstring style conventions in PEP 257
[1.113s] -- Added test 'xmllint' to check XML markup files
[1.120s] -- Configuring done
[1.150s] -- Generating done
[1.161s] -- Build files have been written to: /home/tee/ros2_fyp/build/r2_description
[1.171s] Invoked command in '/home/tee/ros2_fyp/build/r2_description' returned '0': CMAKE_PREFIX_PATH=${CMAKE_PREFIX_PATH}:/home/tee/ros2_fyp/install/r2_wheel_odometry:/home/tee/ros2_fyp/install/r2_driver:/opt/ros/humble /usr/bin/cmake /home/tee/ros2_fyp/src/r2_description -DAMENT_CMAKE_SYMLINK_INSTALL=1 -DCMAKE_INSTALL_PREFIX=/home/tee/ros2_fyp/install/r2_description
[1.181s] Invoking command in '/home/tee/ros2_fyp/build/r2_description': CMAKE_PREFIX_PATH=${CMAKE_PREFIX_PATH}:/home/tee/ros2_fyp/install/r2_wheel_odometry:/home/tee/ros2_fyp/install/r2_driver:/opt/ros/humble /usr/bin/cmake --build /home/tee/ros2_fyp/build/r2_description -- -j4 -l4
[1.339s] Invoked command in '/home/tee/ros2_fyp/build/r2_description' returned '0': CMAKE_PREFIX_PATH=${CMAKE_PREFIX_PATH}:/home/tee/ros2_fyp/install/r2_wheel_odometry:/home/tee/ros2_fyp/install/r2_driver:/opt/ros/humble /usr/bin/cmake --build /home/tee/ros2_fyp/build/r2_description -- -j4 -l4
[1.384s] Invoking command in '/home/tee/ros2_fyp/build/r2_description': CMAKE_PREFIX_PATH=${CMAKE_PREFIX_PATH}:/home/tee/ros2_fyp/install/r2_wheel_odometry:/home/tee/ros2_fyp/install/r2_driver:/opt/ros/humble /usr/bin/cmake --install /home/tee/ros2_fyp/build/r2_description
[1.413s] -- Install configuration: ""
[1.415s] -- Execute custom install script
[1.416s] -- Symlinking: /home/tee/ros2_fyp/install/r2_description/share/r2_description/launch/description.launch.py
[1.453s] -- Symlinking: /home/tee/ros2_fyp/install/r2_description/share/r2_description/urdf/r2.urdf.xacro
[1.489s] -- Symlinking: /home/tee/ros2_fyp/install/r2_description/share/ament_index/resource_index/package_run_dependencies/r2_description
[1.525s] -- Symlinking: /home/tee/ros2_fyp/install/r2_description/share/ament_index/resource_index/parent_prefix_path/r2_description
[1.561s] -- Symlinking: /home/tee/ros2_fyp/install/r2_description/share/r2_description/environment/ament_prefix_path.sh
[1.596s] -- Symlinking: /home/tee/ros2_fyp/install/r2_description/share/r2_description/environment/ament_prefix_path.dsv
[1.632s] -- Symlinking: /home/tee/ros2_fyp/install/r2_description/share/r2_description/environment/path.sh
[1.673s] -- Symlinking: /home/tee/ros2_fyp/install/r2_description/share/r2_description/environment/path.dsv
[1.712s] -- Symlinking: /home/tee/ros2_fyp/install/r2_description/share/r2_description/local_setup.bash
[1.746s] -- Symlinking: /home/tee/ros2_fyp/install/r2_description/share/r2_description/local_setup.sh
[1.781s] -- Symlinking: /home/tee/ros2_fyp/install/r2_description/share/r2_description/local_setup.zsh
[1.816s] -- Symlinking: /home/tee/ros2_fyp/install/r2_description/share/r2_description/local_setup.dsv
[1.854s] -- Symlinking: /home/tee/ros2_fyp/install/r2_description/share/r2_description/package.dsv
[1.889s] -- Symlinking: /home/tee/ros2_fyp/install/r2_description/share/ament_index/resource_index/packages/r2_description
[1.926s] -- Symlinking: /home/tee/ros2_fyp/install/r2_description/share/r2_description/cmake/r2_descriptionConfig.cmake
[1.961s] -- Symlinking: /home/tee/ros2_fyp/install/r2_description/share/r2_description/cmake/r2_descriptionConfig-version.cmake
[1.995s] -- Symlinking: /home/tee/ros2_fyp/install/r2_description/share/r2_description/package.xml
[2.035s] Invoked command in '/home/tee/ros2_fyp/build/r2_description' returned '0': CMAKE_PREFIX_PATH=${CMAKE_PREFIX_PATH}:/home/tee/ros2_fyp/install/r2_wheel_odometry:/home/tee/ros2_fyp/install/r2_driver:/opt/ros/humble /usr/bin/cmake --install /home/tee/ros2_fyp/build/r2_description
