[0.059s] Invoking command in '/home/tee/ros2_fyp/build/r2_description': CMAKE_PREFIX_PATH=${CMAKE_PREFIX_PATH}:/home/tee/ros2_fyp/install/r2_driver:/opt/ros/humble /usr/bin/cmake /home/tee/ros2_fyp/src/r2_description -DCMAKE_INSTALL_PREFIX=/home/tee/ros2_fyp/install/r2_description
[0.977s] -- The C compiler identification is GNU 11.4.0
[1.711s] -- The CXX compiler identification is GNU 11.4.0
[1.760s] -- Detecting C compiler ABI info
[2.159s] -- Detecting C compiler ABI info - done
[2.185s] -- Check for working C compiler: /usr/bin/cc - skipped
[2.188s] -- Detecting C compile features
[2.191s] -- Detecting C compile features - done
[2.206s] -- Detecting CXX compiler ABI info
[2.600s] -- Detecting CXX compiler ABI info - done
[2.629s] -- Check for working CXX compiler: /usr/bin/c++ - skipped
[2.630s] -- Detecting CXX compile features
[2.632s] -- Detecting CXX compile features - done
[2.690s] -- Found ament_cmake: 1.3.12 (/opt/ros/humble/share/ament_cmake/cmake)
[3.539s] -- Found Python3: /usr/bin/python3 (found version "3.10.12") found components: Interpreter 
[4.395s] -- Found ament_lint_auto: 0.12.14 (/opt/ros/humble/share/ament_lint_auto/cmake)
[4.972s] -- Added test 'flake8' to check Python code syntax and style conventions
[4.977s] -- Added test 'lint_cmake' to check CMake code style
[4.981s] -- Added test 'pep257' to check Python code against some of the docstring style conventions in PEP 257
[4.994s] -- Added test 'xmllint' to check XML markup files
[5.004s] -- Configuring done
[5.025s] -- Generating done
[5.033s] -- Build files have been written to: /home/tee/ros2_fyp/build/r2_description
[5.048s] Invoked command in '/home/tee/ros2_fyp/build/r2_description' returned '0': CMAKE_PREFIX_PATH=${CMAKE_PREFIX_PATH}:/home/tee/ros2_fyp/install/r2_driver:/opt/ros/humble /usr/bin/cmake /home/tee/ros2_fyp/src/r2_description -DCMAKE_INSTALL_PREFIX=/home/tee/ros2_fyp/install/r2_description
[5.058s] Invoking command in '/home/tee/ros2_fyp/build/r2_description': CMAKE_PREFIX_PATH=${CMAKE_PREFIX_PATH}:/home/tee/ros2_fyp/install/r2_driver:/opt/ros/humble /usr/bin/cmake --build /home/tee/ros2_fyp/build/r2_description -- -j4 -l4
[5.222s] Invoked command in '/home/tee/ros2_fyp/build/r2_description' returned '0': CMAKE_PREFIX_PATH=${CMAKE_PREFIX_PATH}:/home/tee/ros2_fyp/install/r2_driver:/opt/ros/humble /usr/bin/cmake --build /home/tee/ros2_fyp/build/r2_description -- -j4 -l4
[5.277s] Invoking command in '/home/tee/ros2_fyp/build/r2_description': CMAKE_PREFIX_PATH=${CMAKE_PREFIX_PATH}:/home/tee/ros2_fyp/install/r2_driver:/opt/ros/humble /usr/bin/cmake --install /home/tee/ros2_fyp/build/r2_description
[5.306s] -- Install configuration: ""
[5.307s] -- Installing: /home/tee/ros2_fyp/install/r2_description/share/r2_description/launch
[5.308s] -- Installing: /home/tee/ros2_fyp/install/r2_description/share/r2_description/launch/description.launch.py
[5.309s] -- Installing: /home/tee/ros2_fyp/install/r2_description/share/r2_description/urdf
[5.310s] -- Installing: /home/tee/ros2_fyp/install/r2_description/share/r2_description/urdf/r2.urdf.xacro
[5.311s] -- Installing: /home/tee/ros2_fyp/install/r2_description/share/r2_description/rviz
[5.312s] -- Installing: /home/tee/ros2_fyp/install/r2_description/share/ament_index/resource_index/package_run_dependencies/r2_description
[5.314s] -- Installing: /home/tee/ros2_fyp/install/r2_description/share/ament_index/resource_index/parent_prefix_path/r2_description
[5.316s] -- Installing: /home/tee/ros2_fyp/install/r2_description/share/r2_description/environment/ament_prefix_path.sh
[5.318s] -- Installing: /home/tee/ros2_fyp/install/r2_description/share/r2_description/environment/ament_prefix_path.dsv
[5.319s] -- Installing: /home/tee/ros2_fyp/install/r2_description/share/r2_description/environment/path.sh
[5.320s] -- Installing: /home/tee/ros2_fyp/install/r2_description/share/r2_description/environment/path.dsv
[5.323s] -- Installing: /home/tee/ros2_fyp/install/r2_description/share/r2_description/local_setup.bash
[5.324s] -- Installing: /home/tee/ros2_fyp/install/r2_description/share/r2_description/local_setup.sh
[5.325s] -- Installing: /home/tee/ros2_fyp/install/r2_description/share/r2_description/local_setup.zsh
[5.326s] -- Installing: /home/tee/ros2_fyp/install/r2_description/share/r2_description/local_setup.dsv
[5.328s] -- Installing: /home/tee/ros2_fyp/install/r2_description/share/r2_description/package.dsv
[5.329s] -- Installing: /home/tee/ros2_fyp/install/r2_description/share/ament_index/resource_index/packages/r2_description
[5.331s] -- Installing: /home/tee/ros2_fyp/install/r2_description/share/r2_description/cmake/r2_descriptionConfig.cmake
[5.332s] -- Installing: /home/tee/ros2_fyp/install/r2_description/share/r2_description/cmake/r2_descriptionConfig-version.cmake
[5.334s] -- Installing: /home/tee/ros2_fyp/install/r2_description/share/r2_description/package.xml
[5.341s] Invoked command in '/home/tee/ros2_fyp/build/r2_description' returned '0': CMAKE_PREFIX_PATH=${CMAKE_PREFIX_PATH}:/home/tee/ros2_fyp/install/r2_driver:/opt/ros/humble /usr/bin/cmake --install /home/tee/ros2_fyp/build/r2_description
