-- Found ament_cmake: 1.3.12 (/opt/ros/humble/share/ament_cmake/cmake)
-- Override CMake install command with custom implementation using symlinks instead of copying resources
-- Found ament_lint_auto: 0.12.14 (/opt/ros/humble/share/ament_lint_auto/cmake)
-- Added test 'flake8' to check Python code syntax and style conventions
-- Added test 'lint_cmake' to check CMake code style
-- Added test 'pep257' to check Python code against some of the docstring style conventions in PEP 257
-- Added test 'xmllint' to check XML markup files
-- Configuring done
-- Generating done
-- Build files have been written to: /home/tee/ros2_fyp/build/ros2_fyp_description
-- Install configuration: ""
-- Execute custom install script
-- Symlinking: /home/tee/ros2_fyp/install/ros2_fyp_description/share/ros2_fyp_description}/urdf/ros2_fyp_robot.urdf.xacro
-- Symlinking: /home/tee/ros2_fyp/install/ros2_fyp_description/share/ros2_fyp_description}/launch/robot_state.launch.py
-- Up-to-date symlink: /home/tee/ros2_fyp/install/ros2_fyp_description/share/ament_index/resource_index/package_run_dependencies/ros2_fyp_description
-- Up-to-date symlink: /home/tee/ros2_fyp/install/ros2_fyp_description/share/ament_index/resource_index/parent_prefix_path/ros2_fyp_description
-- Up-to-date symlink: /home/tee/ros2_fyp/install/ros2_fyp_description/share/ros2_fyp_description/environment/ament_prefix_path.sh
-- Up-to-date symlink: /home/tee/ros2_fyp/install/ros2_fyp_description/share/ros2_fyp_description/environment/ament_prefix_path.dsv
-- Up-to-date symlink: /home/tee/ros2_fyp/install/ros2_fyp_description/share/ros2_fyp_description/environment/path.sh
-- Up-to-date symlink: /home/tee/ros2_fyp/install/ros2_fyp_description/share/ros2_fyp_description/environment/path.dsv
-- Up-to-date symlink: /home/tee/ros2_fyp/install/ros2_fyp_description/share/ros2_fyp_description/local_setup.bash
-- Up-to-date symlink: /home/tee/ros2_fyp/install/ros2_fyp_description/share/ros2_fyp_description/local_setup.sh
-- Up-to-date symlink: /home/tee/ros2_fyp/install/ros2_fyp_description/share/ros2_fyp_description/local_setup.zsh
-- Up-to-date symlink: /home/tee/ros2_fyp/install/ros2_fyp_description/share/ros2_fyp_description/local_setup.dsv
-- Symlinking: /home/tee/ros2_fyp/install/ros2_fyp_description/share/ros2_fyp_description/package.dsv
-- Up-to-date symlink: /home/tee/ros2_fyp/install/ros2_fyp_description/share/ament_index/resource_index/packages/ros2_fyp_description
-- Up-to-date symlink: /home/tee/ros2_fyp/install/ros2_fyp_description/share/ros2_fyp_description/cmake/ros2_fyp_descriptionConfig.cmake
-- Up-to-date symlink: /home/tee/ros2_fyp/install/ros2_fyp_description/share/ros2_fyp_description/cmake/ros2_fyp_descriptionConfig-version.cmake
-- Up-to-date symlink: /home/tee/ros2_fyp/install/ros2_fyp_description/share/ros2_fyp_description/package.xml
