[0.003s] Invoking command in '/home/tee/ros2_fyp/build/astra_camera': CMAKE_PREFIX_PATH=/home/tee/ros2_fyp/install/astra_camera_msgs:/home/tee/ros2_fyp/install/sllidar_ros2:/home/tee/ros2_fyp/install/astra_camera:/home/tee/ros2_fyp/install/r2_driver:/opt/ros/humble LD_LIBRARY_PATH=/home/tee/ros2_fyp/install/astra_camera_msgs/lib:/home/tee/ros2_fyp/install/astra_camera/lib:/opt/ros/humble/opt/rviz_ogre_vendor/lib:/opt/ros/humble/lib/aarch64-linux-gnu:/opt/ros/humble/lib /usr/bin/cmake /home/tee/ros2_fyp/src/ros2_astra_camera/astra_camera -DAMENT_CMAKE_SYMLINK_INSTALL=1 -DCMAKE_INSTALL_PREFIX=/home/tee/ros2_fyp/install/astra_camera
[0.853s] -- The C compiler identification is GNU 11.4.0
[1.140s] -- The CXX compiler identification is GNU 11.4.0
[1.195s] -- Detecting C compiler ABI info
[1.580s] -- Detecting C compiler ABI info - done
[1.609s] -- Check for working C compiler: /usr/bin/cc - skipped
[1.611s] -- Detecting C compile features
[1.614s] -- Detecting C compile features - done
[1.629s] -- Detecting CXX compiler ABI info
[2.017s] -- Detecting CXX compiler ABI info - done
[2.048s] -- Check for working CXX compiler: /usr/bin/c++ - skipped
[2.048s] -- Detecting CXX compile features
[2.050s] -- Detecting CXX compile features - done
[2.135s] -- Found ament_cmake: 1.3.12 (/opt/ros/humble/share/ament_cmake/cmake)
[3.122s] -- Found Python3: /usr/bin/python3 (found version "3.10.12") found components: Interpreter 
[3.528s] -- Override CMake install command with custom implementation using symlinks instead of copying resources
[4.044s] -- Found ament_index_cpp: 1.4.0 (/opt/ros/humble/share/ament_index_cpp/cmake)
[4.054s] -- Found astra_camera_msgs: 1.0.1 (/home/tee/ros2_fyp/install/astra_camera_msgs/share/astra_camera_msgs/cmake)
[4.579s] -- Found rosidl_generator_c: 3.1.7 (/opt/ros/humble/share/rosidl_generator_c/cmake)
[4.659s] -- Found rosidl_adapter: 3.1.7 (/opt/ros/humble/share/rosidl_adapter/cmake)
[4.758s] -- Found rosidl_generator_cpp: 3.1.7 (/opt/ros/humble/share/rosidl_generator_cpp/cmake)
[4.890s] -- Using all available rosidl_typesupport_c: rosidl_typesupport_fastrtps_c;rosidl_typesupport_introspection_c
[5.054s] -- Using all available rosidl_typesupport_cpp: rosidl_typesupport_fastrtps_cpp;rosidl_typesupport_introspection_cpp
[5.612s] -- Found camera_info_manager: 3.1.12 (/opt/ros/humble/share/camera_info_manager/cmake)
[6.121s] -- Found rmw_implementation_cmake: 6.1.2 (/opt/ros/humble/share/rmw_implementation_cmake/cmake)
[6.163s] -- Found rmw_cyclonedds_cpp: 1.3.4 (/opt/ros/humble/share/rmw_cyclonedds_cpp/cmake)
[6.371s] -- Using RMW implementation 'rmw_cyclonedds_cpp' as default
[6.510s] -- Looking for pthread.h
[6.870s] -- Looking for pthread.h - found
[6.872s] -- Performing Test CMAKE_HAVE_LIBC_PTHREAD
[7.251s] -- Performing Test CMAKE_HAVE_LIBC_PTHREAD - Success
[7.257s] -- Found Threads: TRUE  
[7.685s] -- Found class_loader: 2.2.0 (/opt/ros/humble/share/class_loader/cmake)
[7.874s] -- Found cv_bridge: 3.2.1 (/opt/ros/humble/share/cv_bridge/cmake)
[8.245s] -- Found image_geometry: 3.2.1 (/opt/ros/humble/share/image_geometry/cmake)
[8.290s] -- Found image_publisher: 3.0.8 (/opt/ros/humble/share/image_publisher/cmake)
[9.531s] -- Found JPEG: /usr/lib/aarch64-linux-gnu/libjpeg.so (found version "80") 
[9.531s] -- Found JPEG library using standard module
[9.534s] [33mCMake Warning (dev) at /usr/share/cmake-3.22/Modules/FindPackageHandleStandardArgs.cmake:438 (message):
[9.535s]   The package name passed to `find_package_handle_standard_args` (JPEG) does
[9.535s]   not match the name of the calling package (JpegPkg).  This can lead to
[9.535s]   problems in calling code that expects `find_package` result variables
[9.536s]   (e.g., `_FOUND`) to follow a certain pattern.
[9.536s] Call Stack (most recent call first):
[9.536s]   /usr/local/lib/cmake/libuvc/FindJpegPkg.cmake:58 (find_package_handle_standard_args)
[9.537s]   /usr/local/lib/cmake/libuvc/libuvcConfig.cmake:13 (find_package)
[9.537s]   CMakeLists.txt:27 (find_package)
[9.537s] This warning is for project developers.  Use -Wno-dev to suppress it.
[9.537s] [0m
[9.538s] -- Found JPEG: /usr/lib/aarch64-linux-gnu/libjpeg.so  
[9.565s] -- Found PkgConfig: /usr/bin/pkg-config (found version "0.29.2") 
[9.568s] -- Checking for module 'libusb-1.0'
[9.663s] --   Found libusb-1.0, version 1.0.25
[9.834s] -- libusb-1.0 found using pkgconfig
[9.866s] -- Found OpenCV: /usr (found version "4.5.4") 
[9.904s] -- Found std_srvs: 4.9.0 (/opt/ros/humble/share/std_srvs/cmake)
[10.020s] -- Found tf2: 0.25.17 (/opt/ros/humble/share/tf2/cmake)
[10.070s] -- Found tf2_eigen: 0.25.17 (/opt/ros/humble/share/tf2_eigen/cmake)
[10.598s] -- Found tf2_sensor_msgs: 0.25.17 (/opt/ros/humble/share/tf2_sensor_msgs/cmake)
[10.693s] -- ORRBEC Machine : aarch64
[10.693s] 
[10.694s] -- ORRBEC Machine Bits : 64
[10.694s] 
[10.695s] -- ORRBEC : arm64
[10.834s] -- Found ament_lint_auto: 0.12.14 (/opt/ros/humble/share/ament_lint_auto/cmake)
[11.304s] -- Configuring done
[11.727s] -- Generating done
[11.767s] -- Build files have been written to: /home/tee/ros2_fyp/build/astra_camera
[11.813s] Invoked command in '/home/tee/ros2_fyp/build/astra_camera' returned '0': CMAKE_PREFIX_PATH=/home/tee/ros2_fyp/install/astra_camera_msgs:/home/tee/ros2_fyp/install/sllidar_ros2:/home/tee/ros2_fyp/install/astra_camera:/home/tee/ros2_fyp/install/r2_driver:/opt/ros/humble LD_LIBRARY_PATH=/home/tee/ros2_fyp/install/astra_camera_msgs/lib:/home/tee/ros2_fyp/install/astra_camera/lib:/opt/ros/humble/opt/rviz_ogre_vendor/lib:/opt/ros/humble/lib/aarch64-linux-gnu:/opt/ros/humble/lib /usr/bin/cmake /home/tee/ros2_fyp/src/ros2_astra_camera/astra_camera -DAMENT_CMAKE_SYMLINK_INSTALL=1 -DCMAKE_INSTALL_PREFIX=/home/tee/ros2_fyp/install/astra_camera
[11.822s] Invoking command in '/home/tee/ros2_fyp/build/astra_camera': CMAKE_PREFIX_PATH=/home/tee/ros2_fyp/install/astra_camera_msgs:/home/tee/ros2_fyp/install/sllidar_ros2:/home/tee/ros2_fyp/install/astra_camera:/home/tee/ros2_fyp/install/r2_driver:/opt/ros/humble LD_LIBRARY_PATH=/home/tee/ros2_fyp/install/astra_camera_msgs/lib:/home/tee/ros2_fyp/install/astra_camera/lib:/opt/ros/humble/opt/rviz_ogre_vendor/lib:/opt/ros/humble/lib/aarch64-linux-gnu:/opt/ros/humble/lib /usr/bin/cmake --build /home/tee/ros2_fyp/build/astra_camera -- -j4 -l4
[12.064s] [  6%] [32mBuilding CXX object CMakeFiles/astra_camera.dir/src/point_cloud_proc/point_cloud_xyz.cpp.o[0m
[12.068s] [ 12%] [32mBuilding CXX object CMakeFiles/astra_camera.dir/src/point_cloud_proc/point_cloud_xyzrgb.cpp.o[0m
[12.073s] [ 18%] [32mBuilding CXX object CMakeFiles/astra_camera.dir/src/device_listener.cpp.o[0m
[12.077s] [ 25%] [32mBuilding CXX object CMakeFiles/astra_camera.dir/src/dynamic_params.cpp.o[0m
[36.369s] [ 31%] [32mBuilding CXX object CMakeFiles/astra_camera.dir/src/ob_camera_info.cpp.o[0m
[39.579s] [ 37%] [32mBuilding CXX object CMakeFiles/astra_camera.dir/src/ob_frame_listener.cpp.o[0m
[55.463s] [ 43%] [32mBuilding CXX object CMakeFiles/astra_camera.dir/src/ob_timer_filter.cpp.o[0m
[113.461s] [ 50%] [32mBuilding CXX object CMakeFiles/astra_camera.dir/src/ros_param_backend.cpp.o[0m
[113.560s] [ 56%] [32mBuilding CXX object CMakeFiles/astra_camera.dir/src/ob_camera_node.cpp.o[0m
[114.616s] [ 62%] [32mBuilding CXX object CMakeFiles/astra_camera.dir/src/ob_camera_node_factory.cpp.o[0m
[122.473s] [ 68%] [32mBuilding CXX object CMakeFiles/astra_camera.dir/src/ros_service.cpp.o[0m
[152.480s] [ 75%] [32mBuilding CXX object CMakeFiles/astra_camera.dir/src/utils.cpp.o[0m
[213.861s] [ 81%] [32mBuilding CXX object CMakeFiles/astra_camera.dir/src/uvc_camera_driver.cpp.o[0m
[260.313s] [ 87%] [32m[1mLinking CXX shared library libastra_camera.so[0m
[272.908s] [ 87%] Built target astra_camera
[273.050s] [ 93%] [32mBuilding CXX object CMakeFiles/list_devices_node.dir/src/list_devices_node.cpp.o[0m
[288.406s] [100%] [32m[1mLinking CXX executable list_devices_node[0m
[296.287s] [100%] Built target list_devices_node
[296.527s] Invoked command in '/home/tee/ros2_fyp/build/astra_camera' returned '0': CMAKE_PREFIX_PATH=/home/tee/ros2_fyp/install/astra_camera_msgs:/home/tee/ros2_fyp/install/sllidar_ros2:/home/tee/ros2_fyp/install/astra_camera:/home/tee/ros2_fyp/install/r2_driver:/opt/ros/humble LD_LIBRARY_PATH=/home/tee/ros2_fyp/install/astra_camera_msgs/lib:/home/tee/ros2_fyp/install/astra_camera/lib:/opt/ros/humble/opt/rviz_ogre_vendor/lib:/opt/ros/humble/lib/aarch64-linux-gnu:/opt/ros/humble/lib /usr/bin/cmake --build /home/tee/ros2_fyp/build/astra_camera -- -j4 -l4
[296.646s] Invoking command in '/home/tee/ros2_fyp/build/astra_camera': CMAKE_PREFIX_PATH=/home/tee/ros2_fyp/install/astra_camera_msgs:/home/tee/ros2_fyp/install/sllidar_ros2:/home/tee/ros2_fyp/install/astra_camera:/home/tee/ros2_fyp/install/r2_driver:/opt/ros/humble LD_LIBRARY_PATH=/home/tee/ros2_fyp/install/astra_camera_msgs/lib:/home/tee/ros2_fyp/install/astra_camera/lib:/opt/ros/humble/opt/rviz_ogre_vendor/lib:/opt/ros/humble/lib/aarch64-linux-gnu:/opt/ros/humble/lib /usr/bin/cmake --install /home/tee/ros2_fyp/build/astra_camera
[296.702s] -- Install configuration: "Debug"
[296.709s] -- Execute custom install script
[296.714s] -- Symlinking: /home/tee/ros2_fyp/install/astra_camera/lib/libastra_camera.so
[296.755s] -- Symlinking: /home/tee/ros2_fyp/install/astra_camera/lib//libOpenNI2.so
[296.796s] -- Symlinking: /home/tee/ros2_fyp/install/astra_camera/lib//OpenNI2/Drivers/OniFile.ini
[296.833s] -- Symlinking: /home/tee/ros2_fyp/install/astra_camera/lib//OpenNI2/Drivers/libOniFile.so
[296.867s] -- Symlinking: /home/tee/ros2_fyp/install/astra_camera/lib//OpenNI2/Drivers/liborbbec.so
[296.903s] -- Symlinking: /home/tee/ros2_fyp/install/astra_camera/lib//OpenNI2/Drivers/orbbec.ini
[296.940s] -- Symlinking: /home/tee/ros2_fyp/install/astra_camera/lib/astra_camera//list_devices_node
[296.998s] -- Symlinking: /home/tee/ros2_fyp/install/astra_camera/include/astra_camera/constants.h
[297.037s] -- Symlinking: /home/tee/ros2_fyp/install/astra_camera/include/astra_camera/device_listener.h
[297.071s] -- Symlinking: /home/tee/ros2_fyp/install/astra_camera/include/astra_camera/dynamic_params.h
[297.106s] -- Symlinking: /home/tee/ros2_fyp/install/astra_camera/include/astra_camera/ob_camera_node.h
[297.141s] -- Symlinking: /home/tee/ros2_fyp/install/astra_camera/include/astra_camera/ob_camera_node_factory.h
[297.178s] -- Symlinking: /home/tee/ros2_fyp/install/astra_camera/include/astra_camera/ob_frame_listener.h
[297.215s] -- Symlinking: /home/tee/ros2_fyp/install/astra_camera/include/astra_camera/ob_timer_filter.h
[297.250s] -- Symlinking: /home/tee/ros2_fyp/install/astra_camera/include/astra_camera/point_cloud_proc/depth_traits.h
[297.285s] -- Symlinking: /home/tee/ros2_fyp/install/astra_camera/include/astra_camera/point_cloud_proc/point_cloud_xyz.h
[297.320s] -- Symlinking: /home/tee/ros2_fyp/install/astra_camera/include/astra_camera/point_cloud_proc/point_cloud_xyzrgb.h
[297.355s] -- Symlinking: /home/tee/ros2_fyp/install/astra_camera/include/astra_camera/ros_param_backend.h
[297.391s] -- Symlinking: /home/tee/ros2_fyp/install/astra_camera/include/astra_camera/types.h
[297.425s] -- Symlinking: /home/tee/ros2_fyp/install/astra_camera/include/astra_camera/utils.h
[297.460s] -- Symlinking: /home/tee/ros2_fyp/install/astra_camera/include/astra_camera/uvc_camera_driver.h
[297.495s] -- Symlinking: /home/tee/ros2_fyp/install/astra_camera/include/openni2/Android-Arm/OniPlatformAndroid-Arm.h
[297.533s] -- Symlinking: /home/tee/ros2_fyp/install/astra_camera/include/openni2/Driver/OniDriverAPI.h
[297.569s] -- Symlinking: /home/tee/ros2_fyp/install/astra_camera/include/openni2/Driver/OniDriverTypes.h
[297.603s] -- Symlinking: /home/tee/ros2_fyp/install/astra_camera/include/openni2/KinectProperties.h
[297.640s] -- Symlinking: /home/tee/ros2_fyp/install/astra_camera/include/openni2/Linux-Arm/OniPlatformLinux-Arm.h
[297.675s] -- Symlinking: /home/tee/ros2_fyp/install/astra_camera/include/openni2/Linux-x86/OniPlatformLinux-x86.h
[297.712s] -- Symlinking: /home/tee/ros2_fyp/install/astra_camera/include/openni2/MacOSX/OniPlatformMacOSX.h
[297.747s] -- Symlinking: /home/tee/ros2_fyp/install/astra_camera/include/openni2/OniCAPI.h
[297.781s] -- Symlinking: /home/tee/ros2_fyp/install/astra_camera/include/openni2/OniCEnums.h
[297.815s] -- Symlinking: /home/tee/ros2_fyp/install/astra_camera/include/openni2/OniCProperties.h
[297.850s] -- Symlinking: /home/tee/ros2_fyp/install/astra_camera/include/openni2/OniCTypes.h
[297.886s] -- Symlinking: /home/tee/ros2_fyp/install/astra_camera/include/openni2/OniEnums.h
[297.921s] -- Symlinking: /home/tee/ros2_fyp/install/astra_camera/include/openni2/OniPlatform.h
[297.955s] -- Symlinking: /home/tee/ros2_fyp/install/astra_camera/include/openni2/OniProperties.h
[297.990s] -- Symlinking: /home/tee/ros2_fyp/install/astra_camera/include/openni2/OniTest.h
[298.025s] -- Symlinking: /home/tee/ros2_fyp/install/astra_camera/include/openni2/OniVersion.h
[298.058s] -- Symlinking: /home/tee/ros2_fyp/install/astra_camera/include/openni2/OpenNI.h
[298.094s] -- Symlinking: /home/tee/ros2_fyp/install/astra_camera/include/openni2/PS1080.h
[298.131s] -- Symlinking: /home/tee/ros2_fyp/install/astra_camera/include/openni2/PSLink.h
[298.165s] -- Symlinking: /home/tee/ros2_fyp/install/astra_camera/include/openni2/PrimeSense.h
[298.202s] -- Symlinking: /home/tee/ros2_fyp/install/astra_camera/include/openni2/SonixCamera.h
[298.237s] -- Symlinking: /home/tee/ros2_fyp/install/astra_camera/include/openni2/Win32/OniPlatformWin32.h
[298.272s] -- Symlinking: /home/tee/ros2_fyp/install/astra_camera/include/openni2/openni2_redist/arm/NiViewer
[298.308s] -- Symlinking: /home/tee/ros2_fyp/install/astra_camera/include/openni2/openni2_redist/arm/OpenNI.ini
[298.344s] -- Symlinking: /home/tee/ros2_fyp/install/astra_camera/include/openni2/openni2_redist/arm/OpenNI2/Drivers/OniFile.ini
[298.380s] -- Symlinking: /home/tee/ros2_fyp/install/astra_camera/include/openni2/openni2_redist/arm/OpenNI2/Drivers/libOniFile.so
[298.415s] -- Symlinking: /home/tee/ros2_fyp/install/astra_camera/include/openni2/openni2_redist/arm/OpenNI2/Drivers/liborbbec.so
[298.452s] -- Symlinking: /home/tee/ros2_fyp/install/astra_camera/include/openni2/openni2_redist/arm/OpenNI2/Drivers/orbbec.ini
[298.486s] -- Symlinking: /home/tee/ros2_fyp/install/astra_camera/include/openni2/openni2_redist/arm/PS1080Console
[298.520s] -- Symlinking: /home/tee/ros2_fyp/install/astra_camera/include/openni2/openni2_redist/arm/SimpleRead
[298.555s] -- Symlinking: /home/tee/ros2_fyp/install/astra_camera/include/openni2/openni2_redist/arm/libDepthUtils.a
[298.590s] -- Symlinking: /home/tee/ros2_fyp/install/astra_camera/include/openni2/openni2_redist/arm/libOpenNI2.so
[298.625s] -- Symlinking: /home/tee/ros2_fyp/install/astra_camera/include/openni2/openni2_redist/arm64/NiViewer
[298.662s] -- Symlinking: /home/tee/ros2_fyp/install/astra_camera/include/openni2/openni2_redist/arm64/OpenNI.ini
[298.696s] -- Symlinking: /home/tee/ros2_fyp/install/astra_camera/include/openni2/openni2_redist/arm64/OpenNI2/Drivers/OniFile.ini
[298.730s] -- Symlinking: /home/tee/ros2_fyp/install/astra_camera/include/openni2/openni2_redist/arm64/OpenNI2/Drivers/libOniFile.so
[298.764s] -- Symlinking: /home/tee/ros2_fyp/install/astra_camera/include/openni2/openni2_redist/arm64/OpenNI2/Drivers/liborbbec.so
[298.800s] -- Symlinking: /home/tee/ros2_fyp/install/astra_camera/include/openni2/openni2_redist/arm64/OpenNI2/Drivers/orbbec.ini
[298.835s] -- Symlinking: /home/tee/ros2_fyp/install/astra_camera/include/openni2/openni2_redist/arm64/PS1080Console
[298.869s] -- Symlinking: /home/tee/ros2_fyp/install/astra_camera/include/openni2/openni2_redist/arm64/SimpleRead
[298.904s] -- Symlinking: /home/tee/ros2_fyp/install/astra_camera/include/openni2/openni2_redist/arm64/libDepthUtils.a
[298.937s] -- Symlinking: /home/tee/ros2_fyp/install/astra_camera/include/openni2/openni2_redist/arm64/libOpenNI2.so
[298.973s] -- Symlinking: /home/tee/ros2_fyp/install/astra_camera/include/openni2/openni2_redist/x64/OpenNI.ini
[299.010s] -- Symlinking: /home/tee/ros2_fyp/install/astra_camera/include/openni2/openni2_redist/x64/OpenNI2/Drivers/OniFile.ini
[299.044s] -- Symlinking: /home/tee/ros2_fyp/install/astra_camera/include/openni2/openni2_redist/x64/OpenNI2/Drivers/libOniFile.so
[299.079s] -- Symlinking: /home/tee/ros2_fyp/install/astra_camera/include/openni2/openni2_redist/x64/OpenNI2/Drivers/liborbbec.so
[299.115s] -- Symlinking: /home/tee/ros2_fyp/install/astra_camera/include/openni2/openni2_redist/x64/OpenNI2/Drivers/orbbec.ini
[299.149s] -- Symlinking: /home/tee/ros2_fyp/install/astra_camera/include/openni2/openni2_redist/x64/libOpenNI2.so
[299.184s] -- Symlinking: /home/tee/ros2_fyp/install/astra_camera/include/openni2/util.h
[299.222s] -- Symlinking: /home/tee/ros2_fyp/install/astra_camera/share/astra_camera//launch/.gitkeep
[299.259s] -- Symlinking: /home/tee/ros2_fyp/install/astra_camera/share/astra_camera//launch/astra_mini.launch.py
[299.294s] -- Symlinking: /home/tee/ros2_fyp/install/astra_camera/share/astra_camera//launch/dabai.launch.py
[299.329s] -- Symlinking: /home/tee/ros2_fyp/install/astra_camera/share/astra_camera//launch/dabai_dcw.launch.py
[299.363s] -- Symlinking: /home/tee/ros2_fyp/install/astra_camera/share/astra_camera//launch/dabai_dw.launch.py
[299.398s] -- Symlinking: /home/tee/ros2_fyp/install/astra_camera/share/astra_camera//launch/dabai_pro.launch.py
[299.433s] -- Symlinking: /home/tee/ros2_fyp/install/astra_camera/share/astra_camera//launch/multi_astra_mini.launch.py
[299.467s] -- Symlinking: /home/tee/ros2_fyp/install/astra_camera/share/astra_camera//launch/multi_dabai.launch.py
[299.503s] -- Symlinking: /home/tee/ros2_fyp/install/astra_camera/share/astra_camera//launch/multi_dabai_dcw.launch.py
[299.537s] -- Symlinking: /home/tee/ros2_fyp/install/astra_camera/share/astra_camera//launch/multi_dabai_dw.launch.py
[299.572s] -- Symlinking: /home/tee/ros2_fyp/install/astra_camera/share/astra_camera//launch/multi_dabai_pro.launch.py
[299.608s] -- Symlinking: /home/tee/ros2_fyp/install/astra_camera/share/astra_camera//config/.gitkeep
[299.647s] -- Symlinking: /home/tee/ros2_fyp/install/astra_camera/share/astra_camera//params/.gitkeep
[299.683s] -- Symlinking: /home/tee/ros2_fyp/install/astra_camera/share/astra_camera//params/astra_mini_params.yaml
[299.719s] -- Symlinking: /home/tee/ros2_fyp/install/astra_camera/share/astra_camera//params/camera_params_template.yaml
[299.754s] -- Symlinking: /home/tee/ros2_fyp/install/astra_camera/share/astra_camera//params/dabai_dcw_params.yaml
[299.788s] -- Symlinking: /home/tee/ros2_fyp/install/astra_camera/share/astra_camera//params/dabai_dw_params.yaml
[299.825s] -- Symlinking: /home/tee/ros2_fyp/install/astra_camera/share/astra_camera//params/dabai_params.yaml
[299.859s] -- Symlinking: /home/tee/ros2_fyp/install/astra_camera/share/astra_camera//params/dabai_pro_params.yaml
[299.896s] -- Symlinking: /home/tee/ros2_fyp/install/astra_camera/share/astra_camera//rviz/.gitkeep
[299.931s] -- Symlinking: /home/tee/ros2_fyp/install/astra_camera/share/astra_camera//rviz/multi_camera.rviz
[299.965s] -- Symlinking: /home/tee/ros2_fyp/install/astra_camera/share/astra_camera//rviz/pointcloud.rviz
[300.005s] -- Symlinking: /home/tee/ros2_fyp/install/astra_camera/share/astra_camera/environment/library_path.sh
[300.043s] -- Symlinking: /home/tee/ros2_fyp/install/astra_camera/share/astra_camera/environment/library_path.dsv
[300.082s] -- Symlinking: /home/tee/ros2_fyp/install/astra_camera/share/ament_index/resource_index/package_run_dependencies/astra_camera
[300.120s] -- Symlinking: /home/tee/ros2_fyp/install/astra_camera/share/ament_index/resource_index/parent_prefix_path/astra_camera
[300.159s] -- Symlinking: /home/tee/ros2_fyp/install/astra_camera/share/astra_camera/environment/ament_prefix_path.sh
[300.196s] -- Symlinking: /home/tee/ros2_fyp/install/astra_camera/share/astra_camera/environment/ament_prefix_path.dsv
[300.231s] -- Symlinking: /home/tee/ros2_fyp/install/astra_camera/share/astra_camera/environment/path.sh
[300.266s] -- Symlinking: /home/tee/ros2_fyp/install/astra_camera/share/astra_camera/environment/path.dsv
[300.301s] -- Symlinking: /home/tee/ros2_fyp/install/astra_camera/share/astra_camera/local_setup.bash
[300.337s] -- Symlinking: /home/tee/ros2_fyp/install/astra_camera/share/astra_camera/local_setup.sh
[300.371s] -- Symlinking: /home/tee/ros2_fyp/install/astra_camera/share/astra_camera/local_setup.zsh
[300.406s] -- Symlinking: /home/tee/ros2_fyp/install/astra_camera/share/astra_camera/local_setup.dsv
[300.440s] -- Symlinking: /home/tee/ros2_fyp/install/astra_camera/share/astra_camera/package.dsv
[300.477s] -- Symlinking: /home/tee/ros2_fyp/install/astra_camera/share/ament_index/resource_index/packages/astra_camera
[300.515s] -- Symlinking: /home/tee/ros2_fyp/install/astra_camera/share/ament_index/resource_index/rclcpp_components/astra_camera
[300.552s] -- Symlinking: /home/tee/ros2_fyp/install/astra_camera/share/astra_camera/cmake/ament_cmake_export_include_directories-extras.cmake
[300.588s] -- Symlinking: /home/tee/ros2_fyp/install/astra_camera/share/astra_camera/cmake/ament_cmake_export_libraries-extras.cmake
[300.624s] -- Symlinking: /home/tee/ros2_fyp/install/astra_camera/share/astra_camera/cmake/ament_cmake_export_dependencies-extras.cmake
[300.660s] -- Symlinking: /home/tee/ros2_fyp/install/astra_camera/share/astra_camera/cmake/astra_cameraConfig.cmake
[300.696s] -- Symlinking: /home/tee/ros2_fyp/install/astra_camera/share/astra_camera/cmake/astra_cameraConfig-version.cmake
[300.732s] -- Symlinking: /home/tee/ros2_fyp/install/astra_camera/share/astra_camera/package.xml
[300.785s] Invoked command in '/home/tee/ros2_fyp/build/astra_camera' returned '0': CMAKE_PREFIX_PATH=/home/tee/ros2_fyp/install/astra_camera_msgs:/home/tee/ros2_fyp/install/sllidar_ros2:/home/tee/ros2_fyp/install/astra_camera:/home/tee/ros2_fyp/install/r2_driver:/opt/ros/humble LD_LIBRARY_PATH=/home/tee/ros2_fyp/install/astra_camera_msgs/lib:/home/tee/ros2_fyp/install/astra_camera/lib:/opt/ros/humble/opt/rviz_ogre_vendor/lib:/opt/ros/humble/lib/aarch64-linux-gnu:/opt/ros/humble/lib /usr/bin/cmake --install /home/tee/ros2_fyp/build/astra_camera
