[0.484s] DEBUG:colcon:Command line arguments: ['/usr/bin/colcon', 'build', '--symlink-install', '--packages-select', 'r2_wheel_odometry']
[0.484s] DEBUG:colcon:Parsed command line arguments: Namespace(log_base=None, log_level=None, verb_name='build', build_base='build', install_base='install', merge_install=False, symlink_install=True, test_result_base=None, continue_on_error=False, executor='parallel', parallel_workers=4, event_handlers=None, ignore_user_meta=False, metas=['./colcon.meta'], base_paths=['.'], packages_ignore=None, packages_ignore_regex=None, paths=None, packages_up_to=None, packages_up_to_regex=None, packages_above=None, packages_above_and_dependencies=None, packages_above_depth=None, packages_select_by_dep=None, packages_skip_by_dep=None, packages_skip_up_to=None, packages_select_build_failed=False, packages_skip_build_finished=False, packages_select_test_failures=False, packages_skip_test_passed=False, packages_select=['r2_wheel_odometry'], packages_skip=None, packages_select_regex=None, packages_skip_regex=None, packages_start=None, packages_end=None, allow_overriding=[], cmake_args=None, cmake_target=None, cmake_target_skip_unavailable=False, cmake_clean_cache=False, cmake_clean_first=False, cmake_force_configure=False, ament_cmake_args=None, catkin_cmake_args=None, catkin_skip_building_tests=False, mixin_files=None, mixin=None, verb_parser=<colcon_mixin.mixin.mixin_argument.MixinArgumentDecorator object at 0xffffaa2ff580>, verb_extension=<colcon_core.verb.build.BuildVerb object at 0xffffaa4e0f10>, main=<bound method BuildVerb.main of <colcon_core.verb.build.BuildVerb object at 0xffffaa4e0f10>>, mixin_verb=('build',))
[1.399s] Level 1:colcon.colcon_core.package_discovery:discover_packages(colcon_meta) check parameters
[1.399s] Level 1:colcon.colcon_core.package_discovery:discover_packages(recursive) check parameters
[1.400s] Level 1:colcon.colcon_core.package_discovery:discover_packages(ignore) check parameters
[1.400s] Level 1:colcon.colcon_core.package_discovery:discover_packages(path) check parameters
[1.400s] Level 1:colcon.colcon_core.package_discovery:discover_packages(colcon_meta) discover
[1.400s] Level 1:colcon.colcon_core.package_discovery:discover_packages(recursive) discover
[1.400s] INFO:colcon.colcon_core.package_discovery:Crawling recursively for packages in '/home/tee/ros2_fyp'
[1.401s] Level 1:colcon.colcon_core.package_identification:_identify(.) by extensions ['ignore', 'ignore_ament_install']
[1.402s] Level 1:colcon.colcon_core.package_identification:_identify(.) by extension 'ignore'
[1.402s] Level 1:colcon.colcon_core.package_identification:_identify(.) by extension 'ignore_ament_install'
[1.403s] Level 1:colcon.colcon_core.package_identification:_identify(.) by extensions ['colcon_pkg']
[1.403s] Level 1:colcon.colcon_core.package_identification:_identify(.) by extension 'colcon_pkg'
[1.403s] Level 1:colcon.colcon_core.package_identification:_identify(.) by extensions ['colcon_meta']
[1.403s] Level 1:colcon.colcon_core.package_identification:_identify(.) by extension 'colcon_meta'
[1.403s] Level 1:colcon.colcon_core.package_identification:_identify(.) by extensions ['ros']
[1.403s] Level 1:colcon.colcon_core.package_identification:_identify(.) by extension 'ros'
[1.452s] Level 1:colcon.colcon_core.package_identification:_identify(.) by extensions ['cmake', 'python']
[1.453s] Level 1:colcon.colcon_core.package_identification:_identify(.) by extension 'cmake'
[1.453s] Level 1:colcon.colcon_core.package_identification:_identify(.) by extension 'python'
[1.453s] Level 1:colcon.colcon_core.package_identification:_identify(.) by extensions ['python_setup_py']
[1.453s] Level 1:colcon.colcon_core.package_identification:_identify(.) by extension 'python_setup_py'
[1.454s] Level 1:colcon.colcon_core.package_identification:_identify(build) by extensions ['ignore', 'ignore_ament_install']
[1.454s] Level 1:colcon.colcon_core.package_identification:_identify(build) by extension 'ignore'
[1.455s] Level 1:colcon.colcon_core.package_identification:_identify(build) ignored
[1.455s] Level 1:colcon.colcon_core.package_identification:_identify(config) by extensions ['ignore', 'ignore_ament_install']
[1.455s] Level 1:colcon.colcon_core.package_identification:_identify(config) by extension 'ignore'
[1.456s] Level 1:colcon.colcon_core.package_identification:_identify(config) by extension 'ignore_ament_install'
[1.456s] Level 1:colcon.colcon_core.package_identification:_identify(config) by extensions ['colcon_pkg']
[1.456s] Level 1:colcon.colcon_core.package_identification:_identify(config) by extension 'colcon_pkg'
[1.456s] Level 1:colcon.colcon_core.package_identification:_identify(config) by extensions ['colcon_meta']
[1.457s] Level 1:colcon.colcon_core.package_identification:_identify(config) by extension 'colcon_meta'
[1.457s] Level 1:colcon.colcon_core.package_identification:_identify(config) by extensions ['ros']
[1.457s] Level 1:colcon.colcon_core.package_identification:_identify(config) by extension 'ros'
[1.457s] Level 1:colcon.colcon_core.package_identification:_identify(config) by extensions ['cmake', 'python']
[1.458s] Level 1:colcon.colcon_core.package_identification:_identify(config) by extension 'cmake'
[1.458s] Level 1:colcon.colcon_core.package_identification:_identify(config) by extension 'python'
[1.458s] Level 1:colcon.colcon_core.package_identification:_identify(config) by extensions ['python_setup_py']
[1.458s] Level 1:colcon.colcon_core.package_identification:_identify(config) by extension 'python_setup_py'
[1.459s] Level 1:colcon.colcon_core.package_identification:_identify(install) by extensions ['ignore', 'ignore_ament_install']
[1.459s] Level 1:colcon.colcon_core.package_identification:_identify(install) by extension 'ignore'
[1.459s] Level 1:colcon.colcon_core.package_identification:_identify(install) ignored
[1.460s] Level 1:colcon.colcon_core.package_identification:_identify(log) by extensions ['ignore', 'ignore_ament_install']
[1.460s] Level 1:colcon.colcon_core.package_identification:_identify(log) by extension 'ignore'
[1.460s] Level 1:colcon.colcon_core.package_identification:_identify(log) ignored
[1.461s] Level 1:colcon.colcon_core.package_identification:_identify(src) by extensions ['ignore', 'ignore_ament_install']
[1.461s] Level 1:colcon.colcon_core.package_identification:_identify(src) by extension 'ignore'
[1.461s] Level 1:colcon.colcon_core.package_identification:_identify(src) by extension 'ignore_ament_install'
[1.462s] Level 1:colcon.colcon_core.package_identification:_identify(src) by extensions ['colcon_pkg']
[1.462s] Level 1:colcon.colcon_core.package_identification:_identify(src) by extension 'colcon_pkg'
[1.462s] Level 1:colcon.colcon_core.package_identification:_identify(src) by extensions ['colcon_meta']
[1.462s] Level 1:colcon.colcon_core.package_identification:_identify(src) by extension 'colcon_meta'
[1.462s] Level 1:colcon.colcon_core.package_identification:_identify(src) by extensions ['ros']
[1.462s] Level 1:colcon.colcon_core.package_identification:_identify(src) by extension 'ros'
[1.463s] Level 1:colcon.colcon_core.package_identification:_identify(src) by extensions ['cmake', 'python']
[1.463s] Level 1:colcon.colcon_core.package_identification:_identify(src) by extension 'cmake'
[1.463s] Level 1:colcon.colcon_core.package_identification:_identify(src) by extension 'python'
[1.463s] Level 1:colcon.colcon_core.package_identification:_identify(src) by extensions ['python_setup_py']
[1.463s] Level 1:colcon.colcon_core.package_identification:_identify(src) by extension 'python_setup_py'
[1.464s] Level 1:colcon.colcon_core.package_identification:_identify(src/r2_description) by extensions ['ignore', 'ignore_ament_install']
[1.464s] Level 1:colcon.colcon_core.package_identification:_identify(src/r2_description) by extension 'ignore'
[1.465s] Level 1:colcon.colcon_core.package_identification:_identify(src/r2_description) by extension 'ignore_ament_install'
[1.465s] Level 1:colcon.colcon_core.package_identification:_identify(src/r2_description) by extensions ['colcon_pkg']
[1.465s] Level 1:colcon.colcon_core.package_identification:_identify(src/r2_description) by extension 'colcon_pkg'
[1.465s] Level 1:colcon.colcon_core.package_identification:_identify(src/r2_description) by extensions ['colcon_meta']
[1.465s] Level 1:colcon.colcon_core.package_identification:_identify(src/r2_description) by extension 'colcon_meta'
[1.466s] Level 1:colcon.colcon_core.package_identification:_identify(src/r2_description) by extensions ['ros']
[1.466s] Level 1:colcon.colcon_core.package_identification:_identify(src/r2_description) by extension 'ros'
[1.474s] DEBUG:colcon.colcon_core.package_identification:Package 'src/r2_description' with type 'ros.ament_cmake' and name 'r2_description'
[1.475s] Level 1:colcon.colcon_core.package_identification:_identify(src/r2_driver) by extensions ['ignore', 'ignore_ament_install']
[1.475s] Level 1:colcon.colcon_core.package_identification:_identify(src/r2_driver) by extension 'ignore'
[1.476s] Level 1:colcon.colcon_core.package_identification:_identify(src/r2_driver) by extension 'ignore_ament_install'
[1.476s] Level 1:colcon.colcon_core.package_identification:_identify(src/r2_driver) by extensions ['colcon_pkg']
[1.476s] Level 1:colcon.colcon_core.package_identification:_identify(src/r2_driver) by extension 'colcon_pkg'
[1.477s] Level 1:colcon.colcon_core.package_identification:_identify(src/r2_driver) by extensions ['colcon_meta']
[1.477s] Level 1:colcon.colcon_core.package_identification:_identify(src/r2_driver) by extension 'colcon_meta'
[1.477s] Level 1:colcon.colcon_core.package_identification:_identify(src/r2_driver) by extensions ['ros']
[1.477s] Level 1:colcon.colcon_core.package_identification:_identify(src/r2_driver) by extension 'ros'
[1.480s] DEBUG:colcon.colcon_core.package_identification:Package 'src/r2_driver' with type 'ros.ament_python' and name 'r2_driver'
[1.481s] Level 1:colcon.colcon_core.package_identification:_identify(src/r2_wheel_odometry) by extensions ['ignore', 'ignore_ament_install']
[1.481s] Level 1:colcon.colcon_core.package_identification:_identify(src/r2_wheel_odometry) by extension 'ignore'
[1.481s] Level 1:colcon.colcon_core.package_identification:_identify(src/r2_wheel_odometry) by extension 'ignore_ament_install'
[1.482s] Level 1:colcon.colcon_core.package_identification:_identify(src/r2_wheel_odometry) by extensions ['colcon_pkg']
[1.482s] Level 1:colcon.colcon_core.package_identification:_identify(src/r2_wheel_odometry) by extension 'colcon_pkg'
[1.482s] Level 1:colcon.colcon_core.package_identification:_identify(src/r2_wheel_odometry) by extensions ['colcon_meta']
[1.482s] Level 1:colcon.colcon_core.package_identification:_identify(src/r2_wheel_odometry) by extension 'colcon_meta'
[1.482s] Level 1:colcon.colcon_core.package_identification:_identify(src/r2_wheel_odometry) by extensions ['ros']
[1.482s] Level 1:colcon.colcon_core.package_identification:_identify(src/r2_wheel_odometry) by extension 'ros'
[1.520s] DEBUG:colcon.colcon_core.package_identification:Package 'src/r2_wheel_odometry' with type 'ros.ament_python' and name 'r2_wheel_odometry'
[1.521s] Level 1:colcon.colcon_core.package_identification:_identify(src/ros2_astra_camera) by extensions ['ignore', 'ignore_ament_install']
[1.522s] Level 1:colcon.colcon_core.package_identification:_identify(src/ros2_astra_camera) by extension 'ignore'
[1.522s] Level 1:colcon.colcon_core.package_identification:_identify(src/ros2_astra_camera) by extension 'ignore_ament_install'
[1.522s] Level 1:colcon.colcon_core.package_identification:_identify(src/ros2_astra_camera) by extensions ['colcon_pkg']
[1.522s] Level 1:colcon.colcon_core.package_identification:_identify(src/ros2_astra_camera) by extension 'colcon_pkg'
[1.522s] Level 1:colcon.colcon_core.package_identification:_identify(src/ros2_astra_camera) by extensions ['colcon_meta']
[1.523s] Level 1:colcon.colcon_core.package_identification:_identify(src/ros2_astra_camera) by extension 'colcon_meta'
[1.523s] Level 1:colcon.colcon_core.package_identification:_identify(src/ros2_astra_camera) by extensions ['ros']
[1.523s] Level 1:colcon.colcon_core.package_identification:_identify(src/ros2_astra_camera) by extension 'ros'
[1.523s] Level 1:colcon.colcon_core.package_identification:_identify(src/ros2_astra_camera) by extensions ['cmake', 'python']
[1.524s] Level 1:colcon.colcon_core.package_identification:_identify(src/ros2_astra_camera) by extension 'cmake'
[1.524s] Level 1:colcon.colcon_core.package_identification:_identify(src/ros2_astra_camera) by extension 'python'
[1.524s] Level 1:colcon.colcon_core.package_identification:_identify(src/ros2_astra_camera) by extensions ['python_setup_py']
[1.524s] Level 1:colcon.colcon_core.package_identification:_identify(src/ros2_astra_camera) by extension 'python_setup_py'
[1.525s] Level 1:colcon.colcon_core.package_identification:_identify(src/ros2_astra_camera/astra_camera) by extensions ['ignore', 'ignore_ament_install']
[1.525s] Level 1:colcon.colcon_core.package_identification:_identify(src/ros2_astra_camera/astra_camera) by extension 'ignore'
[1.525s] Level 1:colcon.colcon_core.package_identification:_identify(src/ros2_astra_camera/astra_camera) by extension 'ignore_ament_install'
[1.526s] Level 1:colcon.colcon_core.package_identification:_identify(src/ros2_astra_camera/astra_camera) by extensions ['colcon_pkg']
[1.526s] Level 1:colcon.colcon_core.package_identification:_identify(src/ros2_astra_camera/astra_camera) by extension 'colcon_pkg'
[1.526s] Level 1:colcon.colcon_core.package_identification:_identify(src/ros2_astra_camera/astra_camera) by extensions ['colcon_meta']
[1.526s] Level 1:colcon.colcon_core.package_identification:_identify(src/ros2_astra_camera/astra_camera) by extension 'colcon_meta'
[1.526s] Level 1:colcon.colcon_core.package_identification:_identify(src/ros2_astra_camera/astra_camera) by extensions ['ros']
[1.527s] Level 1:colcon.colcon_core.package_identification:_identify(src/ros2_astra_camera/astra_camera) by extension 'ros'
[1.534s] DEBUG:colcon.colcon_core.package_identification:Package 'src/ros2_astra_camera/astra_camera' with type 'ros.ament_cmake' and name 'astra_camera'
[1.535s] Level 1:colcon.colcon_core.package_identification:_identify(src/ros2_astra_camera/astra_camera_msgs) by extensions ['ignore', 'ignore_ament_install']
[1.535s] Level 1:colcon.colcon_core.package_identification:_identify(src/ros2_astra_camera/astra_camera_msgs) by extension 'ignore'
[1.536s] Level 1:colcon.colcon_core.package_identification:_identify(src/ros2_astra_camera/astra_camera_msgs) by extension 'ignore_ament_install'
[1.536s] Level 1:colcon.colcon_core.package_identification:_identify(src/ros2_astra_camera/astra_camera_msgs) by extensions ['colcon_pkg']
[1.536s] Level 1:colcon.colcon_core.package_identification:_identify(src/ros2_astra_camera/astra_camera_msgs) by extension 'colcon_pkg'
[1.536s] Level 1:colcon.colcon_core.package_identification:_identify(src/ros2_astra_camera/astra_camera_msgs) by extensions ['colcon_meta']
[1.537s] Level 1:colcon.colcon_core.package_identification:_identify(src/ros2_astra_camera/astra_camera_msgs) by extension 'colcon_meta'
[1.537s] Level 1:colcon.colcon_core.package_identification:_identify(src/ros2_astra_camera/astra_camera_msgs) by extensions ['ros']
[1.537s] Level 1:colcon.colcon_core.package_identification:_identify(src/ros2_astra_camera/astra_camera_msgs) by extension 'ros'
[1.540s] DEBUG:colcon.colcon_core.package_identification:Package 'src/ros2_astra_camera/astra_camera_msgs' with type 'ros.ament_cmake' and name 'astra_camera_msgs'
[1.540s] Level 1:colcon.colcon_core.package_identification:_identify(src/rplidar_ros) by extensions ['ignore', 'ignore_ament_install']
[1.541s] Level 1:colcon.colcon_core.package_identification:_identify(src/rplidar_ros) by extension 'ignore'
[1.541s] Level 1:colcon.colcon_core.package_identification:_identify(src/rplidar_ros) by extension 'ignore_ament_install'
[1.541s] Level 1:colcon.colcon_core.package_identification:_identify(src/rplidar_ros) by extensions ['colcon_pkg']
[1.542s] Level 1:colcon.colcon_core.package_identification:_identify(src/rplidar_ros) by extension 'colcon_pkg'
[1.542s] Level 1:colcon.colcon_core.package_identification:_identify(src/rplidar_ros) by extensions ['colcon_meta']
[1.542s] Level 1:colcon.colcon_core.package_identification:_identify(src/rplidar_ros) by extension 'colcon_meta'
[1.542s] Level 1:colcon.colcon_core.package_identification:_identify(src/rplidar_ros) by extensions ['ros']
[1.542s] Level 1:colcon.colcon_core.package_identification:_identify(src/rplidar_ros) by extension 'ros'
[1.545s] DEBUG:colcon.colcon_core.package_identification:Package 'src/rplidar_ros' with type 'ros.ament_cmake' and name 'rplidar_ros'
[1.545s] Level 1:colcon.colcon_core.package_discovery:discover_packages(recursive) using defaults
[1.546s] Level 1:colcon.colcon_core.package_discovery:discover_packages(ignore) discover
[1.546s] Level 1:colcon.colcon_core.package_discovery:discover_packages(ignore) using defaults
[1.546s] Level 1:colcon.colcon_core.package_discovery:discover_packages(path) discover
[1.546s] Level 1:colcon.colcon_core.package_discovery:discover_packages(path) using defaults
[1.625s] INFO:colcon.colcon_core.package_selection:Skipping not selected package 'astra_camera_msgs' in 'src/ros2_astra_camera/astra_camera_msgs'
[1.626s] INFO:colcon.colcon_core.package_selection:Skipping not selected package 'r2_description' in 'src/r2_description'
[1.626s] INFO:colcon.colcon_core.package_selection:Skipping not selected package 'r2_driver' in 'src/r2_driver'
[1.626s] INFO:colcon.colcon_core.package_selection:Skipping not selected package 'rplidar_ros' in 'src/rplidar_ros'
[1.626s] INFO:colcon.colcon_core.package_selection:Skipping not selected package 'astra_camera' in 'src/ros2_astra_camera/astra_camera'
[1.628s] Level 1:colcon.colcon_core.package_discovery:discover_packages(prefix_path) check parameters
[1.628s] Level 1:colcon.colcon_core.package_discovery:discover_packages(prefix_path) discover
[1.638s] DEBUG:colcon.colcon_installed_package_information.package_discovery:Found 6 installed packages in /home/tee/ros2_fyp/install
[1.650s] DEBUG:colcon.colcon_installed_package_information.package_discovery:Found 358 installed packages in /opt/ros/humble
[1.660s] Level 1:colcon.colcon_core.package_discovery:discover_packages(prefix_path) using defaults
[1.868s] Level 5:colcon.colcon_core.verb:set package 'r2_wheel_odometry' build argument 'cmake_args' from command line to 'None'
[1.869s] Level 5:colcon.colcon_core.verb:set package 'r2_wheel_odometry' build argument 'cmake_target' from command line to 'None'
[1.869s] Level 5:colcon.colcon_core.verb:set package 'r2_wheel_odometry' build argument 'cmake_target_skip_unavailable' from command line to 'False'
[1.869s] Level 5:colcon.colcon_core.verb:set package 'r2_wheel_odometry' build argument 'cmake_clean_cache' from command line to 'False'
[1.869s] Level 5:colcon.colcon_core.verb:set package 'r2_wheel_odometry' build argument 'cmake_clean_first' from command line to 'False'
[1.869s] Level 5:colcon.colcon_core.verb:set package 'r2_wheel_odometry' build argument 'cmake_force_configure' from command line to 'False'
[1.869s] Level 5:colcon.colcon_core.verb:set package 'r2_wheel_odometry' build argument 'ament_cmake_args' from command line to 'None'
[1.870s] Level 5:colcon.colcon_core.verb:set package 'r2_wheel_odometry' build argument 'catkin_cmake_args' from command line to 'None'
[1.870s] Level 5:colcon.colcon_core.verb:set package 'r2_wheel_odometry' build argument 'catkin_skip_building_tests' from command line to 'False'
[1.870s] DEBUG:colcon.colcon_core.verb:Building package 'r2_wheel_odometry' with the following arguments: {'ament_cmake_args': None, 'build_base': '/home/tee/ros2_fyp/build/r2_wheel_odometry', 'catkin_cmake_args': None, 'catkin_skip_building_tests': False, 'cmake_args': None, 'cmake_clean_cache': False, 'cmake_clean_first': False, 'cmake_force_configure': False, 'cmake_target': None, 'cmake_target_skip_unavailable': False, 'install_base': '/home/tee/ros2_fyp/install/r2_wheel_odometry', 'merge_install': False, 'path': '/home/tee/ros2_fyp/src/r2_wheel_odometry', 'symlink_install': True, 'test_result_base': None}
[1.870s] INFO:colcon.colcon_core.executor:Executing jobs using 'parallel' executor
[1.874s] DEBUG:colcon.colcon_parallel_executor.executor.parallel:run_until_complete
[1.875s] INFO:colcon.colcon_ros.task.ament_python.build:Building ROS package in '/home/tee/ros2_fyp/src/r2_wheel_odometry' with build type 'ament_python'
[1.876s] Level 1:colcon.colcon_core.shell:create_environment_hook('r2_wheel_odometry', 'ament_prefix_path')
[1.886s] INFO:colcon.colcon_core.plugin_system:Skipping extension 'colcon_core.shell.bat': Not used on non-Windows systems
[1.887s] INFO:colcon.colcon_core.shell:Creating environment hook '/home/tee/ros2_fyp/install/r2_wheel_odometry/share/r2_wheel_odometry/hook/ament_prefix_path.ps1'
[1.890s] INFO:colcon.colcon_core.shell:Creating environment descriptor '/home/tee/ros2_fyp/install/r2_wheel_odometry/share/r2_wheel_odometry/hook/ament_prefix_path.dsv'
[1.892s] INFO:colcon.colcon_core.shell:Creating environment hook '/home/tee/ros2_fyp/install/r2_wheel_odometry/share/r2_wheel_odometry/hook/ament_prefix_path.sh'
[1.896s] INFO:colcon.colcon_core.shell:Skip shell extension 'powershell' for command environment: Not usable outside of PowerShell
[1.896s] DEBUG:colcon.colcon_core.shell:Skip shell extension 'dsv' for command environment
[3.338s] DEBUG:colcon.colcon_parallel_executor.executor.parallel:closing loop
[3.339s] DEBUG:colcon.colcon_parallel_executor.executor.parallel:loop closed
[3.339s] DEBUG:colcon.colcon_parallel_executor.executor.parallel:run_until_complete finished with 'Command '['/usr/bin/python3', '-c', 'import sys;from contextlib import suppress;exec("with suppress(ImportError):    from setuptools.extern.packaging.specifiers    import SpecifierSet");exec("with suppress(ImportError):    from packaging.specifiers import SpecifierSet");from distutils.core import run_setup;dist = run_setup(    \'setup.py\', script_args=(\'--dry-run\',), stop_after=\'config\');skip_keys = (\'cmdclass\', \'distclass\', \'ext_modules\', \'metadata\');data = {    key: value for key, value in dist.__dict__.items()     if (        not key.startswith(\'_\') and         not callable(value) and         key not in skip_keys and         key not in dist.display_option_names    )};data[\'metadata\'] = {    k: v for k, v in dist.metadata.__dict__.items()     if k not in (\'license_files\', \'provides_extras\')};sys.stdout.buffer.write(repr(data).encode(\'utf-8\'))']' returned non-zero exit status 1.'
[3.340s] DEBUG:colcon.colcon_core.event_reactor:joining thread
[3.371s] INFO:colcon.colcon_core.plugin_system:Skipping extension 'colcon_notification.desktop_notification.terminal_notifier': Not used on non-Darwin systems
[3.372s] INFO:colcon.colcon_core.plugin_system:Skipping extension 'colcon_notification.desktop_notification.win32': Not used on non-Windows systems
[3.372s] INFO:colcon.colcon_notification.desktop_notification:Sending desktop notification using 'notify2'
[3.378s] DEBUG:colcon.colcon_notification.desktop_notification.notify2:Failed to initialize notify2: org.freedesktop.DBus.Error.ServiceUnknown: The name org.freedesktop.Notifications was not provided by any .service files
[3.378s] DEBUG:colcon.colcon_core.event_reactor:joined thread
[3.379s] INFO:colcon.colcon_core.shell:Creating prefix script '/home/tee/ros2_fyp/install/local_setup.ps1'
[3.383s] INFO:colcon.colcon_core.shell:Creating prefix util module '/home/tee/ros2_fyp/install/_local_setup_util_ps1.py'
[3.390s] INFO:colcon.colcon_core.shell:Creating prefix chain script '/home/tee/ros2_fyp/install/setup.ps1'
[3.396s] INFO:colcon.colcon_core.shell:Creating prefix script '/home/tee/ros2_fyp/install/local_setup.sh'
[3.399s] INFO:colcon.colcon_core.shell:Creating prefix util module '/home/tee/ros2_fyp/install/_local_setup_util_sh.py'
[3.402s] INFO:colcon.colcon_core.shell:Creating prefix chain script '/home/tee/ros2_fyp/install/setup.sh'
[3.408s] INFO:colcon.colcon_core.shell:Creating prefix script '/home/tee/ros2_fyp/install/local_setup.bash'
[3.411s] INFO:colcon.colcon_core.shell:Creating prefix chain script '/home/tee/ros2_fyp/install/setup.bash'
[3.418s] INFO:colcon.colcon_core.shell:Creating prefix script '/home/tee/ros2_fyp/install/local_setup.zsh'
[3.421s] INFO:colcon.colcon_core.shell:Creating prefix chain script '/home/tee/ros2_fyp/install/setup.zsh'
