[0.056s] Invoking command in '/home/tee/ros2_fyp/build/ros2_fyp_description': CMAKE_PREFIX_PATH=${CMAKE_PREFIX_PATH}:/home/tee/ros2_fyp/install/r2_driver:/opt/ros/humble /usr/bin/cmake --build /home/tee/ros2_fyp/build/ros2_fyp_description -- -j4 -l4
[0.226s] Invoked command in '/home/tee/ros2_fyp/build/ros2_fyp_description' returned '0': CMAKE_PREFIX_PATH=${CMAKE_PREFIX_PATH}:/home/tee/ros2_fyp/install/r2_driver:/opt/ros/humble /usr/bin/cmake --build /home/tee/ros2_fyp/build/ros2_fyp_description -- -j4 -l4
[0.275s] Invoking command in '/home/tee/ros2_fyp/build/ros2_fyp_description': CMAKE_PREFIX_PATH=${CMAKE_PREFIX_PATH}:/home/tee/ros2_fyp/install/r2_driver:/opt/ros/humble /usr/bin/cmake --install /home/tee/ros2_fyp/build/ros2_fyp_description
[0.304s] -- Install configuration: ""
[0.306s] -- Execute custom install script
[0.307s] -- Up-to-date symlink: /home/tee/ros2_fyp/install/ros2_fyp_description/share/ament_index/resource_index/package_run_dependencies/ros2_fyp_description
[0.309s] -- Up-to-date symlink: /home/tee/ros2_fyp/install/ros2_fyp_description/share/ament_index/resource_index/parent_prefix_path/ros2_fyp_description
[0.310s] -- Up-to-date symlink: /home/tee/ros2_fyp/install/ros2_fyp_description/share/ros2_fyp_description/environment/ament_prefix_path.sh
[0.311s] -- Up-to-date symlink: /home/tee/ros2_fyp/install/ros2_fyp_description/share/ros2_fyp_description/environment/ament_prefix_path.dsv
[0.312s] -- Up-to-date symlink: /home/tee/ros2_fyp/install/ros2_fyp_description/share/ros2_fyp_description/environment/path.sh
[0.313s] -- Up-to-date symlink: /home/tee/ros2_fyp/install/ros2_fyp_description/share/ros2_fyp_description/environment/path.dsv
[0.314s] -- Up-to-date symlink: /home/tee/ros2_fyp/install/ros2_fyp_description/share/ros2_fyp_description/local_setup.bash
[0.315s] -- Up-to-date symlink: /home/tee/ros2_fyp/install/ros2_fyp_description/share/ros2_fyp_description/local_setup.sh
[0.316s] -- Up-to-date symlink: /home/tee/ros2_fyp/install/ros2_fyp_description/share/ros2_fyp_description/local_setup.zsh
[0.317s] -- Up-to-date symlink: /home/tee/ros2_fyp/install/ros2_fyp_description/share/ros2_fyp_description/local_setup.dsv
[0.317s] -- Symlinking: /home/tee/ros2_fyp/install/ros2_fyp_description/share/ros2_fyp_description/package.dsv
[0.352s] -- Up-to-date symlink: /home/tee/ros2_fyp/install/ros2_fyp_description/share/ament_index/resource_index/packages/ros2_fyp_description
[0.353s] -- Up-to-date symlink: /home/tee/ros2_fyp/install/ros2_fyp_description/share/ros2_fyp_description/cmake/ros2_fyp_descriptionConfig.cmake
[0.354s] -- Up-to-date symlink: /home/tee/ros2_fyp/install/ros2_fyp_description/share/ros2_fyp_description/cmake/ros2_fyp_descriptionConfig-version.cmake
[0.355s] -- Up-to-date symlink: /home/tee/ros2_fyp/install/ros2_fyp_description/share/ros2_fyp_description/package.xml
[0.361s] Invoked command in '/home/tee/ros2_fyp/build/ros2_fyp_description' returned '0': CMAKE_PREFIX_PATH=${CMAKE_PREFIX_PATH}:/home/tee/ros2_fyp/install/r2_driver:/opt/ros/humble /usr/bin/cmake --install /home/tee/ros2_fyp/build/ros2_fyp_description
