[0.057s] Invoking command in '/home/tee/ros2_fyp/build/r2_description': CMAKE_PREFIX_PATH=${CMAKE_PREFIX_PATH}:/home/tee/ros2_fyp/install/r2_driver:/opt/ros/humble /usr/bin/cmake --build /home/tee/ros2_fyp/build/r2_description -- -j4 -l4
[0.227s] Invoked command in '/home/tee/ros2_fyp/build/r2_description' returned '0': CMAKE_PREFIX_PATH=${CMAKE_PREFIX_PATH}:/home/tee/ros2_fyp/install/r2_driver:/opt/ros/humble /usr/bin/cmake --build /home/tee/ros2_fyp/build/r2_description -- -j4 -l4
[0.272s] Invoking command in '/home/tee/ros2_fyp/build/r2_description': CMAKE_PREFIX_PATH=${CMAKE_PREFIX_PATH}:/home/tee/ros2_fyp/install/r2_driver:/opt/ros/humble /usr/bin/cmake --install /home/tee/ros2_fyp/build/r2_description
[0.303s] -- Install configuration: ""
[0.304s] -- Up-to-date: /home/tee/ros2_fyp/install/r2_description/share/r2_description/launch
[0.304s] -- Up-to-date: /home/tee/ros2_fyp/install/r2_description/share/r2_description/launch/description.launch.py
[0.305s] -- Up-to-date: /home/tee/ros2_fyp/install/r2_description/share/r2_description/urdf
[0.305s] -- Installing: /home/tee/ros2_fyp/install/r2_description/share/r2_description/urdf/r2.urdf.xacro
[0.306s] -- Up-to-date: /home/tee/ros2_fyp/install/r2_description/share/r2_description/rviz
[0.306s] -- Up-to-date: /home/tee/ros2_fyp/install/r2_description/share/ament_index/resource_index/package_run_dependencies/r2_description
[0.307s] -- Up-to-date: /home/tee/ros2_fyp/install/r2_description/share/ament_index/resource_index/parent_prefix_path/r2_description
[0.308s] -- Up-to-date: /home/tee/ros2_fyp/install/r2_description/share/r2_description/environment/ament_prefix_path.sh
[0.308s] -- Up-to-date: /home/tee/ros2_fyp/install/r2_description/share/r2_description/environment/ament_prefix_path.dsv
[0.308s] -- Up-to-date: /home/tee/ros2_fyp/install/r2_description/share/r2_description/environment/path.sh
[0.309s] -- Up-to-date: /home/tee/ros2_fyp/install/r2_description/share/r2_description/environment/path.dsv
[0.309s] -- Up-to-date: /home/tee/ros2_fyp/install/r2_description/share/r2_description/local_setup.bash
[0.310s] -- Up-to-date: /home/tee/ros2_fyp/install/r2_description/share/r2_description/local_setup.sh
[0.310s] -- Up-to-date: /home/tee/ros2_fyp/install/r2_description/share/r2_description/local_setup.zsh
[0.311s] -- Up-to-date: /home/tee/ros2_fyp/install/r2_description/share/r2_description/local_setup.dsv
[0.311s] -- Up-to-date: /home/tee/ros2_fyp/install/r2_description/share/r2_description/package.dsv
[0.312s] -- Up-to-date: /home/tee/ros2_fyp/install/r2_description/share/ament_index/resource_index/packages/r2_description
[0.312s] -- Up-to-date: /home/tee/ros2_fyp/install/r2_description/share/r2_description/cmake/r2_descriptionConfig.cmake
[0.312s] -- Up-to-date: /home/tee/ros2_fyp/install/r2_description/share/r2_description/cmake/r2_descriptionConfig-version.cmake
[0.313s] -- Up-to-date: /home/tee/ros2_fyp/install/r2_description/share/r2_description/package.xml
[0.318s] Invoked command in '/home/tee/ros2_fyp/build/r2_description' returned '0': CMAKE_PREFIX_PATH=${CMAKE_PREFIX_PATH}:/home/tee/ros2_fyp/install/r2_driver:/opt/ros/humble /usr/bin/cmake --install /home/tee/ros2_fyp/build/r2_description
