[0.639s] DEBUG:colcon:Command line arguments: ['/usr/bin/colcon', 'build', '--packages-select', 'r2_description']
[0.639s] DEBUG:colcon:Parsed command line arguments: Namespace(log_base=None, log_level=None, verb_name='build', build_base='build', install_base='install', merge_install=False, symlink_install=False, test_result_base=None, continue_on_error=False, executor='parallel', parallel_workers=4, event_handlers=None, ignore_user_meta=False, metas=['./colcon.meta'], base_paths=['.'], packages_ignore=None, packages_ignore_regex=None, paths=None, packages_up_to=None, packages_up_to_regex=None, packages_above=None, packages_above_and_dependencies=None, packages_above_depth=None, packages_select_by_dep=None, packages_skip_by_dep=None, packages_skip_up_to=None, packages_select_build_failed=False, packages_skip_build_finished=False, packages_select_test_failures=False, packages_skip_test_passed=False, packages_select=['r2_description'], packages_skip=None, packages_select_regex=None, packages_skip_regex=None, packages_start=None, packages_end=None, allow_overriding=[], cmake_args=None, cmake_target=None, cmake_target_skip_unavailable=False, cmake_clean_cache=False, cmake_clean_first=False, cmake_force_configure=False, ament_cmake_args=None, catkin_cmake_args=None, catkin_skip_building_tests=False, mixin_files=None, mixin=None, verb_parser=<colcon_mixin.mixin.mixin_argument.MixinArgumentDecorator object at 0xffff936bf550>, verb_extension=<colcon_core.verb.build.BuildVerb object at 0xffff938a0ee0>, main=<bound method BuildVerb.main of <colcon_core.verb.build.BuildVerb object at 0xffff938a0ee0>>, mixin_verb=('build',))
[1.741s] Level 1:colcon.colcon_core.package_discovery:discover_packages(colcon_meta) check parameters
[1.741s] Level 1:colcon.colcon_core.package_discovery:discover_packages(recursive) check parameters
[1.742s] Level 1:colcon.colcon_core.package_discovery:discover_packages(ignore) check parameters
[1.742s] Level 1:colcon.colcon_core.package_discovery:discover_packages(path) check parameters
[1.742s] Level 1:colcon.colcon_core.package_discovery:discover_packages(colcon_meta) discover
[1.743s] Level 1:colcon.colcon_core.package_discovery:discover_packages(recursive) discover
[1.743s] INFO:colcon.colcon_core.package_discovery:Crawling recursively for packages in '/home/tee/ros2_fyp'
[1.743s] Level 1:colcon.colcon_core.package_identification:_identify(.) by extensions ['ignore', 'ignore_ament_install']
[1.745s] Level 1:colcon.colcon_core.package_identification:_identify(.) by extension 'ignore'
[1.745s] Level 1:colcon.colcon_core.package_identification:_identify(.) by extension 'ignore_ament_install'
[1.746s] Level 1:colcon.colcon_core.package_identification:_identify(.) by extensions ['colcon_pkg']
[1.746s] Level 1:colcon.colcon_core.package_identification:_identify(.) by extension 'colcon_pkg'
[1.746s] Level 1:colcon.colcon_core.package_identification:_identify(.) by extensions ['colcon_meta']
[1.746s] Level 1:colcon.colcon_core.package_identification:_identify(.) by extension 'colcon_meta'
[1.747s] Level 1:colcon.colcon_core.package_identification:_identify(.) by extensions ['ros']
[1.747s] Level 1:colcon.colcon_core.package_identification:_identify(.) by extension 'ros'
[1.798s] Level 1:colcon.colcon_core.package_identification:_identify(.) by extensions ['cmake', 'python']
[1.799s] Level 1:colcon.colcon_core.package_identification:_identify(.) by extension 'cmake'
[1.799s] Level 1:colcon.colcon_core.package_identification:_identify(.) by extension 'python'
[1.799s] Level 1:colcon.colcon_core.package_identification:_identify(.) by extensions ['python_setup_py']
[1.799s] Level 1:colcon.colcon_core.package_identification:_identify(.) by extension 'python_setup_py'
[1.800s] Level 1:colcon.colcon_core.package_identification:_identify(build) by extensions ['ignore', 'ignore_ament_install']
[1.800s] Level 1:colcon.colcon_core.package_identification:_identify(build) by extension 'ignore'
[1.800s] Level 1:colcon.colcon_core.package_identification:_identify(build) ignored
[1.801s] Level 1:colcon.colcon_core.package_identification:_identify(install) by extensions ['ignore', 'ignore_ament_install']
[1.801s] Level 1:colcon.colcon_core.package_identification:_identify(install) by extension 'ignore'
[1.802s] Level 1:colcon.colcon_core.package_identification:_identify(install) ignored
[1.802s] Level 1:colcon.colcon_core.package_identification:_identify(log) by extensions ['ignore', 'ignore_ament_install']
[1.803s] Level 1:colcon.colcon_core.package_identification:_identify(log) by extension 'ignore'
[1.803s] Level 1:colcon.colcon_core.package_identification:_identify(log) ignored
[1.803s] Level 1:colcon.colcon_core.package_identification:_identify(src) by extensions ['ignore', 'ignore_ament_install']
[1.804s] Level 1:colcon.colcon_core.package_identification:_identify(src) by extension 'ignore'
[1.804s] Level 1:colcon.colcon_core.package_identification:_identify(src) by extension 'ignore_ament_install'
[1.804s] Level 1:colcon.colcon_core.package_identification:_identify(src) by extensions ['colcon_pkg']
[1.804s] Level 1:colcon.colcon_core.package_identification:_identify(src) by extension 'colcon_pkg'
[1.804s] Level 1:colcon.colcon_core.package_identification:_identify(src) by extensions ['colcon_meta']
[1.805s] Level 1:colcon.colcon_core.package_identification:_identify(src) by extension 'colcon_meta'
[1.805s] Level 1:colcon.colcon_core.package_identification:_identify(src) by extensions ['ros']
[1.805s] Level 1:colcon.colcon_core.package_identification:_identify(src) by extension 'ros'
[1.805s] Level 1:colcon.colcon_core.package_identification:_identify(src) by extensions ['cmake', 'python']
[1.805s] Level 1:colcon.colcon_core.package_identification:_identify(src) by extension 'cmake'
[1.806s] Level 1:colcon.colcon_core.package_identification:_identify(src) by extension 'python'
[1.806s] Level 1:colcon.colcon_core.package_identification:_identify(src) by extensions ['python_setup_py']
[1.806s] Level 1:colcon.colcon_core.package_identification:_identify(src) by extension 'python_setup_py'
[1.806s] Level 1:colcon.colcon_core.package_identification:_identify(src/r2_description) by extensions ['ignore', 'ignore_ament_install']
[1.807s] Level 1:colcon.colcon_core.package_identification:_identify(src/r2_description) by extension 'ignore'
[1.807s] Level 1:colcon.colcon_core.package_identification:_identify(src/r2_description) by extension 'ignore_ament_install'
[1.807s] Level 1:colcon.colcon_core.package_identification:_identify(src/r2_description) by extensions ['colcon_pkg']
[1.807s] Level 1:colcon.colcon_core.package_identification:_identify(src/r2_description) by extension 'colcon_pkg'
[1.808s] Level 1:colcon.colcon_core.package_identification:_identify(src/r2_description) by extensions ['colcon_meta']
[1.808s] Level 1:colcon.colcon_core.package_identification:_identify(src/r2_description) by extension 'colcon_meta'
[1.808s] Level 1:colcon.colcon_core.package_identification:_identify(src/r2_description) by extensions ['ros']
[1.808s] Level 1:colcon.colcon_core.package_identification:_identify(src/r2_description) by extension 'ros'
[1.820s] DEBUG:colcon.colcon_core.package_identification:Package 'src/r2_description' with type 'ros.ament_cmake' and name 'r2_description'
[1.821s] Level 1:colcon.colcon_core.package_identification:_identify(src/r2_driver) by extensions ['ignore', 'ignore_ament_install']
[1.822s] Level 1:colcon.colcon_core.package_identification:_identify(src/r2_driver) by extension 'ignore'
[1.823s] Level 1:colcon.colcon_core.package_identification:_identify(src/r2_driver) by extension 'ignore_ament_install'
[1.823s] Level 1:colcon.colcon_core.package_identification:_identify(src/r2_driver) by extensions ['colcon_pkg']
[1.823s] Level 1:colcon.colcon_core.package_identification:_identify(src/r2_driver) by extension 'colcon_pkg'
[1.824s] Level 1:colcon.colcon_core.package_identification:_identify(src/r2_driver) by extensions ['colcon_meta']
[1.824s] Level 1:colcon.colcon_core.package_identification:_identify(src/r2_driver) by extension 'colcon_meta'
[1.824s] Level 1:colcon.colcon_core.package_identification:_identify(src/r2_driver) by extensions ['ros']
[1.824s] Level 1:colcon.colcon_core.package_identification:_identify(src/r2_driver) by extension 'ros'
[1.829s] DEBUG:colcon.colcon_core.package_identification:Package 'src/r2_driver' with type 'ros.ament_python' and name 'r2_driver'
[1.830s] Level 1:colcon.colcon_core.package_identification:_identify(src/ros2_astra_camera) by extensions ['ignore', 'ignore_ament_install']
[1.831s] Level 1:colcon.colcon_core.package_identification:_identify(src/ros2_astra_camera) by extension 'ignore'
[1.831s] Level 1:colcon.colcon_core.package_identification:_identify(src/ros2_astra_camera) by extension 'ignore_ament_install'
[1.832s] Level 1:colcon.colcon_core.package_identification:_identify(src/ros2_astra_camera) by extensions ['colcon_pkg']
[1.832s] Level 1:colcon.colcon_core.package_identification:_identify(src/ros2_astra_camera) by extension 'colcon_pkg'
[1.832s] Level 1:colcon.colcon_core.package_identification:_identify(src/ros2_astra_camera) by extensions ['colcon_meta']
[1.832s] Level 1:colcon.colcon_core.package_identification:_identify(src/ros2_astra_camera) by extension 'colcon_meta'
[1.833s] Level 1:colcon.colcon_core.package_identification:_identify(src/ros2_astra_camera) by extensions ['ros']
[1.833s] Level 1:colcon.colcon_core.package_identification:_identify(src/ros2_astra_camera) by extension 'ros'
[1.834s] Level 1:colcon.colcon_core.package_identification:_identify(src/ros2_astra_camera) by extensions ['cmake', 'python']
[1.834s] Level 1:colcon.colcon_core.package_identification:_identify(src/ros2_astra_camera) by extension 'cmake'
[1.834s] Level 1:colcon.colcon_core.package_identification:_identify(src/ros2_astra_camera) by extension 'python'
[1.834s] Level 1:colcon.colcon_core.package_identification:_identify(src/ros2_astra_camera) by extensions ['python_setup_py']
[1.834s] Level 1:colcon.colcon_core.package_identification:_identify(src/ros2_astra_camera) by extension 'python_setup_py'
[1.835s] Level 1:colcon.colcon_core.package_identification:_identify(src/ros2_astra_camera/astra_camera) by extensions ['ignore', 'ignore_ament_install']
[1.835s] Level 1:colcon.colcon_core.package_identification:_identify(src/ros2_astra_camera/astra_camera) by extension 'ignore'
[1.836s] Level 1:colcon.colcon_core.package_identification:_identify(src/ros2_astra_camera/astra_camera) by extension 'ignore_ament_install'
[1.836s] Level 1:colcon.colcon_core.package_identification:_identify(src/ros2_astra_camera/astra_camera) by extensions ['colcon_pkg']
[1.836s] Level 1:colcon.colcon_core.package_identification:_identify(src/ros2_astra_camera/astra_camera) by extension 'colcon_pkg'
[1.836s] Level 1:colcon.colcon_core.package_identification:_identify(src/ros2_astra_camera/astra_camera) by extensions ['colcon_meta']
[1.837s] Level 1:colcon.colcon_core.package_identification:_identify(src/ros2_astra_camera/astra_camera) by extension 'colcon_meta'
[1.837s] Level 1:colcon.colcon_core.package_identification:_identify(src/ros2_astra_camera/astra_camera) by extensions ['ros']
[1.837s] Level 1:colcon.colcon_core.package_identification:_identify(src/ros2_astra_camera/astra_camera) by extension 'ros'
[1.881s] DEBUG:colcon.colcon_core.package_identification:Package 'src/ros2_astra_camera/astra_camera' with type 'ros.ament_cmake' and name 'astra_camera'
[1.882s] Level 1:colcon.colcon_core.package_identification:_identify(src/ros2_astra_camera/astra_camera_msgs) by extensions ['ignore', 'ignore_ament_install']
[1.882s] Level 1:colcon.colcon_core.package_identification:_identify(src/ros2_astra_camera/astra_camera_msgs) by extension 'ignore'
[1.883s] Level 1:colcon.colcon_core.package_identification:_identify(src/ros2_astra_camera/astra_camera_msgs) by extension 'ignore_ament_install'
[1.883s] Level 1:colcon.colcon_core.package_identification:_identify(src/ros2_astra_camera/astra_camera_msgs) by extensions ['colcon_pkg']
[1.883s] Level 1:colcon.colcon_core.package_identification:_identify(src/ros2_astra_camera/astra_camera_msgs) by extension 'colcon_pkg'
[1.883s] Level 1:colcon.colcon_core.package_identification:_identify(src/ros2_astra_camera/astra_camera_msgs) by extensions ['colcon_meta']
[1.883s] Level 1:colcon.colcon_core.package_identification:_identify(src/ros2_astra_camera/astra_camera_msgs) by extension 'colcon_meta'
[1.884s] Level 1:colcon.colcon_core.package_identification:_identify(src/ros2_astra_camera/astra_camera_msgs) by extensions ['ros']
[1.884s] Level 1:colcon.colcon_core.package_identification:_identify(src/ros2_astra_camera/astra_camera_msgs) by extension 'ros'
[1.887s] DEBUG:colcon.colcon_core.package_identification:Package 'src/ros2_astra_camera/astra_camera_msgs' with type 'ros.ament_cmake' and name 'astra_camera_msgs'
[1.888s] Level 1:colcon.colcon_core.package_identification:_identify(src/rplidar_ros) by extensions ['ignore', 'ignore_ament_install']
[1.888s] Level 1:colcon.colcon_core.package_identification:_identify(src/rplidar_ros) by extension 'ignore'
[1.889s] Level 1:colcon.colcon_core.package_identification:_identify(src/rplidar_ros) by extension 'ignore_ament_install'
[1.889s] Level 1:colcon.colcon_core.package_identification:_identify(src/rplidar_ros) by extensions ['colcon_pkg']
[1.889s] Level 1:colcon.colcon_core.package_identification:_identify(src/rplidar_ros) by extension 'colcon_pkg'
[1.889s] Level 1:colcon.colcon_core.package_identification:_identify(src/rplidar_ros) by extensions ['colcon_meta']
[1.889s] Level 1:colcon.colcon_core.package_identification:_identify(src/rplidar_ros) by extension 'colcon_meta'
[1.890s] Level 1:colcon.colcon_core.package_identification:_identify(src/rplidar_ros) by extensions ['ros']
[1.890s] Level 1:colcon.colcon_core.package_identification:_identify(src/rplidar_ros) by extension 'ros'
[1.893s] DEBUG:colcon.colcon_core.package_identification:Package 'src/rplidar_ros' with type 'ros.ament_cmake' and name 'rplidar_ros'
[1.894s] Level 1:colcon.colcon_core.package_discovery:discover_packages(recursive) using defaults
[1.894s] Level 1:colcon.colcon_core.package_discovery:discover_packages(ignore) discover
[1.894s] Level 1:colcon.colcon_core.package_discovery:discover_packages(ignore) using defaults
[1.894s] Level 1:colcon.colcon_core.package_discovery:discover_packages(path) discover
[1.894s] Level 1:colcon.colcon_core.package_discovery:discover_packages(path) using defaults
[2.007s] INFO:colcon.colcon_core.package_selection:Skipping not selected package 'astra_camera_msgs' in 'src/ros2_astra_camera/astra_camera_msgs'
[2.007s] INFO:colcon.colcon_core.package_selection:Skipping not selected package 'r2_driver' in 'src/r2_driver'
[2.007s] INFO:colcon.colcon_core.package_selection:Skipping not selected package 'rplidar_ros' in 'src/rplidar_ros'
[2.007s] INFO:colcon.colcon_core.package_selection:Skipping not selected package 'astra_camera' in 'src/ros2_astra_camera/astra_camera'
[2.010s] Level 1:colcon.colcon_core.package_discovery:discover_packages(prefix_path) check parameters
[2.010s] Level 1:colcon.colcon_core.package_discovery:discover_packages(prefix_path) discover
[2.025s] DEBUG:colcon.colcon_installed_package_information.package_discovery:Found 4 installed packages in /home/tee/ros2_fyp/install
[2.038s] DEBUG:colcon.colcon_installed_package_information.package_discovery:Found 358 installed packages in /opt/ros/humble
[2.046s] Level 1:colcon.colcon_core.package_discovery:discover_packages(prefix_path) using defaults
[2.265s] Level 5:colcon.colcon_core.verb:set package 'r2_description' build argument 'cmake_args' from command line to 'None'
[2.265s] Level 5:colcon.colcon_core.verb:set package 'r2_description' build argument 'cmake_target' from command line to 'None'
[2.265s] Level 5:colcon.colcon_core.verb:set package 'r2_description' build argument 'cmake_target_skip_unavailable' from command line to 'False'
[2.266s] Level 5:colcon.colcon_core.verb:set package 'r2_description' build argument 'cmake_clean_cache' from command line to 'False'
[2.266s] Level 5:colcon.colcon_core.verb:set package 'r2_description' build argument 'cmake_clean_first' from command line to 'False'
[2.266s] Level 5:colcon.colcon_core.verb:set package 'r2_description' build argument 'cmake_force_configure' from command line to 'False'
[2.266s] Level 5:colcon.colcon_core.verb:set package 'r2_description' build argument 'ament_cmake_args' from command line to 'None'
[2.266s] Level 5:colcon.colcon_core.verb:set package 'r2_description' build argument 'catkin_cmake_args' from command line to 'None'
[2.266s] Level 5:colcon.colcon_core.verb:set package 'r2_description' build argument 'catkin_skip_building_tests' from command line to 'False'
[2.266s] DEBUG:colcon.colcon_core.verb:Building package 'r2_description' with the following arguments: {'ament_cmake_args': None, 'build_base': '/home/tee/ros2_fyp/build/r2_description', 'catkin_cmake_args': None, 'catkin_skip_building_tests': False, 'cmake_args': None, 'cmake_clean_cache': False, 'cmake_clean_first': False, 'cmake_force_configure': False, 'cmake_target': None, 'cmake_target_skip_unavailable': False, 'install_base': '/home/tee/ros2_fyp/install/r2_description', 'merge_install': False, 'path': '/home/tee/ros2_fyp/src/r2_description', 'symlink_install': False, 'test_result_base': None}
[2.267s] INFO:colcon.colcon_core.executor:Executing jobs using 'parallel' executor
[2.270s] DEBUG:colcon.colcon_parallel_executor.executor.parallel:run_until_complete
[2.271s] INFO:colcon.colcon_ros.task.ament_cmake.build:Building ROS package in '/home/tee/ros2_fyp/src/r2_description' with build type 'ament_cmake'
[2.272s] INFO:colcon.colcon_cmake.task.cmake.build:Building CMake package in '/home/tee/ros2_fyp/src/r2_description'
[2.288s] INFO:colcon.colcon_core.plugin_system:Skipping extension 'colcon_core.shell.bat': Not used on non-Windows systems
[2.290s] INFO:colcon.colcon_core.shell:Skip shell extension 'powershell' for command environment: Not usable outside of PowerShell
[2.290s] DEBUG:colcon.colcon_core.shell:Skip shell extension 'dsv' for command environment
[2.333s] DEBUG:colcon.colcon_core.event_handler.log_command:Invoking command in '/home/tee/ros2_fyp/build/r2_description': CMAKE_PREFIX_PATH=${CMAKE_PREFIX_PATH}:/home/tee/ros2_fyp/install/r2_driver:/opt/ros/humble /usr/bin/cmake /home/tee/ros2_fyp/src/r2_description -DCMAKE_INSTALL_PREFIX=/home/tee/ros2_fyp/install/r2_description
[7.322s] DEBUG:colcon.colcon_core.event_handler.log_command:Invoked command in '/home/tee/ros2_fyp/build/r2_description' returned '0': CMAKE_PREFIX_PATH=${CMAKE_PREFIX_PATH}:/home/tee/ros2_fyp/install/r2_driver:/opt/ros/humble /usr/bin/cmake /home/tee/ros2_fyp/src/r2_description -DCMAKE_INSTALL_PREFIX=/home/tee/ros2_fyp/install/r2_description
[7.333s] DEBUG:colcon.colcon_core.event_handler.log_command:Invoking command in '/home/tee/ros2_fyp/build/r2_description': CMAKE_PREFIX_PATH=${CMAKE_PREFIX_PATH}:/home/tee/ros2_fyp/install/r2_driver:/opt/ros/humble /usr/bin/cmake --build /home/tee/ros2_fyp/build/r2_description -- -j4 -l4
[7.496s] DEBUG:colcon.colcon_core.event_handler.log_command:Invoked command in '/home/tee/ros2_fyp/build/r2_description' returned '0': CMAKE_PREFIX_PATH=${CMAKE_PREFIX_PATH}:/home/tee/ros2_fyp/install/r2_driver:/opt/ros/humble /usr/bin/cmake --build /home/tee/ros2_fyp/build/r2_description -- -j4 -l4
[7.551s] DEBUG:colcon.colcon_core.event_handler.log_command:Invoking command in '/home/tee/ros2_fyp/build/r2_description': CMAKE_PREFIX_PATH=${CMAKE_PREFIX_PATH}:/home/tee/ros2_fyp/install/r2_driver:/opt/ros/humble /usr/bin/cmake --install /home/tee/ros2_fyp/build/r2_description
[7.613s] Level 1:colcon.colcon_core.environment:create_environment_scripts_only(r2_description)
[7.615s] DEBUG:colcon.colcon_core.event_handler.log_command:Invoked command in '/home/tee/ros2_fyp/build/r2_description' returned '0': CMAKE_PREFIX_PATH=${CMAKE_PREFIX_PATH}:/home/tee/ros2_fyp/install/r2_driver:/opt/ros/humble /usr/bin/cmake --install /home/tee/ros2_fyp/build/r2_description
[7.637s] Level 1:colcon.colcon_core.environment:checking '/home/tee/ros2_fyp/install/r2_description' for CMake module files
[7.642s] Level 1:colcon.colcon_core.environment:checking '/home/tee/ros2_fyp/install/r2_description' for CMake config files
[7.644s] Level 1:colcon.colcon_core.shell:create_environment_hook('r2_description', 'cmake_prefix_path')
[7.645s] INFO:colcon.colcon_core.shell:Creating environment hook '/home/tee/ros2_fyp/install/r2_description/share/r2_description/hook/cmake_prefix_path.ps1'
[7.649s] INFO:colcon.colcon_core.shell:Creating environment descriptor '/home/tee/ros2_fyp/install/r2_description/share/r2_description/hook/cmake_prefix_path.dsv'
[7.652s] INFO:colcon.colcon_core.shell:Creating environment hook '/home/tee/ros2_fyp/install/r2_description/share/r2_description/hook/cmake_prefix_path.sh'
[7.658s] Level 1:colcon.colcon_core.environment:checking '/home/tee/ros2_fyp/install/r2_description/bin'
[7.658s] Level 1:colcon.colcon_core.environment:checking '/home/tee/ros2_fyp/install/r2_description/lib/pkgconfig/r2_description.pc'
[7.660s] Level 1:colcon.colcon_core.environment:checking '/home/tee/ros2_fyp/install/r2_description/lib/python3.10/site-packages'
[7.662s] Level 1:colcon.colcon_core.environment:checking '/home/tee/ros2_fyp/install/r2_description/bin'
[7.663s] INFO:colcon.colcon_core.shell:Creating package script '/home/tee/ros2_fyp/install/r2_description/share/r2_description/package.ps1'
[7.668s] INFO:colcon.colcon_core.shell:Creating package descriptor '/home/tee/ros2_fyp/install/r2_description/share/r2_description/package.dsv'
[7.671s] INFO:colcon.colcon_core.shell:Creating package script '/home/tee/ros2_fyp/install/r2_description/share/r2_description/package.sh'
[7.675s] INFO:colcon.colcon_core.shell:Creating package script '/home/tee/ros2_fyp/install/r2_description/share/r2_description/package.bash'
[7.678s] INFO:colcon.colcon_core.shell:Creating package script '/home/tee/ros2_fyp/install/r2_description/share/r2_description/package.zsh'
[7.682s] Level 1:colcon.colcon_core.environment:create_file_with_runtime_dependencies(/home/tee/ros2_fyp/install/r2_description/share/colcon-core/packages/r2_description)
[7.685s] Level 1:colcon.colcon_core.environment:create_environment_scripts_only(r2_description)
[7.686s] Level 1:colcon.colcon_core.environment:checking '/home/tee/ros2_fyp/install/r2_description' for CMake module files
[7.688s] Level 1:colcon.colcon_core.environment:checking '/home/tee/ros2_fyp/install/r2_description' for CMake config files
[7.690s] Level 1:colcon.colcon_core.shell:create_environment_hook('r2_description', 'cmake_prefix_path')
[7.691s] INFO:colcon.colcon_core.shell:Creating environment hook '/home/tee/ros2_fyp/install/r2_description/share/r2_description/hook/cmake_prefix_path.ps1'
[7.693s] INFO:colcon.colcon_core.shell:Creating environment descriptor '/home/tee/ros2_fyp/install/r2_description/share/r2_description/hook/cmake_prefix_path.dsv'
[7.695s] INFO:colcon.colcon_core.shell:Creating environment hook '/home/tee/ros2_fyp/install/r2_description/share/r2_description/hook/cmake_prefix_path.sh'
[7.697s] Level 1:colcon.colcon_core.environment:checking '/home/tee/ros2_fyp/install/r2_description/bin'
[7.698s] Level 1:colcon.colcon_core.environment:checking '/home/tee/ros2_fyp/install/r2_description/lib/pkgconfig/r2_description.pc'
[7.699s] Level 1:colcon.colcon_core.environment:checking '/home/tee/ros2_fyp/install/r2_description/lib/python3.10/site-packages'
[7.700s] Level 1:colcon.colcon_core.environment:checking '/home/tee/ros2_fyp/install/r2_description/bin'
[7.701s] INFO:colcon.colcon_core.shell:Creating package script '/home/tee/ros2_fyp/install/r2_description/share/r2_description/package.ps1'
[7.704s] INFO:colcon.colcon_core.shell:Creating package descriptor '/home/tee/ros2_fyp/install/r2_description/share/r2_description/package.dsv'
[7.706s] INFO:colcon.colcon_core.shell:Creating package script '/home/tee/ros2_fyp/install/r2_description/share/r2_description/package.sh'
[7.709s] INFO:colcon.colcon_core.shell:Creating package script '/home/tee/ros2_fyp/install/r2_description/share/r2_description/package.bash'
[7.711s] INFO:colcon.colcon_core.shell:Creating package script '/home/tee/ros2_fyp/install/r2_description/share/r2_description/package.zsh'
[7.714s] Level 1:colcon.colcon_core.environment:create_file_with_runtime_dependencies(/home/tee/ros2_fyp/install/r2_description/share/colcon-core/packages/r2_description)
[7.716s] DEBUG:colcon.colcon_parallel_executor.executor.parallel:closing loop
[7.717s] DEBUG:colcon.colcon_parallel_executor.executor.parallel:loop closed
[7.717s] DEBUG:colcon.colcon_parallel_executor.executor.parallel:run_until_complete finished with '0'
[7.718s] DEBUG:colcon.colcon_core.event_reactor:joining thread
[7.744s] INFO:colcon.colcon_core.plugin_system:Skipping extension 'colcon_notification.desktop_notification.terminal_notifier': Not used on non-Darwin systems
[7.744s] INFO:colcon.colcon_core.plugin_system:Skipping extension 'colcon_notification.desktop_notification.win32': Not used on non-Windows systems
[7.744s] INFO:colcon.colcon_notification.desktop_notification:Sending desktop notification using 'notify2'
[7.750s] DEBUG:colcon.colcon_notification.desktop_notification.notify2:Failed to initialize notify2: org.freedesktop.DBus.Error.ServiceUnknown: The name org.freedesktop.Notifications was not provided by any .service files
[7.750s] DEBUG:colcon.colcon_core.event_reactor:joined thread
[7.751s] INFO:colcon.colcon_core.shell:Creating prefix script '/home/tee/ros2_fyp/install/local_setup.ps1'
[7.756s] INFO:colcon.colcon_core.shell:Creating prefix util module '/home/tee/ros2_fyp/install/_local_setup_util_ps1.py'
[7.765s] INFO:colcon.colcon_core.shell:Creating prefix chain script '/home/tee/ros2_fyp/install/setup.ps1'
[7.774s] INFO:colcon.colcon_core.shell:Creating prefix script '/home/tee/ros2_fyp/install/local_setup.sh'
[7.778s] INFO:colcon.colcon_core.shell:Creating prefix util module '/home/tee/ros2_fyp/install/_local_setup_util_sh.py'
[7.782s] INFO:colcon.colcon_core.shell:Creating prefix chain script '/home/tee/ros2_fyp/install/setup.sh'
[7.790s] INFO:colcon.colcon_core.shell:Creating prefix script '/home/tee/ros2_fyp/install/local_setup.bash'
[7.794s] INFO:colcon.colcon_core.shell:Creating prefix chain script '/home/tee/ros2_fyp/install/setup.bash'
[7.801s] INFO:colcon.colcon_core.shell:Creating prefix script '/home/tee/ros2_fyp/install/local_setup.zsh'
[7.805s] INFO:colcon.colcon_core.shell:Creating prefix chain script '/home/tee/ros2_fyp/install/setup.zsh'
