[0.080s] Invoking command in '/home/tee/ros2_fyp/build/astra_camera_msgs': CMAKE_PREFIX_PATH=${CMAKE_PREFIX_PATH}:/home/tee/ros2_fyp/install/r2_driver:/opt/ros/humble /usr/bin/cmake /home/tee/ros2_fyp/src/ros2_astra_camera/astra_camera_msgs -DAMENT_CMAKE_SYMLINK_INSTALL=1 -DCMAKE_INSTALL_PREFIX=/home/tee/ros2_fyp/install/astra_camera_msgs
[0.445s] -- The C compiler identification is GNU 11.4.0
[1.253s] -- The CXX compiler identification is GNU 11.4.0
[1.287s] -- Detecting C compiler ABI info
[1.681s] -- Detecting C compiler ABI info - done
[1.707s] -- Check for working C compiler: /usr/bin/cc - skipped
[1.708s] -- Detecting C compile features
[1.709s] -- Detecting C compile features - done
[1.726s] -- Detecting CXX compiler ABI info
[2.159s] -- Detecting CXX compiler ABI info - done
[2.187s] -- Check for working CXX compiler: /usr/bin/c++ - skipped
[2.189s] -- Detecting CXX compile features
[2.191s] -- Detecting CXX compile features - done
[2.250s] -- Found ament_cmake: 1.3.12 (/opt/ros/humble/share/ament_cmake/cmake)
[3.198s] -- Found Python3: /usr/bin/python3 (found version "3.10.12") found components: Interpreter 
[3.525s] -- Override CMake install command with custom implementation using symlinks instead of copying resources
[3.988s] -- Found rosidl_default_generators: 1.2.0 (/opt/ros/humble/share/rosidl_default_generators/cmake)
[4.033s] -- Using all available rosidl_typesupport_c: rosidl_typesupport_fastrtps_c;rosidl_typesupport_introspection_c
[4.134s] -- Found rosidl_adapter: 3.1.7 (/opt/ros/humble/share/rosidl_adapter/cmake)
[4.612s] -- Using all available rosidl_typesupport_cpp: rosidl_typesupport_fastrtps_cpp;rosidl_typesupport_introspection_cpp
[4.979s] -- Found sensor_msgs: 4.9.0 (/opt/ros/humble/share/sensor_msgs/cmake)
[7.069s] -- Found ament_cmake_ros: 0.10.0 (/opt/ros/humble/share/ament_cmake_ros/cmake)
[8.516s] -- Using all available rosidl_typesupport_c: rosidl_typesupport_fastrtps_c;rosidl_typesupport_introspection_c
[10.293s] -- Using all available rosidl_typesupport_cpp: rosidl_typesupport_fastrtps_cpp;rosidl_typesupport_introspection_cpp
[10.407s] -- Found PythonInterp: /usr/bin/python3 (found suitable version "3.10.12", minimum required is "3.6") 
[10.437s] -- Found python_cmake_module: 0.10.0 (/opt/ros/humble/share/python_cmake_module/cmake)
[10.571s] -- Found PythonLibs: /usr/lib/aarch64-linux-gnu/libpython3.10.so (found suitable version "3.10.12", minimum required is "3.5") 
[10.571s] -- Using PYTHON_EXECUTABLE: /usr/bin/python3
[10.572s] -- Using PYTHON_INCLUDE_DIRS: /usr/include/python3.10
[10.572s] -- Using PYTHON_LIBRARIES: /usr/lib/aarch64-linux-gnu/libpython3.10.so
[10.680s] -- Found PythonExtra: .so  
[11.066s] -- Found ament_lint_auto: 0.12.14 (/opt/ros/humble/share/ament_lint_auto/cmake)
[11.405s] -- Added test 'copyright' to check source files copyright and LICENSE
[11.430s] -- Added test 'lint_cmake' to check CMake code style
[11.444s] -- Added test 'xmllint' to check XML markup files
[11.469s] -- Configuring done
[11.737s] -- Generating done
[11.793s] -- Build files have been written to: /home/tee/ros2_fyp/build/astra_camera_msgs
[11.835s] Invoked command in '/home/tee/ros2_fyp/build/astra_camera_msgs' returned '0': CMAKE_PREFIX_PATH=${CMAKE_PREFIX_PATH}:/home/tee/ros2_fyp/install/r2_driver:/opt/ros/humble /usr/bin/cmake /home/tee/ros2_fyp/src/ros2_astra_camera/astra_camera_msgs -DAMENT_CMAKE_SYMLINK_INSTALL=1 -DCMAKE_INSTALL_PREFIX=/home/tee/ros2_fyp/install/astra_camera_msgs
[11.845s] Invoking command in '/home/tee/ros2_fyp/build/astra_camera_msgs': CMAKE_PREFIX_PATH=${CMAKE_PREFIX_PATH}:/home/tee/ros2_fyp/install/r2_driver:/opt/ros/humble /usr/bin/cmake --build /home/tee/ros2_fyp/build/astra_camera_msgs -- -j4 -l4
[12.031s] [  1%] [34m[1mGenerating C code for ROS interfaces[0m
[12.077s] [  2%] [34m[1mGenerating C++ code for ROS interfaces[0m
[12.120s] [  2%] Built target ament_cmake_python_symlink_astra_camera_msgs
[13.767s] running egg_info
[13.770s] creating astra_camera_msgs.egg-info
[13.771s] writing astra_camera_msgs.egg-info/PKG-INFO
[13.772s] writing dependency_links to astra_camera_msgs.egg-info/dependency_links.txt
[13.773s] writing top-level names to astra_camera_msgs.egg-info/top_level.txt
[13.775s] writing manifest file 'astra_camera_msgs.egg-info/SOURCES.txt'
[13.793s] reading manifest file 'astra_camera_msgs.egg-info/SOURCES.txt'
[13.797s] writing manifest file 'astra_camera_msgs.egg-info/SOURCES.txt'
[13.961s] [  2%] Built target ament_cmake_python_build_astra_camera_msgs_egg
[16.550s] [  2%] Built target astra_camera_msgs__cpp
[16.608s] [  3%] [34m[1mGenerating C++ type support dispatch for ROS interfaces[0m
[16.657s] [  4%] [34m[1mGenerating C++ type support for eProsima Fast-RTPS[0m
[16.666s] [  5%] [34m[1mGenerating C++ introspection for ROS interfaces[0m
[16.957s] [  6%] [32mBuilding C object CMakeFiles/astra_camera_msgs__rosidl_generator_c.dir/rosidl_generator_c/astra_camera_msgs/msg/detail/device_info__functions.c.o[0m
[17.327s] [  7%] [32mBuilding C object CMakeFiles/astra_camera_msgs__rosidl_generator_c.dir/rosidl_generator_c/astra_camera_msgs/msg/detail/extrinsics__functions.c.o[0m
[17.707s] [  8%] [32mBuilding C object CMakeFiles/astra_camera_msgs__rosidl_generator_c.dir/rosidl_generator_c/astra_camera_msgs/msg/detail/metadata__functions.c.o[0m
[18.038s] [  9%] [32mBuilding C object CMakeFiles/astra_camera_msgs__rosidl_generator_c.dir/rosidl_generator_c/astra_camera_msgs/srv/detail/get_device_info__functions.c.o[0m
[18.405s] [ 10%] [32mBuilding C object CMakeFiles/astra_camera_msgs__rosidl_generator_c.dir/rosidl_generator_c/astra_camera_msgs/srv/detail/get_camera_info__functions.c.o[0m
[18.789s] [ 11%] [32mBuilding C object CMakeFiles/astra_camera_msgs__rosidl_generator_c.dir/rosidl_generator_c/astra_camera_msgs/srv/detail/get_camera_params__functions.c.o[0m
[19.274s] [ 12%] [32mBuilding C object CMakeFiles/astra_camera_msgs__rosidl_generator_c.dir/rosidl_generator_c/astra_camera_msgs/srv/detail/get_int32__functions.c.o[0m
[19.567s] [ 13%] [32mBuilding CXX object CMakeFiles/astra_camera_msgs__rosidl_typesupport_cpp.dir/rosidl_typesupport_cpp/astra_camera_msgs/msg/device_info__type_support.cpp.o[0m
[19.629s] [ 14%] [32mBuilding C object CMakeFiles/astra_camera_msgs__rosidl_generator_c.dir/rosidl_generator_c/astra_camera_msgs/srv/detail/get_string__functions.c.o[0m
[19.991s] [ 15%] [32mBuilding C object CMakeFiles/astra_camera_msgs__rosidl_generator_c.dir/rosidl_generator_c/astra_camera_msgs/srv/detail/set_int32__functions.c.o[0m
[20.413s] [ 16%] [32m[1mLinking C shared library libastra_camera_msgs__rosidl_generator_c.so[0m
[20.551s] [ 17%] [32mBuilding CXX object CMakeFiles/astra_camera_msgs__rosidl_typesupport_introspection_cpp.dir/rosidl_typesupport_introspection_cpp/astra_camera_msgs/msg/detail/device_info__type_support.cpp.o[0m
[20.703s] [ 17%] Built target astra_camera_msgs__rosidl_generator_c
[20.760s] [ 18%] [34m[1mGenerating C type support for eProsima Fast-RTPS[0m
[21.258s] [ 20%] [32mBuilding CXX object CMakeFiles/astra_camera_msgs__rosidl_typesupport_fastrtps_cpp.dir/rosidl_typesupport_fastrtps_cpp/astra_camera_msgs/msg/detail/dds_fastrtps/device_info__type_support.cpp.o[0m
[21.621s] [ 21%] [32mBuilding CXX object CMakeFiles/astra_camera_msgs__rosidl_typesupport_cpp.dir/rosidl_typesupport_cpp/astra_camera_msgs/msg/extrinsics__type_support.cpp.o[0m
[23.085s] [ 22%] [32mBuilding CXX object CMakeFiles/astra_camera_msgs__rosidl_typesupport_introspection_cpp.dir/rosidl_typesupport_introspection_cpp/astra_camera_msgs/msg/detail/extrinsics__type_support.cpp.o[0m
[23.403s] [ 23%] [32mBuilding CXX object CMakeFiles/astra_camera_msgs__rosidl_typesupport_cpp.dir/rosidl_typesupport_cpp/astra_camera_msgs/msg/metadata__type_support.cpp.o[0m
[23.999s] [ 24%] [32mBuilding CXX object CMakeFiles/astra_camera_msgs__rosidl_typesupport_fastrtps_cpp.dir/rosidl_typesupport_fastrtps_cpp/astra_camera_msgs/msg/detail/dds_fastrtps/extrinsics__type_support.cpp.o[0m
[25.229s] [ 25%] [32mBuilding CXX object CMakeFiles/astra_camera_msgs__rosidl_typesupport_cpp.dir/rosidl_typesupport_cpp/astra_camera_msgs/srv/get_device_info__type_support.cpp.o[0m
[25.621s] [ 26%] [32mBuilding CXX object CMakeFiles/astra_camera_msgs__rosidl_typesupport_introspection_cpp.dir/rosidl_typesupport_introspection_cpp/astra_camera_msgs/msg/detail/metadata__type_support.cpp.o[0m
[25.712s] [ 27%] [32mBuilding CXX object CMakeFiles/astra_camera_msgs__rosidl_typesupport_fastrtps_c.dir/rosidl_typesupport_fastrtps_c/astra_camera_msgs/msg/detail/device_info__type_support_c.cpp.o[0m
[26.699s] [ 28%] [32mBuilding CXX object CMakeFiles/astra_camera_msgs__rosidl_typesupport_fastrtps_cpp.dir/rosidl_typesupport_fastrtps_cpp/astra_camera_msgs/msg/detail/dds_fastrtps/metadata__type_support.cpp.o[0m
[26.998s] [ 29%] [32mBuilding CXX object CMakeFiles/astra_camera_msgs__rosidl_typesupport_cpp.dir/rosidl_typesupport_cpp/astra_camera_msgs/srv/get_camera_info__type_support.cpp.o[0m
[28.056s] [ 30%] [32mBuilding CXX object CMakeFiles/astra_camera_msgs__rosidl_typesupport_fastrtps_c.dir/rosidl_typesupport_fastrtps_c/astra_camera_msgs/msg/detail/extrinsics__type_support_c.cpp.o[0m
[28.213s] [ 31%] [32mBuilding CXX object CMakeFiles/astra_camera_msgs__rosidl_typesupport_introspection_cpp.dir/rosidl_typesupport_introspection_cpp/astra_camera_msgs/srv/detail/get_device_info__type_support.cpp.o[0m
[29.025s] [ 32%] [32mBuilding CXX object CMakeFiles/astra_camera_msgs__rosidl_typesupport_cpp.dir/rosidl_typesupport_cpp/astra_camera_msgs/srv/get_camera_params__type_support.cpp.o[0m
[29.250s] [ 33%] [32mBuilding CXX object CMakeFiles/astra_camera_msgs__rosidl_typesupport_fastrtps_cpp.dir/rosidl_typesupport_fastrtps_cpp/astra_camera_msgs/srv/detail/dds_fastrtps/get_device_info__type_support.cpp.o[0m
[30.539s] [ 34%] [32mBuilding CXX object CMakeFiles/astra_camera_msgs__rosidl_typesupport_fastrtps_c.dir/rosidl_typesupport_fastrtps_c/astra_camera_msgs/msg/detail/metadata__type_support_c.cpp.o[0m
[30.718s] [ 35%] [32mBuilding CXX object CMakeFiles/astra_camera_msgs__rosidl_typesupport_introspection_cpp.dir/rosidl_typesupport_introspection_cpp/astra_camera_msgs/srv/detail/get_camera_info__type_support.cpp.o[0m
[30.977s] [ 36%] [32mBuilding CXX object CMakeFiles/astra_camera_msgs__rosidl_typesupport_cpp.dir/rosidl_typesupport_cpp/astra_camera_msgs/srv/get_int32__type_support.cpp.o[0m
[32.409s] [ 37%] [32mBuilding CXX object CMakeFiles/astra_camera_msgs__rosidl_typesupport_fastrtps_cpp.dir/rosidl_typesupport_fastrtps_cpp/astra_camera_msgs/srv/detail/dds_fastrtps/get_camera_info__type_support.cpp.o[0m
[32.940s] [ 38%] [32mBuilding CXX object CMakeFiles/astra_camera_msgs__rosidl_typesupport_cpp.dir/rosidl_typesupport_cpp/astra_camera_msgs/srv/get_string__type_support.cpp.o[0m
[33.009s] [ 40%] [32mBuilding CXX object CMakeFiles/astra_camera_msgs__rosidl_typesupport_fastrtps_c.dir/rosidl_typesupport_fastrtps_c/astra_camera_msgs/srv/detail/get_device_info__type_support_c.cpp.o[0m
[33.341s] [ 41%] [32mBuilding CXX object CMakeFiles/astra_camera_msgs__rosidl_typesupport_introspection_cpp.dir/rosidl_typesupport_introspection_cpp/astra_camera_msgs/srv/detail/get_camera_params__type_support.cpp.o[0m
[34.697s] [ 42%] [32mBuilding CXX object CMakeFiles/astra_camera_msgs__rosidl_typesupport_cpp.dir/rosidl_typesupport_cpp/astra_camera_msgs/srv/set_int32__type_support.cpp.o[0m
[35.269s] [ 43%] [32mBuilding CXX object CMakeFiles/astra_camera_msgs__rosidl_typesupport_fastrtps_cpp.dir/rosidl_typesupport_fastrtps_cpp/astra_camera_msgs/srv/detail/dds_fastrtps/get_camera_params__type_support.cpp.o[0m
[35.356s] [ 44%] [32mBuilding CXX object CMakeFiles/astra_camera_msgs__rosidl_typesupport_fastrtps_c.dir/rosidl_typesupport_fastrtps_c/astra_camera_msgs/srv/detail/get_camera_info__type_support_c.cpp.o[0m
[36.020s] [ 45%] [32mBuilding CXX object CMakeFiles/astra_camera_msgs__rosidl_typesupport_introspection_cpp.dir/rosidl_typesupport_introspection_cpp/astra_camera_msgs/srv/detail/get_int32__type_support.cpp.o[0m
[36.399s] [ 46%] [32m[1mLinking CXX shared library libastra_camera_msgs__rosidl_typesupport_cpp.so[0m
[36.653s] [ 46%] Built target astra_camera_msgs__rosidl_typesupport_cpp
[36.721s] [ 47%] [34m[1mGenerating C introspection for ROS interfaces[0m
[37.741s] [ 48%] [32mBuilding CXX object CMakeFiles/astra_camera_msgs__rosidl_typesupport_fastrtps_c.dir/rosidl_typesupport_fastrtps_c/astra_camera_msgs/srv/detail/get_camera_params__type_support_c.cpp.o[0m
[38.216s] [ 49%] [32mBuilding CXX object CMakeFiles/astra_camera_msgs__rosidl_typesupport_fastrtps_cpp.dir/rosidl_typesupport_fastrtps_cpp/astra_camera_msgs/srv/detail/dds_fastrtps/get_int32__type_support.cpp.o[0m
[38.527s] [ 50%] [32mBuilding CXX object CMakeFiles/astra_camera_msgs__rosidl_typesupport_introspection_cpp.dir/rosidl_typesupport_introspection_cpp/astra_camera_msgs/srv/detail/get_string__type_support.cpp.o[0m
[40.043s] [ 51%] [32mBuilding CXX object CMakeFiles/astra_camera_msgs__rosidl_typesupport_fastrtps_c.dir/rosidl_typesupport_fastrtps_c/astra_camera_msgs/srv/detail/get_int32__type_support_c.cpp.o[0m
[40.950s] [ 52%] [32mBuilding CXX object CMakeFiles/astra_camera_msgs__rosidl_typesupport_fastrtps_cpp.dir/rosidl_typesupport_fastrtps_cpp/astra_camera_msgs/srv/detail/dds_fastrtps/get_string__type_support.cpp.o[0m
[41.077s] [ 53%] [32mBuilding CXX object CMakeFiles/astra_camera_msgs__rosidl_typesupport_introspection_cpp.dir/rosidl_typesupport_introspection_cpp/astra_camera_msgs/srv/detail/set_int32__type_support.cpp.o[0m
[41.377s] [ 54%] [32mBuilding C object CMakeFiles/astra_camera_msgs__rosidl_typesupport_introspection_c.dir/rosidl_typesupport_introspection_c/astra_camera_msgs/msg/detail/device_info__type_support.c.o[0m
[41.633s] [ 55%] [32mBuilding C object CMakeFiles/astra_camera_msgs__rosidl_typesupport_introspection_c.dir/rosidl_typesupport_introspection_c/astra_camera_msgs/msg/detail/extrinsics__type_support.c.o[0m
[41.914s] [ 56%] [32mBuilding C object CMakeFiles/astra_camera_msgs__rosidl_typesupport_introspection_c.dir/rosidl_typesupport_introspection_c/astra_camera_msgs/msg/detail/metadata__type_support.c.o[0m
[42.167s] [ 57%] [32mBuilding C object CMakeFiles/astra_camera_msgs__rosidl_typesupport_introspection_c.dir/rosidl_typesupport_introspection_c/astra_camera_msgs/srv/detail/get_device_info__type_support.c.o[0m
[42.331s] [ 58%] [32mBuilding CXX object CMakeFiles/astra_camera_msgs__rosidl_typesupport_fastrtps_c.dir/rosidl_typesupport_fastrtps_c/astra_camera_msgs/srv/detail/get_string__type_support_c.cpp.o[0m
[42.431s] [ 60%] [32mBuilding C object CMakeFiles/astra_camera_msgs__rosidl_typesupport_introspection_c.dir/rosidl_typesupport_introspection_c/astra_camera_msgs/srv/detail/get_camera_info__type_support.c.o[0m
[42.813s] [ 61%] [32mBuilding C object CMakeFiles/astra_camera_msgs__rosidl_typesupport_introspection_c.dir/rosidl_typesupport_introspection_c/astra_camera_msgs/srv/detail/get_camera_params__type_support.c.o[0m
[43.142s] [ 62%] [32mBuilding C object CMakeFiles/astra_camera_msgs__rosidl_typesupport_introspection_c.dir/rosidl_typesupport_introspection_c/astra_camera_msgs/srv/detail/get_int32__type_support.c.o[0m
[43.399s] [ 63%] [32mBuilding C object CMakeFiles/astra_camera_msgs__rosidl_typesupport_introspection_c.dir/rosidl_typesupport_introspection_c/astra_camera_msgs/srv/detail/get_string__type_support.c.o[0m
[43.502s] [ 64%] [32m[1mLinking CXX shared library libastra_camera_msgs__rosidl_typesupport_introspection_cpp.so[0m
[43.663s] [ 65%] [32mBuilding C object CMakeFiles/astra_camera_msgs__rosidl_typesupport_introspection_c.dir/rosidl_typesupport_introspection_c/astra_camera_msgs/srv/detail/set_int32__type_support.c.o[0m
[43.786s] [ 66%] [32mBuilding CXX object CMakeFiles/astra_camera_msgs__rosidl_typesupport_fastrtps_cpp.dir/rosidl_typesupport_fastrtps_cpp/astra_camera_msgs/srv/detail/dds_fastrtps/set_int32__type_support.cpp.o[0m
[43.952s] [ 66%] Built target astra_camera_msgs__rosidl_typesupport_introspection_cpp
[43.987s] [ 67%] [32m[1mLinking C shared library libastra_camera_msgs__rosidl_typesupport_introspection_c.so[0m
[44.008s] [ 68%] [34m[1mGenerating C type support dispatch for ROS interfaces[0m
[44.205s] [ 68%] Built target astra_camera_msgs__rosidl_typesupport_introspection_c
[44.254s] [ 69%] [32mBuilding CXX object CMakeFiles/astra_camera_msgs__rosidl_typesupport_fastrtps_c.dir/rosidl_typesupport_fastrtps_c/astra_camera_msgs/srv/detail/set_int32__type_support_c.cpp.o[0m
[46.246s] [ 70%] [32m[1mLinking CXX shared library libastra_camera_msgs__rosidl_typesupport_fastrtps_cpp.so[0m
[46.281s] [ 71%] [32m[1mLinking CXX shared library libastra_camera_msgs__rosidl_typesupport_fastrtps_c.so[0m
[46.704s] [ 71%] Built target astra_camera_msgs__rosidl_typesupport_fastrtps_cpp
[46.736s] [ 71%] Built target astra_camera_msgs__rosidl_typesupport_fastrtps_c
[46.835s] [ 72%] [32mBuilding CXX object CMakeFiles/astra_camera_msgs__rosidl_typesupport_c.dir/rosidl_typesupport_c/astra_camera_msgs/msg/extrinsics__type_support.cpp.o[0m
[46.837s] [ 73%] [32mBuilding CXX object CMakeFiles/astra_camera_msgs__rosidl_typesupport_c.dir/rosidl_typesupport_c/astra_camera_msgs/msg/device_info__type_support.cpp.o[0m
[46.840s] [ 74%] [32mBuilding CXX object CMakeFiles/astra_camera_msgs__rosidl_typesupport_c.dir/rosidl_typesupport_c/astra_camera_msgs/msg/metadata__type_support.cpp.o[0m
[46.844s] [ 75%] [32mBuilding CXX object CMakeFiles/astra_camera_msgs__rosidl_typesupport_c.dir/rosidl_typesupport_c/astra_camera_msgs/srv/get_device_info__type_support.cpp.o[0m
[47.025s] [ 76%] [32mBuilding CXX object CMakeFiles/astra_camera_msgs__rosidl_typesupport_c.dir/rosidl_typesupport_c/astra_camera_msgs/srv/get_camera_info__type_support.cpp.o[0m
[47.036s] [ 77%] [32mBuilding CXX object CMakeFiles/astra_camera_msgs__rosidl_typesupport_c.dir/rosidl_typesupport_c/astra_camera_msgs/srv/get_int32__type_support.cpp.o[0m
[47.041s] [ 78%] [32mBuilding CXX object CMakeFiles/astra_camera_msgs__rosidl_typesupport_c.dir/rosidl_typesupport_c/astra_camera_msgs/srv/get_camera_params__type_support.cpp.o[0m
[47.051s] [ 80%] [32mBuilding CXX object CMakeFiles/astra_camera_msgs__rosidl_typesupport_c.dir/rosidl_typesupport_c/astra_camera_msgs/srv/get_string__type_support.cpp.o[0m
[47.223s] [ 81%] [32mBuilding CXX object CMakeFiles/astra_camera_msgs__rosidl_typesupport_c.dir/rosidl_typesupport_c/astra_camera_msgs/srv/set_int32__type_support.cpp.o[0m
[47.392s] [ 82%] [32m[1mLinking CXX shared library libastra_camera_msgs__rosidl_typesupport_c.so[0m
[47.589s] [ 82%] Built target astra_camera_msgs__rosidl_typesupport_c
[47.683s] [ 82%] Built target astra_camera_msgs
[47.778s] [ 83%] [34m[1mGenerating Python code for ROS interfaces[0m
[53.651s] [ 83%] Built target astra_camera_msgs__py
[53.749s] [ 84%] [32mBuilding C object CMakeFiles/astra_camera_msgs__rosidl_generator_py.dir/rosidl_generator_py/astra_camera_msgs/msg/_device_info_s.c.o[0m
[53.754s] [ 85%] [32mBuilding C object CMakeFiles/astra_camera_msgs__rosidl_generator_py.dir/rosidl_generator_py/astra_camera_msgs/msg/_extrinsics_s.c.o[0m
[53.757s] [ 86%] [32mBuilding C object CMakeFiles/astra_camera_msgs__rosidl_generator_py.dir/rosidl_generator_py/astra_camera_msgs/msg/_metadata_s.c.o[0m
[53.761s] [ 87%] [32mBuilding C object CMakeFiles/astra_camera_msgs__rosidl_generator_py.dir/rosidl_generator_py/astra_camera_msgs/srv/_get_device_info_s.c.o[0m
[54.457s] [ 88%] [32mBuilding C object CMakeFiles/astra_camera_msgs__rosidl_generator_py.dir/rosidl_generator_py/astra_camera_msgs/srv/_get_camera_info_s.c.o[0m
[54.477s] [ 89%] [32mBuilding C object CMakeFiles/astra_camera_msgs__rosidl_generator_py.dir/rosidl_generator_py/astra_camera_msgs/srv/_get_camera_params_s.c.o[0m
[54.481s] [ 90%] [32mBuilding C object CMakeFiles/astra_camera_msgs__rosidl_generator_py.dir/rosidl_generator_py/astra_camera_msgs/srv/_get_int32_s.c.o[0m
[54.487s] [ 91%] [32mBuilding C object CMakeFiles/astra_camera_msgs__rosidl_generator_py.dir/rosidl_generator_py/astra_camera_msgs/srv/_get_string_s.c.o[0m
[55.074s] [ 92%] [32mBuilding C object CMakeFiles/astra_camera_msgs__rosidl_generator_py.dir/rosidl_generator_py/astra_camera_msgs/srv/_set_int32_s.c.o[0m
[55.593s] [ 93%] [32m[1mLinking C shared library rosidl_generator_py/astra_camera_msgs/libastra_camera_msgs__rosidl_generator_py.so[0m
[55.829s] [ 93%] Built target astra_camera_msgs__rosidl_generator_py
[55.926s] [ 94%] [32mBuilding C object CMakeFiles/astra_camera_msgs__rosidl_typesupport_fastrtps_c__pyext.dir/rosidl_generator_py/astra_camera_msgs/_astra_camera_msgs_s.ep.rosidl_typesupport_fastrtps_c.c.o[0m
[55.928s] [ 95%] [32mBuilding C object CMakeFiles/astra_camera_msgs__rosidl_typesupport_introspection_c__pyext.dir/rosidl_generator_py/astra_camera_msgs/_astra_camera_msgs_s.ep.rosidl_typesupport_introspection_c.c.o[0m
[55.932s] [ 96%] [32mBuilding C object CMakeFiles/astra_camera_msgs__rosidl_typesupport_c__pyext.dir/rosidl_generator_py/astra_camera_msgs/_astra_camera_msgs_s.ep.rosidl_typesupport_c.c.o[0m
[56.736s] [ 97%] [32m[1mLinking C shared library rosidl_generator_py/astra_camera_msgs/astra_camera_msgs_s__rosidl_typesupport_c.cpython-310-aarch64-linux-gnu.so[0m
[56.745s] [ 98%] [32m[1mLinking C shared library rosidl_generator_py/astra_camera_msgs/astra_camera_msgs_s__rosidl_typesupport_fastrtps_c.cpython-310-aarch64-linux-gnu.so[0m
[56.754s] [100%] [32m[1mLinking C shared library rosidl_generator_py/astra_camera_msgs/astra_camera_msgs_s__rosidl_typesupport_introspection_c.cpython-310-aarch64-linux-gnu.so[0m
[57.080s] [100%] Built target astra_camera_msgs__rosidl_typesupport_c__pyext
[57.084s] [100%] Built target astra_camera_msgs__rosidl_typesupport_fastrtps_c__pyext
[57.096s] [100%] Built target astra_camera_msgs__rosidl_typesupport_introspection_c__pyext
[57.148s] Invoked command in '/home/tee/ros2_fyp/build/astra_camera_msgs' returned '0': CMAKE_PREFIX_PATH=${CMAKE_PREFIX_PATH}:/home/tee/ros2_fyp/install/r2_driver:/opt/ros/humble /usr/bin/cmake --build /home/tee/ros2_fyp/build/astra_camera_msgs -- -j4 -l4
[57.191s] Invoking command in '/home/tee/ros2_fyp/build/astra_camera_msgs': CMAKE_PREFIX_PATH=${CMAKE_PREFIX_PATH}:/home/tee/ros2_fyp/install/r2_driver:/opt/ros/humble /usr/bin/cmake --install /home/tee/ros2_fyp/build/astra_camera_msgs
[57.218s] -- Install configuration: ""
[57.221s] -- Execute custom install script
[57.222s] -- Symlinking: /home/tee/ros2_fyp/install/astra_camera_msgs/share/ament_index/resource_index/rosidl_interfaces/astra_camera_msgs
[57.261s] -- Symlinking: /home/tee/ros2_fyp/install/astra_camera_msgs/include/astra_camera_msgs/astra_camera_msgs/msg/detail/device_info__functions.h
[57.295s] -- Symlinking: /home/tee/ros2_fyp/install/astra_camera_msgs/include/astra_camera_msgs/astra_camera_msgs/msg/detail/device_info__struct.h
[57.328s] -- Symlinking: /home/tee/ros2_fyp/install/astra_camera_msgs/include/astra_camera_msgs/astra_camera_msgs/msg/detail/device_info__type_support.h
[57.360s] -- Symlinking: /home/tee/ros2_fyp/install/astra_camera_msgs/include/astra_camera_msgs/astra_camera_msgs/msg/detail/extrinsics__functions.h
[57.393s] -- Symlinking: /home/tee/ros2_fyp/install/astra_camera_msgs/include/astra_camera_msgs/astra_camera_msgs/msg/detail/extrinsics__struct.h
[57.425s] -- Symlinking: /home/tee/ros2_fyp/install/astra_camera_msgs/include/astra_camera_msgs/astra_camera_msgs/msg/detail/extrinsics__type_support.h
[57.458s] -- Symlinking: /home/tee/ros2_fyp/install/astra_camera_msgs/include/astra_camera_msgs/astra_camera_msgs/msg/detail/metadata__functions.h
[57.490s] -- Symlinking: /home/tee/ros2_fyp/install/astra_camera_msgs/include/astra_camera_msgs/astra_camera_msgs/msg/detail/metadata__struct.h
[57.524s] -- Symlinking: /home/tee/ros2_fyp/install/astra_camera_msgs/include/astra_camera_msgs/astra_camera_msgs/msg/detail/metadata__type_support.h
[57.557s] -- Symlinking: /home/tee/ros2_fyp/install/astra_camera_msgs/include/astra_camera_msgs/astra_camera_msgs/msg/device_info.h
[57.591s] -- Symlinking: /home/tee/ros2_fyp/install/astra_camera_msgs/include/astra_camera_msgs/astra_camera_msgs/msg/extrinsics.h
[57.623s] -- Symlinking: /home/tee/ros2_fyp/install/astra_camera_msgs/include/astra_camera_msgs/astra_camera_msgs/msg/metadata.h
[57.655s] -- Symlinking: /home/tee/ros2_fyp/install/astra_camera_msgs/include/astra_camera_msgs/astra_camera_msgs/msg/rosidl_generator_c__visibility_control.h
[57.688s] -- Symlinking: /home/tee/ros2_fyp/install/astra_camera_msgs/include/astra_camera_msgs/astra_camera_msgs/srv/detail/get_camera_info__functions.h
[57.720s] -- Symlinking: /home/tee/ros2_fyp/install/astra_camera_msgs/include/astra_camera_msgs/astra_camera_msgs/srv/detail/get_camera_info__struct.h
[57.752s] -- Symlinking: /home/tee/ros2_fyp/install/astra_camera_msgs/include/astra_camera_msgs/astra_camera_msgs/srv/detail/get_camera_info__type_support.h
[57.788s] -- Symlinking: /home/tee/ros2_fyp/install/astra_camera_msgs/include/astra_camera_msgs/astra_camera_msgs/srv/detail/get_camera_params__functions.h
[57.819s] -- Symlinking: /home/tee/ros2_fyp/install/astra_camera_msgs/include/astra_camera_msgs/astra_camera_msgs/srv/detail/get_camera_params__struct.h
[57.853s] -- Symlinking: /home/tee/ros2_fyp/install/astra_camera_msgs/include/astra_camera_msgs/astra_camera_msgs/srv/detail/get_camera_params__type_support.h
[57.887s] -- Symlinking: /home/tee/ros2_fyp/install/astra_camera_msgs/include/astra_camera_msgs/astra_camera_msgs/srv/detail/get_device_info__functions.h
[57.920s] -- Symlinking: /home/tee/ros2_fyp/install/astra_camera_msgs/include/astra_camera_msgs/astra_camera_msgs/srv/detail/get_device_info__struct.h
[57.952s] -- Symlinking: /home/tee/ros2_fyp/install/astra_camera_msgs/include/astra_camera_msgs/astra_camera_msgs/srv/detail/get_device_info__type_support.h
[57.985s] -- Symlinking: /home/tee/ros2_fyp/install/astra_camera_msgs/include/astra_camera_msgs/astra_camera_msgs/srv/detail/get_int32__functions.h
[58.017s] -- Symlinking: /home/tee/ros2_fyp/install/astra_camera_msgs/include/astra_camera_msgs/astra_camera_msgs/srv/detail/get_int32__struct.h
[58.050s] -- Symlinking: /home/tee/ros2_fyp/install/astra_camera_msgs/include/astra_camera_msgs/astra_camera_msgs/srv/detail/get_int32__type_support.h
[58.082s] -- Symlinking: /home/tee/ros2_fyp/install/astra_camera_msgs/include/astra_camera_msgs/astra_camera_msgs/srv/detail/get_string__functions.h
[58.115s] -- Symlinking: /home/tee/ros2_fyp/install/astra_camera_msgs/include/astra_camera_msgs/astra_camera_msgs/srv/detail/get_string__struct.h
[58.147s] -- Symlinking: /home/tee/ros2_fyp/install/astra_camera_msgs/include/astra_camera_msgs/astra_camera_msgs/srv/detail/get_string__type_support.h
[58.180s] -- Symlinking: /home/tee/ros2_fyp/install/astra_camera_msgs/include/astra_camera_msgs/astra_camera_msgs/srv/detail/set_int32__functions.h
[58.215s] -- Symlinking: /home/tee/ros2_fyp/install/astra_camera_msgs/include/astra_camera_msgs/astra_camera_msgs/srv/detail/set_int32__struct.h
[58.248s] -- Symlinking: /home/tee/ros2_fyp/install/astra_camera_msgs/include/astra_camera_msgs/astra_camera_msgs/srv/detail/set_int32__type_support.h
[58.280s] -- Symlinking: /home/tee/ros2_fyp/install/astra_camera_msgs/include/astra_camera_msgs/astra_camera_msgs/srv/get_camera_info.h
[58.313s] -- Symlinking: /home/tee/ros2_fyp/install/astra_camera_msgs/include/astra_camera_msgs/astra_camera_msgs/srv/get_camera_params.h
[58.346s] -- Symlinking: /home/tee/ros2_fyp/install/astra_camera_msgs/include/astra_camera_msgs/astra_camera_msgs/srv/get_device_info.h
[58.378s] -- Symlinking: /home/tee/ros2_fyp/install/astra_camera_msgs/include/astra_camera_msgs/astra_camera_msgs/srv/get_int32.h
[58.412s] -- Symlinking: /home/tee/ros2_fyp/install/astra_camera_msgs/include/astra_camera_msgs/astra_camera_msgs/srv/get_string.h
[58.443s] -- Symlinking: /home/tee/ros2_fyp/install/astra_camera_msgs/include/astra_camera_msgs/astra_camera_msgs/srv/set_int32.h
[58.476s] -- Symlinking: /home/tee/ros2_fyp/install/astra_camera_msgs/share/astra_camera_msgs/environment/library_path.sh
[58.510s] -- Symlinking: /home/tee/ros2_fyp/install/astra_camera_msgs/share/astra_camera_msgs/environment/library_path.dsv
[58.548s] -- Symlinking: /home/tee/ros2_fyp/install/astra_camera_msgs/include/astra_camera_msgs/astra_camera_msgs/msg/detail/device_info__rosidl_typesupport_fastrtps_c.h
[58.582s] -- Symlinking: /home/tee/ros2_fyp/install/astra_camera_msgs/include/astra_camera_msgs/astra_camera_msgs/msg/detail/extrinsics__rosidl_typesupport_fastrtps_c.h
[58.615s] -- Symlinking: /home/tee/ros2_fyp/install/astra_camera_msgs/include/astra_camera_msgs/astra_camera_msgs/msg/detail/metadata__rosidl_typesupport_fastrtps_c.h
[58.649s] -- Symlinking: /home/tee/ros2_fyp/install/astra_camera_msgs/include/astra_camera_msgs/astra_camera_msgs/msg/rosidl_typesupport_fastrtps_c__visibility_control.h
[58.682s] -- Symlinking: /home/tee/ros2_fyp/install/astra_camera_msgs/include/astra_camera_msgs/astra_camera_msgs/srv/detail/get_camera_info__rosidl_typesupport_fastrtps_c.h
[58.715s] -- Symlinking: /home/tee/ros2_fyp/install/astra_camera_msgs/include/astra_camera_msgs/astra_camera_msgs/srv/detail/get_camera_params__rosidl_typesupport_fastrtps_c.h
[58.747s] -- Symlinking: /home/tee/ros2_fyp/install/astra_camera_msgs/include/astra_camera_msgs/astra_camera_msgs/srv/detail/get_device_info__rosidl_typesupport_fastrtps_c.h
[58.782s] -- Symlinking: /home/tee/ros2_fyp/install/astra_camera_msgs/include/astra_camera_msgs/astra_camera_msgs/srv/detail/get_int32__rosidl_typesupport_fastrtps_c.h
[58.817s] -- Symlinking: /home/tee/ros2_fyp/install/astra_camera_msgs/include/astra_camera_msgs/astra_camera_msgs/srv/detail/get_string__rosidl_typesupport_fastrtps_c.h
[58.850s] -- Symlinking: /home/tee/ros2_fyp/install/astra_camera_msgs/include/astra_camera_msgs/astra_camera_msgs/srv/detail/set_int32__rosidl_typesupport_fastrtps_c.h
[58.886s] -- Symlinking: /home/tee/ros2_fyp/install/astra_camera_msgs/include/astra_camera_msgs/astra_camera_msgs/msg/detail/device_info__rosidl_typesupport_introspection_c.h
[58.919s] -- Symlinking: /home/tee/ros2_fyp/install/astra_camera_msgs/include/astra_camera_msgs/astra_camera_msgs/msg/detail/extrinsics__rosidl_typesupport_introspection_c.h
[58.952s] -- Symlinking: /home/tee/ros2_fyp/install/astra_camera_msgs/include/astra_camera_msgs/astra_camera_msgs/msg/detail/metadata__rosidl_typesupport_introspection_c.h
[58.984s] -- Symlinking: /home/tee/ros2_fyp/install/astra_camera_msgs/include/astra_camera_msgs/astra_camera_msgs/msg/rosidl_typesupport_introspection_c__visibility_control.h
[59.017s] -- Symlinking: /home/tee/ros2_fyp/install/astra_camera_msgs/include/astra_camera_msgs/astra_camera_msgs/srv/detail/get_camera_info__rosidl_typesupport_introspection_c.h
[59.050s] -- Symlinking: /home/tee/ros2_fyp/install/astra_camera_msgs/include/astra_camera_msgs/astra_camera_msgs/srv/detail/get_camera_params__rosidl_typesupport_introspection_c.h
[59.082s] -- Symlinking: /home/tee/ros2_fyp/install/astra_camera_msgs/include/astra_camera_msgs/astra_camera_msgs/srv/detail/get_device_info__rosidl_typesupport_introspection_c.h
[59.115s] -- Symlinking: /home/tee/ros2_fyp/install/astra_camera_msgs/include/astra_camera_msgs/astra_camera_msgs/srv/detail/get_int32__rosidl_typesupport_introspection_c.h
[59.147s] -- Symlinking: /home/tee/ros2_fyp/install/astra_camera_msgs/include/astra_camera_msgs/astra_camera_msgs/srv/detail/get_string__rosidl_typesupport_introspection_c.h
[59.180s] -- Symlinking: /home/tee/ros2_fyp/install/astra_camera_msgs/include/astra_camera_msgs/astra_camera_msgs/srv/detail/set_int32__rosidl_typesupport_introspection_c.h
[59.219s] -- Symlinking: /home/tee/ros2_fyp/install/astra_camera_msgs/include/astra_camera_msgs/astra_camera_msgs/msg/detail/device_info__builder.hpp
[59.253s] -- Symlinking: /home/tee/ros2_fyp/install/astra_camera_msgs/include/astra_camera_msgs/astra_camera_msgs/msg/detail/device_info__struct.hpp
[59.285s] -- Symlinking: /home/tee/ros2_fyp/install/astra_camera_msgs/include/astra_camera_msgs/astra_camera_msgs/msg/detail/device_info__traits.hpp
[59.318s] -- Symlinking: /home/tee/ros2_fyp/install/astra_camera_msgs/include/astra_camera_msgs/astra_camera_msgs/msg/detail/device_info__type_support.hpp
[59.350s] -- Symlinking: /home/tee/ros2_fyp/install/astra_camera_msgs/include/astra_camera_msgs/astra_camera_msgs/msg/detail/extrinsics__builder.hpp
[59.383s] -- Symlinking: /home/tee/ros2_fyp/install/astra_camera_msgs/include/astra_camera_msgs/astra_camera_msgs/msg/detail/extrinsics__struct.hpp
[59.435s] -- Symlinking: /home/tee/ros2_fyp/install/astra_camera_msgs/include/astra_camera_msgs/astra_camera_msgs/msg/detail/extrinsics__traits.hpp
[59.471s] -- Symlinking: /home/tee/ros2_fyp/install/astra_camera_msgs/include/astra_camera_msgs/astra_camera_msgs/msg/detail/extrinsics__type_support.hpp
[59.517s] -- Symlinking: /home/tee/ros2_fyp/install/astra_camera_msgs/include/astra_camera_msgs/astra_camera_msgs/msg/detail/metadata__builder.hpp
[59.571s] -- Symlinking: /home/tee/ros2_fyp/install/astra_camera_msgs/include/astra_camera_msgs/astra_camera_msgs/msg/detail/metadata__struct.hpp
[59.603s] -- Symlinking: /home/tee/ros2_fyp/install/astra_camera_msgs/include/astra_camera_msgs/astra_camera_msgs/msg/detail/metadata__traits.hpp
[59.635s] -- Symlinking: /home/tee/ros2_fyp/install/astra_camera_msgs/include/astra_camera_msgs/astra_camera_msgs/msg/detail/metadata__type_support.hpp
[59.669s] -- Symlinking: /home/tee/ros2_fyp/install/astra_camera_msgs/include/astra_camera_msgs/astra_camera_msgs/msg/device_info.hpp
[59.701s] -- Symlinking: /home/tee/ros2_fyp/install/astra_camera_msgs/include/astra_camera_msgs/astra_camera_msgs/msg/extrinsics.hpp
[59.734s] -- Symlinking: /home/tee/ros2_fyp/install/astra_camera_msgs/include/astra_camera_msgs/astra_camera_msgs/msg/metadata.hpp
[59.766s] -- Symlinking: /home/tee/ros2_fyp/install/astra_camera_msgs/include/astra_camera_msgs/astra_camera_msgs/msg/rosidl_generator_cpp__visibility_control.hpp
[59.799s] -- Symlinking: /home/tee/ros2_fyp/install/astra_camera_msgs/include/astra_camera_msgs/astra_camera_msgs/srv/detail/get_camera_info__builder.hpp
[59.832s] -- Symlinking: /home/tee/ros2_fyp/install/astra_camera_msgs/include/astra_camera_msgs/astra_camera_msgs/srv/detail/get_camera_info__struct.hpp
[59.864s] -- Symlinking: /home/tee/ros2_fyp/install/astra_camera_msgs/include/astra_camera_msgs/astra_camera_msgs/srv/detail/get_camera_info__traits.hpp
[59.897s] -- Symlinking: /home/tee/ros2_fyp/install/astra_camera_msgs/include/astra_camera_msgs/astra_camera_msgs/srv/detail/get_camera_info__type_support.hpp
[59.930s] -- Symlinking: /home/tee/ros2_fyp/install/astra_camera_msgs/include/astra_camera_msgs/astra_camera_msgs/srv/detail/get_camera_params__builder.hpp
[59.962s] -- Symlinking: /home/tee/ros2_fyp/install/astra_camera_msgs/include/astra_camera_msgs/astra_camera_msgs/srv/detail/get_camera_params__struct.hpp
[59.995s] -- Symlinking: /home/tee/ros2_fyp/install/astra_camera_msgs/include/astra_camera_msgs/astra_camera_msgs/srv/detail/get_camera_params__traits.hpp
[60.028s] -- Symlinking: /home/tee/ros2_fyp/install/astra_camera_msgs/include/astra_camera_msgs/astra_camera_msgs/srv/detail/get_camera_params__type_support.hpp
[60.060s] -- Symlinking: /home/tee/ros2_fyp/install/astra_camera_msgs/include/astra_camera_msgs/astra_camera_msgs/srv/detail/get_device_info__builder.hpp
[60.093s] -- Symlinking: /home/tee/ros2_fyp/install/astra_camera_msgs/include/astra_camera_msgs/astra_camera_msgs/srv/detail/get_device_info__struct.hpp
[60.126s] -- Symlinking: /home/tee/ros2_fyp/install/astra_camera_msgs/include/astra_camera_msgs/astra_camera_msgs/srv/detail/get_device_info__traits.hpp
[60.158s] -- Symlinking: /home/tee/ros2_fyp/install/astra_camera_msgs/include/astra_camera_msgs/astra_camera_msgs/srv/detail/get_device_info__type_support.hpp
[60.199s] -- Symlinking: /home/tee/ros2_fyp/install/astra_camera_msgs/include/astra_camera_msgs/astra_camera_msgs/srv/detail/get_int32__builder.hpp
[60.243s] -- Symlinking: /home/tee/ros2_fyp/install/astra_camera_msgs/include/astra_camera_msgs/astra_camera_msgs/srv/detail/get_int32__struct.hpp
[60.282s] -- Symlinking: /home/tee/ros2_fyp/install/astra_camera_msgs/include/astra_camera_msgs/astra_camera_msgs/srv/detail/get_int32__traits.hpp
[60.317s] -- Symlinking: /home/tee/ros2_fyp/install/astra_camera_msgs/include/astra_camera_msgs/astra_camera_msgs/srv/detail/get_int32__type_support.hpp
[60.351s] -- Symlinking: /home/tee/ros2_fyp/install/astra_camera_msgs/include/astra_camera_msgs/astra_camera_msgs/srv/detail/get_string__builder.hpp
[60.384s] -- Symlinking: /home/tee/ros2_fyp/install/astra_camera_msgs/include/astra_camera_msgs/astra_camera_msgs/srv/detail/get_string__struct.hpp
[60.417s] -- Symlinking: /home/tee/ros2_fyp/install/astra_camera_msgs/include/astra_camera_msgs/astra_camera_msgs/srv/detail/get_string__traits.hpp
[60.450s] -- Symlinking: /home/tee/ros2_fyp/install/astra_camera_msgs/include/astra_camera_msgs/astra_camera_msgs/srv/detail/get_string__type_support.hpp
[60.482s] -- Symlinking: /home/tee/ros2_fyp/install/astra_camera_msgs/include/astra_camera_msgs/astra_camera_msgs/srv/detail/set_int32__builder.hpp
[60.514s] -- Symlinking: /home/tee/ros2_fyp/install/astra_camera_msgs/include/astra_camera_msgs/astra_camera_msgs/srv/detail/set_int32__struct.hpp
[60.546s] -- Symlinking: /home/tee/ros2_fyp/install/astra_camera_msgs/include/astra_camera_msgs/astra_camera_msgs/srv/detail/set_int32__traits.hpp
[60.579s] -- Symlinking: /home/tee/ros2_fyp/install/astra_camera_msgs/include/astra_camera_msgs/astra_camera_msgs/srv/detail/set_int32__type_support.hpp
[60.611s] -- Symlinking: /home/tee/ros2_fyp/install/astra_camera_msgs/include/astra_camera_msgs/astra_camera_msgs/srv/get_camera_info.hpp
[60.644s] -- Symlinking: /home/tee/ros2_fyp/install/astra_camera_msgs/include/astra_camera_msgs/astra_camera_msgs/srv/get_camera_params.hpp
[60.676s] -- Symlinking: /home/tee/ros2_fyp/install/astra_camera_msgs/include/astra_camera_msgs/astra_camera_msgs/srv/get_device_info.hpp
[60.709s] -- Symlinking: /home/tee/ros2_fyp/install/astra_camera_msgs/include/astra_camera_msgs/astra_camera_msgs/srv/get_int32.hpp
[60.741s] -- Symlinking: /home/tee/ros2_fyp/install/astra_camera_msgs/include/astra_camera_msgs/astra_camera_msgs/srv/get_string.hpp
[60.775s] -- Symlinking: /home/tee/ros2_fyp/install/astra_camera_msgs/include/astra_camera_msgs/astra_camera_msgs/srv/set_int32.hpp
[60.813s] -- Symlinking: /home/tee/ros2_fyp/install/astra_camera_msgs/include/astra_camera_msgs/astra_camera_msgs/msg/detail/device_info__rosidl_typesupport_fastrtps_cpp.hpp
[60.847s] -- Symlinking: /home/tee/ros2_fyp/install/astra_camera_msgs/include/astra_camera_msgs/astra_camera_msgs/msg/detail/extrinsics__rosidl_typesupport_fastrtps_cpp.hpp
[60.880s] -- Symlinking: /home/tee/ros2_fyp/install/astra_camera_msgs/include/astra_camera_msgs/astra_camera_msgs/msg/detail/metadata__rosidl_typesupport_fastrtps_cpp.hpp
[60.913s] -- Symlinking: /home/tee/ros2_fyp/install/astra_camera_msgs/include/astra_camera_msgs/astra_camera_msgs/msg/rosidl_typesupport_fastrtps_cpp__visibility_control.h
[60.946s] -- Symlinking: /home/tee/ros2_fyp/install/astra_camera_msgs/include/astra_camera_msgs/astra_camera_msgs/srv/detail/get_camera_info__rosidl_typesupport_fastrtps_cpp.hpp
[60.979s] -- Symlinking: /home/tee/ros2_fyp/install/astra_camera_msgs/include/astra_camera_msgs/astra_camera_msgs/srv/detail/get_camera_params__rosidl_typesupport_fastrtps_cpp.hpp
[61.012s] -- Symlinking: /home/tee/ros2_fyp/install/astra_camera_msgs/include/astra_camera_msgs/astra_camera_msgs/srv/detail/get_device_info__rosidl_typesupport_fastrtps_cpp.hpp
[61.044s] -- Symlinking: /home/tee/ros2_fyp/install/astra_camera_msgs/include/astra_camera_msgs/astra_camera_msgs/srv/detail/get_int32__rosidl_typesupport_fastrtps_cpp.hpp
[61.076s] -- Symlinking: /home/tee/ros2_fyp/install/astra_camera_msgs/include/astra_camera_msgs/astra_camera_msgs/srv/detail/get_string__rosidl_typesupport_fastrtps_cpp.hpp
[61.110s] -- Symlinking: /home/tee/ros2_fyp/install/astra_camera_msgs/include/astra_camera_msgs/astra_camera_msgs/srv/detail/set_int32__rosidl_typesupport_fastrtps_cpp.hpp
[61.145s] -- Symlinking: /home/tee/ros2_fyp/install/astra_camera_msgs/include/astra_camera_msgs/astra_camera_msgs/msg/detail/device_info__rosidl_typesupport_introspection_cpp.hpp
[61.180s] -- Symlinking: /home/tee/ros2_fyp/install/astra_camera_msgs/include/astra_camera_msgs/astra_camera_msgs/msg/detail/extrinsics__rosidl_typesupport_introspection_cpp.hpp
[61.213s] -- Symlinking: /home/tee/ros2_fyp/install/astra_camera_msgs/include/astra_camera_msgs/astra_camera_msgs/msg/detail/metadata__rosidl_typesupport_introspection_cpp.hpp
[61.247s] -- Symlinking: /home/tee/ros2_fyp/install/astra_camera_msgs/include/astra_camera_msgs/astra_camera_msgs/srv/detail/get_camera_info__rosidl_typesupport_introspection_cpp.hpp
[61.280s] -- Symlinking: /home/tee/ros2_fyp/install/astra_camera_msgs/include/astra_camera_msgs/astra_camera_msgs/srv/detail/get_camera_params__rosidl_typesupport_introspection_cpp.hpp
[61.313s] -- Symlinking: /home/tee/ros2_fyp/install/astra_camera_msgs/include/astra_camera_msgs/astra_camera_msgs/srv/detail/get_device_info__rosidl_typesupport_introspection_cpp.hpp
[61.345s] -- Symlinking: /home/tee/ros2_fyp/install/astra_camera_msgs/include/astra_camera_msgs/astra_camera_msgs/srv/detail/get_int32__rosidl_typesupport_introspection_cpp.hpp
[61.377s] -- Symlinking: /home/tee/ros2_fyp/install/astra_camera_msgs/include/astra_camera_msgs/astra_camera_msgs/srv/detail/get_string__rosidl_typesupport_introspection_cpp.hpp
[61.409s] -- Symlinking: /home/tee/ros2_fyp/install/astra_camera_msgs/include/astra_camera_msgs/astra_camera_msgs/srv/detail/set_int32__rosidl_typesupport_introspection_cpp.hpp
[61.443s] -- Symlinking: /home/tee/ros2_fyp/install/astra_camera_msgs/share/astra_camera_msgs/environment/pythonpath.sh
[61.475s] -- Symlinking: /home/tee/ros2_fyp/install/astra_camera_msgs/share/astra_camera_msgs/environment/pythonpath.dsv
[61.510s] -- Symlinking: /home/tee/ros2_fyp/install/astra_camera_msgs/local/lib/python3.10/dist-packages/astra_camera_msgs-1.0.1-py3.10.egg-info/PKG-INFO
[61.543s] -- Symlinking: /home/tee/ros2_fyp/install/astra_camera_msgs/local/lib/python3.10/dist-packages/astra_camera_msgs-1.0.1-py3.10.egg-info/SOURCES.txt
[61.575s] -- Symlinking: /home/tee/ros2_fyp/install/astra_camera_msgs/local/lib/python3.10/dist-packages/astra_camera_msgs-1.0.1-py3.10.egg-info/dependency_links.txt
[61.609s] -- Symlinking: /home/tee/ros2_fyp/install/astra_camera_msgs/local/lib/python3.10/dist-packages/astra_camera_msgs-1.0.1-py3.10.egg-info/top_level.txt
[61.651s] -- Symlinking: /home/tee/ros2_fyp/install/astra_camera_msgs/local/lib/python3.10/dist-packages/astra_camera_msgs/__init__.py
[61.684s] -- Symlinking: /home/tee/ros2_fyp/install/astra_camera_msgs/local/lib/python3.10/dist-packages/astra_camera_msgs/_astra_camera_msgs_s.ep.rosidl_typesupport_c.c
[61.718s] -- Symlinking: /home/tee/ros2_fyp/install/astra_camera_msgs/local/lib/python3.10/dist-packages/astra_camera_msgs/_astra_camera_msgs_s.ep.rosidl_typesupport_fastrtps_c.c
[61.752s] -- Symlinking: /home/tee/ros2_fyp/install/astra_camera_msgs/local/lib/python3.10/dist-packages/astra_camera_msgs/_astra_camera_msgs_s.ep.rosidl_typesupport_introspection_c.c
[61.787s] -- Symlinking: /home/tee/ros2_fyp/install/astra_camera_msgs/local/lib/python3.10/dist-packages/astra_camera_msgs/astra_camera_msgs_s__rosidl_typesupport_c.cpython-310-aarch64-linux-gnu.so
[61.819s] -- Symlinking: /home/tee/ros2_fyp/install/astra_camera_msgs/local/lib/python3.10/dist-packages/astra_camera_msgs/astra_camera_msgs_s__rosidl_typesupport_fastrtps_c.cpython-310-aarch64-linux-gnu.so
[61.852s] -- Symlinking: /home/tee/ros2_fyp/install/astra_camera_msgs/local/lib/python3.10/dist-packages/astra_camera_msgs/astra_camera_msgs_s__rosidl_typesupport_introspection_c.cpython-310-aarch64-linux-gnu.so
[61.884s] -- Symlinking: /home/tee/ros2_fyp/install/astra_camera_msgs/local/lib/python3.10/dist-packages/astra_camera_msgs/libastra_camera_msgs__rosidl_generator_py.so
[61.917s] -- Symlinking: /home/tee/ros2_fyp/install/astra_camera_msgs/local/lib/python3.10/dist-packages/astra_camera_msgs/msg/__init__.py
[61.950s] -- Symlinking: /home/tee/ros2_fyp/install/astra_camera_msgs/local/lib/python3.10/dist-packages/astra_camera_msgs/msg/_device_info.py
[61.983s] -- Symlinking: /home/tee/ros2_fyp/install/astra_camera_msgs/local/lib/python3.10/dist-packages/astra_camera_msgs/msg/_device_info_s.c
[62.016s] -- Symlinking: /home/tee/ros2_fyp/install/astra_camera_msgs/local/lib/python3.10/dist-packages/astra_camera_msgs/msg/_extrinsics.py
[62.050s] -- Symlinking: /home/tee/ros2_fyp/install/astra_camera_msgs/local/lib/python3.10/dist-packages/astra_camera_msgs/msg/_extrinsics_s.c
[62.083s] -- Symlinking: /home/tee/ros2_fyp/install/astra_camera_msgs/local/lib/python3.10/dist-packages/astra_camera_msgs/msg/_metadata.py
[62.116s] -- Symlinking: /home/tee/ros2_fyp/install/astra_camera_msgs/local/lib/python3.10/dist-packages/astra_camera_msgs/msg/_metadata_s.c
[62.150s] -- Symlinking: /home/tee/ros2_fyp/install/astra_camera_msgs/local/lib/python3.10/dist-packages/astra_camera_msgs/srv/__init__.py
[62.182s] -- Symlinking: /home/tee/ros2_fyp/install/astra_camera_msgs/local/lib/python3.10/dist-packages/astra_camera_msgs/srv/_get_camera_info.py
[62.216s] -- Symlinking: /home/tee/ros2_fyp/install/astra_camera_msgs/local/lib/python3.10/dist-packages/astra_camera_msgs/srv/_get_camera_info_s.c
[62.251s] -- Symlinking: /home/tee/ros2_fyp/install/astra_camera_msgs/local/lib/python3.10/dist-packages/astra_camera_msgs/srv/_get_camera_params.py
[62.284s] -- Symlinking: /home/tee/ros2_fyp/install/astra_camera_msgs/local/lib/python3.10/dist-packages/astra_camera_msgs/srv/_get_camera_params_s.c
[62.316s] -- Symlinking: /home/tee/ros2_fyp/install/astra_camera_msgs/local/lib/python3.10/dist-packages/astra_camera_msgs/srv/_get_device_info.py
[62.348s] -- Symlinking: /home/tee/ros2_fyp/install/astra_camera_msgs/local/lib/python3.10/dist-packages/astra_camera_msgs/srv/_get_device_info_s.c
[62.381s] -- Symlinking: /home/tee/ros2_fyp/install/astra_camera_msgs/local/lib/python3.10/dist-packages/astra_camera_msgs/srv/_get_int32.py
[62.414s] -- Symlinking: /home/tee/ros2_fyp/install/astra_camera_msgs/local/lib/python3.10/dist-packages/astra_camera_msgs/srv/_get_int32_s.c
[62.446s] -- Symlinking: /home/tee/ros2_fyp/install/astra_camera_msgs/local/lib/python3.10/dist-packages/astra_camera_msgs/srv/_get_string.py
[62.479s] -- Symlinking: /home/tee/ros2_fyp/install/astra_camera_msgs/local/lib/python3.10/dist-packages/astra_camera_msgs/srv/_get_string_s.c
[62.511s] -- Symlinking: /home/tee/ros2_fyp/install/astra_camera_msgs/local/lib/python3.10/dist-packages/astra_camera_msgs/srv/_set_int32.py
[62.546s] -- Symlinking: /home/tee/ros2_fyp/install/astra_camera_msgs/local/lib/python3.10/dist-packages/astra_camera_msgs/srv/_set_int32_s.c
[62.580s] -- Up-to-date symlink: /home/tee/ros2_fyp/install/astra_camera_msgs/local/lib/python3.10/dist-packages/astra_camera_msgs/astra_camera_msgs_s__rosidl_typesupport_fastrtps_c.cpython-310-aarch64-linux-gnu.so
[62.581s] -- Up-to-date symlink: /home/tee/ros2_fyp/install/astra_camera_msgs/local/lib/python3.10/dist-packages/astra_camera_msgs/astra_camera_msgs_s__rosidl_typesupport_introspection_c.cpython-310-aarch64-linux-gnu.so
[62.583s] -- Up-to-date symlink: /home/tee/ros2_fyp/install/astra_camera_msgs/local/lib/python3.10/dist-packages/astra_camera_msgs/astra_camera_msgs_s__rosidl_typesupport_c.cpython-310-aarch64-linux-gnu.so
[62.584s] -- Symlinking: /home/tee/ros2_fyp/install/astra_camera_msgs/share/astra_camera_msgs/msg/DeviceInfo.idl
[62.620s] -- Symlinking: /home/tee/ros2_fyp/install/astra_camera_msgs/share/astra_camera_msgs/msg/Extrinsics.idl
[62.652s] -- Symlinking: /home/tee/ros2_fyp/install/astra_camera_msgs/share/astra_camera_msgs/msg/Metadata.idl
[62.687s] -- Symlinking: /home/tee/ros2_fyp/install/astra_camera_msgs/share/astra_camera_msgs/srv/GetDeviceInfo.idl
[62.720s] -- Symlinking: /home/tee/ros2_fyp/install/astra_camera_msgs/share/astra_camera_msgs/srv/GetCameraInfo.idl
[62.752s] -- Symlinking: /home/tee/ros2_fyp/install/astra_camera_msgs/share/astra_camera_msgs/srv/GetCameraParams.idl
[62.785s] -- Symlinking: /home/tee/ros2_fyp/install/astra_camera_msgs/share/astra_camera_msgs/srv/GetInt32.idl
[62.818s] -- Symlinking: /home/tee/ros2_fyp/install/astra_camera_msgs/share/astra_camera_msgs/srv/GetString.idl
[62.852s] -- Symlinking: /home/tee/ros2_fyp/install/astra_camera_msgs/share/astra_camera_msgs/srv/SetInt32.idl
[62.885s] -- Symlinking: /home/tee/ros2_fyp/install/astra_camera_msgs/share/astra_camera_msgs/msg/DeviceInfo.msg
[62.918s] -- Symlinking: /home/tee/ros2_fyp/install/astra_camera_msgs/share/astra_camera_msgs/msg/Extrinsics.msg
[62.951s] -- Symlinking: /home/tee/ros2_fyp/install/astra_camera_msgs/share/astra_camera_msgs/msg/Metadata.msg
[62.984s] -- Symlinking: /home/tee/ros2_fyp/install/astra_camera_msgs/share/astra_camera_msgs/srv/GetDeviceInfo.srv
[63.018s] -- Symlinking: /home/tee/ros2_fyp/install/astra_camera_msgs/share/astra_camera_msgs/srv/GetDeviceInfo_Request.msg
[63.050s] -- Symlinking: /home/tee/ros2_fyp/install/astra_camera_msgs/share/astra_camera_msgs/srv/GetDeviceInfo_Response.msg
[63.085s] -- Symlinking: /home/tee/ros2_fyp/install/astra_camera_msgs/share/astra_camera_msgs/srv/GetCameraInfo.srv
[63.118s] -- Symlinking: /home/tee/ros2_fyp/install/astra_camera_msgs/share/astra_camera_msgs/srv/GetCameraInfo_Request.msg
[63.152s] -- Symlinking: /home/tee/ros2_fyp/install/astra_camera_msgs/share/astra_camera_msgs/srv/GetCameraInfo_Response.msg
[63.184s] -- Symlinking: /home/tee/ros2_fyp/install/astra_camera_msgs/share/astra_camera_msgs/srv/GetCameraParams.srv
[63.218s] -- Symlinking: /home/tee/ros2_fyp/install/astra_camera_msgs/share/astra_camera_msgs/srv/GetCameraParams_Request.msg
[63.251s] -- Symlinking: /home/tee/ros2_fyp/install/astra_camera_msgs/share/astra_camera_msgs/srv/GetCameraParams_Response.msg
[63.284s] -- Symlinking: /home/tee/ros2_fyp/install/astra_camera_msgs/share/astra_camera_msgs/srv/GetInt32.srv
[63.318s] -- Symlinking: /home/tee/ros2_fyp/install/astra_camera_msgs/share/astra_camera_msgs/srv/GetInt32_Request.msg
[63.351s] -- Symlinking: /home/tee/ros2_fyp/install/astra_camera_msgs/share/astra_camera_msgs/srv/GetInt32_Response.msg
[63.384s] -- Symlinking: /home/tee/ros2_fyp/install/astra_camera_msgs/share/astra_camera_msgs/srv/GetString.srv
[63.418s] -- Symlinking: /home/tee/ros2_fyp/install/astra_camera_msgs/share/astra_camera_msgs/srv/GetString_Request.msg
[63.452s] -- Symlinking: /home/tee/ros2_fyp/install/astra_camera_msgs/share/astra_camera_msgs/srv/GetString_Response.msg
[63.486s] -- Symlinking: /home/tee/ros2_fyp/install/astra_camera_msgs/share/astra_camera_msgs/srv/SetInt32.srv
[63.519s] -- Symlinking: /home/tee/ros2_fyp/install/astra_camera_msgs/share/astra_camera_msgs/srv/SetInt32_Request.msg
[63.551s] -- Symlinking: /home/tee/ros2_fyp/install/astra_camera_msgs/share/astra_camera_msgs/srv/SetInt32_Response.msg
[63.584s] -- Symlinking: /home/tee/ros2_fyp/install/astra_camera_msgs/share/ament_index/resource_index/package_run_dependencies/astra_camera_msgs
[63.618s] -- Symlinking: /home/tee/ros2_fyp/install/astra_camera_msgs/share/ament_index/resource_index/parent_prefix_path/astra_camera_msgs
[63.653s] -- Symlinking: /home/tee/ros2_fyp/install/astra_camera_msgs/share/astra_camera_msgs/environment/ament_prefix_path.sh
[63.684s] -- Symlinking: /home/tee/ros2_fyp/install/astra_camera_msgs/share/astra_camera_msgs/environment/ament_prefix_path.dsv
[63.717s] -- Symlinking: /home/tee/ros2_fyp/install/astra_camera_msgs/share/astra_camera_msgs/environment/path.sh
[63.750s] -- Symlinking: /home/tee/ros2_fyp/install/astra_camera_msgs/share/astra_camera_msgs/environment/path.dsv
[63.784s] -- Symlinking: /home/tee/ros2_fyp/install/astra_camera_msgs/share/astra_camera_msgs/local_setup.bash
[63.817s] -- Symlinking: /home/tee/ros2_fyp/install/astra_camera_msgs/share/astra_camera_msgs/local_setup.sh
[63.850s] -- Symlinking: /home/tee/ros2_fyp/install/astra_camera_msgs/share/astra_camera_msgs/local_setup.zsh
[63.883s] -- Symlinking: /home/tee/ros2_fyp/install/astra_camera_msgs/share/astra_camera_msgs/local_setup.dsv
[63.916s] -- Symlinking: /home/tee/ros2_fyp/install/astra_camera_msgs/share/astra_camera_msgs/package.dsv
[63.949s] -- Symlinking: /home/tee/ros2_fyp/install/astra_camera_msgs/share/ament_index/resource_index/packages/astra_camera_msgs
[63.983s] -- Symlinking: /home/tee/ros2_fyp/install/astra_camera_msgs/share/astra_camera_msgs/cmake/rosidl_cmake-extras.cmake
[64.016s] -- Symlinking: /home/tee/ros2_fyp/install/astra_camera_msgs/share/astra_camera_msgs/cmake/ament_cmake_export_dependencies-extras.cmake
[64.049s] -- Symlinking: /home/tee/ros2_fyp/install/astra_camera_msgs/share/astra_camera_msgs/cmake/ament_cmake_export_include_directories-extras.cmake
[64.083s] -- Symlinking: /home/tee/ros2_fyp/install/astra_camera_msgs/share/astra_camera_msgs/cmake/ament_cmake_export_libraries-extras.cmake
[64.117s] -- Symlinking: /home/tee/ros2_fyp/install/astra_camera_msgs/share/astra_camera_msgs/cmake/ament_cmake_export_targets-extras.cmake
[64.150s] -- Symlinking: /home/tee/ros2_fyp/install/astra_camera_msgs/share/astra_camera_msgs/cmake/rosidl_cmake_export_typesupport_targets-extras.cmake
[64.183s] -- Symlinking: /home/tee/ros2_fyp/install/astra_camera_msgs/share/astra_camera_msgs/cmake/rosidl_cmake_export_typesupport_libraries-extras.cmake
[64.216s] -- Symlinking: /home/tee/ros2_fyp/install/astra_camera_msgs/share/astra_camera_msgs/cmake/astra_camera_msgsConfig.cmake
[64.248s] -- Symlinking: /home/tee/ros2_fyp/install/astra_camera_msgs/share/astra_camera_msgs/cmake/astra_camera_msgsConfig-version.cmake
[64.281s] -- Symlinking: /home/tee/ros2_fyp/install/astra_camera_msgs/share/astra_camera_msgs/package.xml
[64.315s] -- Installing: /home/tee/ros2_fyp/install/astra_camera_msgs/lib/libastra_camera_msgs__rosidl_generator_c.so
[64.318s] -- Set runtime path of "/home/tee/ros2_fyp/install/astra_camera_msgs/lib/libastra_camera_msgs__rosidl_generator_c.so" to ""
[64.319s] -- Installing: /home/tee/ros2_fyp/install/astra_camera_msgs/lib/libastra_camera_msgs__rosidl_typesupport_fastrtps_c.so
[64.322s] -- Set runtime path of "/home/tee/ros2_fyp/install/astra_camera_msgs/lib/libastra_camera_msgs__rosidl_typesupport_fastrtps_c.so" to ""
[64.323s] -- Installing: /home/tee/ros2_fyp/install/astra_camera_msgs/lib/libastra_camera_msgs__rosidl_typesupport_introspection_c.so
[64.326s] -- Set runtime path of "/home/tee/ros2_fyp/install/astra_camera_msgs/lib/libastra_camera_msgs__rosidl_typesupport_introspection_c.so" to ""
[64.327s] -- Installing: /home/tee/ros2_fyp/install/astra_camera_msgs/lib/libastra_camera_msgs__rosidl_typesupport_c.so
[64.330s] -- Set runtime path of "/home/tee/ros2_fyp/install/astra_camera_msgs/lib/libastra_camera_msgs__rosidl_typesupport_c.so" to ""
[64.331s] -- Installing: /home/tee/ros2_fyp/install/astra_camera_msgs/lib/libastra_camera_msgs__rosidl_typesupport_fastrtps_cpp.so
[64.335s] -- Set runtime path of "/home/tee/ros2_fyp/install/astra_camera_msgs/lib/libastra_camera_msgs__rosidl_typesupport_fastrtps_cpp.so" to ""
[64.335s] -- Installing: /home/tee/ros2_fyp/install/astra_camera_msgs/lib/libastra_camera_msgs__rosidl_typesupport_introspection_cpp.so
[64.339s] -- Set runtime path of "/home/tee/ros2_fyp/install/astra_camera_msgs/lib/libastra_camera_msgs__rosidl_typesupport_introspection_cpp.so" to ""
[64.340s] -- Installing: /home/tee/ros2_fyp/install/astra_camera_msgs/lib/libastra_camera_msgs__rosidl_typesupport_cpp.so
[64.342s] -- Set runtime path of "/home/tee/ros2_fyp/install/astra_camera_msgs/lib/libastra_camera_msgs__rosidl_typesupport_cpp.so" to ""
[64.588s] Listing '/home/tee/ros2_fyp/install/astra_camera_msgs/local/lib/python3.10/dist-packages/astra_camera_msgs'...
[64.589s] Compiling '/home/tee/ros2_fyp/install/astra_camera_msgs/local/lib/python3.10/dist-packages/astra_camera_msgs/__init__.py'...
[64.590s] Listing '/home/tee/ros2_fyp/install/astra_camera_msgs/local/lib/python3.10/dist-packages/astra_camera_msgs/msg'...
[64.591s] Compiling '/home/tee/ros2_fyp/install/astra_camera_msgs/local/lib/python3.10/dist-packages/astra_camera_msgs/msg/__init__.py'...
[64.592s] Compiling '/home/tee/ros2_fyp/install/astra_camera_msgs/local/lib/python3.10/dist-packages/astra_camera_msgs/msg/_device_info.py'...
[64.593s] Compiling '/home/tee/ros2_fyp/install/astra_camera_msgs/local/lib/python3.10/dist-packages/astra_camera_msgs/msg/_extrinsics.py'...
[64.594s] Compiling '/home/tee/ros2_fyp/install/astra_camera_msgs/local/lib/python3.10/dist-packages/astra_camera_msgs/msg/_metadata.py'...
[64.595s] Listing '/home/tee/ros2_fyp/install/astra_camera_msgs/local/lib/python3.10/dist-packages/astra_camera_msgs/srv'...
[64.596s] Compiling '/home/tee/ros2_fyp/install/astra_camera_msgs/local/lib/python3.10/dist-packages/astra_camera_msgs/srv/__init__.py'...
[64.597s] Compiling '/home/tee/ros2_fyp/install/astra_camera_msgs/local/lib/python3.10/dist-packages/astra_camera_msgs/srv/_get_camera_info.py'...
[64.598s] Compiling '/home/tee/ros2_fyp/install/astra_camera_msgs/local/lib/python3.10/dist-packages/astra_camera_msgs/srv/_get_camera_params.py'...
[64.599s] Compiling '/home/tee/ros2_fyp/install/astra_camera_msgs/local/lib/python3.10/dist-packages/astra_camera_msgs/srv/_get_device_info.py'...
[64.600s] Compiling '/home/tee/ros2_fyp/install/astra_camera_msgs/local/lib/python3.10/dist-packages/astra_camera_msgs/srv/_get_int32.py'...
[64.601s] Compiling '/home/tee/ros2_fyp/install/astra_camera_msgs/local/lib/python3.10/dist-packages/astra_camera_msgs/srv/_get_string.py'...
[64.602s] Compiling '/home/tee/ros2_fyp/install/astra_camera_msgs/local/lib/python3.10/dist-packages/astra_camera_msgs/srv/_set_int32.py'...
[64.616s] -- Installing: /home/tee/ros2_fyp/install/astra_camera_msgs/lib/libastra_camera_msgs__rosidl_generator_py.so
[64.619s] -- Set runtime path of "/home/tee/ros2_fyp/install/astra_camera_msgs/lib/libastra_camera_msgs__rosidl_generator_py.so" to ""
[64.620s] -- Installing: /home/tee/ros2_fyp/install/astra_camera_msgs/share/astra_camera_msgs/cmake/export_astra_camera_msgs__rosidl_generator_cExport.cmake
[64.621s] -- Installing: /home/tee/ros2_fyp/install/astra_camera_msgs/share/astra_camera_msgs/cmake/export_astra_camera_msgs__rosidl_generator_cExport-noconfig.cmake
[64.623s] -- Installing: /home/tee/ros2_fyp/install/astra_camera_msgs/share/astra_camera_msgs/cmake/export_astra_camera_msgs__rosidl_typesupport_fastrtps_cExport.cmake
[64.624s] -- Installing: /home/tee/ros2_fyp/install/astra_camera_msgs/share/astra_camera_msgs/cmake/export_astra_camera_msgs__rosidl_typesupport_fastrtps_cExport-noconfig.cmake
[64.626s] -- Installing: /home/tee/ros2_fyp/install/astra_camera_msgs/share/astra_camera_msgs/cmake/astra_camera_msgs__rosidl_typesupport_introspection_cExport.cmake
[64.627s] -- Installing: /home/tee/ros2_fyp/install/astra_camera_msgs/share/astra_camera_msgs/cmake/astra_camera_msgs__rosidl_typesupport_introspection_cExport-noconfig.cmake
[64.629s] -- Installing: /home/tee/ros2_fyp/install/astra_camera_msgs/share/astra_camera_msgs/cmake/astra_camera_msgs__rosidl_typesupport_cExport.cmake
[64.630s] -- Installing: /home/tee/ros2_fyp/install/astra_camera_msgs/share/astra_camera_msgs/cmake/astra_camera_msgs__rosidl_typesupport_cExport-noconfig.cmake
[64.632s] -- Installing: /home/tee/ros2_fyp/install/astra_camera_msgs/share/astra_camera_msgs/cmake/export_astra_camera_msgs__rosidl_generator_cppExport.cmake
[64.633s] -- Installing: /home/tee/ros2_fyp/install/astra_camera_msgs/share/astra_camera_msgs/cmake/export_astra_camera_msgs__rosidl_typesupport_fastrtps_cppExport.cmake
[64.635s] -- Installing: /home/tee/ros2_fyp/install/astra_camera_msgs/share/astra_camera_msgs/cmake/export_astra_camera_msgs__rosidl_typesupport_fastrtps_cppExport-noconfig.cmake
[64.636s] -- Installing: /home/tee/ros2_fyp/install/astra_camera_msgs/share/astra_camera_msgs/cmake/astra_camera_msgs__rosidl_typesupport_introspection_cppExport.cmake
[64.638s] -- Installing: /home/tee/ros2_fyp/install/astra_camera_msgs/share/astra_camera_msgs/cmake/astra_camera_msgs__rosidl_typesupport_introspection_cppExport-noconfig.cmake
[64.639s] -- Installing: /home/tee/ros2_fyp/install/astra_camera_msgs/share/astra_camera_msgs/cmake/astra_camera_msgs__rosidl_typesupport_cppExport.cmake
[64.641s] -- Installing: /home/tee/ros2_fyp/install/astra_camera_msgs/share/astra_camera_msgs/cmake/astra_camera_msgs__rosidl_typesupport_cppExport-noconfig.cmake
[64.642s] -- Installing: /home/tee/ros2_fyp/install/astra_camera_msgs/share/astra_camera_msgs/cmake/export_astra_camera_msgs__rosidl_generator_pyExport.cmake
[64.644s] -- Installing: /home/tee/ros2_fyp/install/astra_camera_msgs/share/astra_camera_msgs/cmake/export_astra_camera_msgs__rosidl_generator_pyExport-noconfig.cmake
[64.652s] Invoked command in '/home/tee/ros2_fyp/build/astra_camera_msgs' returned '0': CMAKE_PREFIX_PATH=${CMAKE_PREFIX_PATH}:/home/tee/ros2_fyp/install/r2_driver:/opt/ros/humble /usr/bin/cmake --install /home/tee/ros2_fyp/build/astra_camera_msgs
