[3.291s] Invoking command in '/home/tee/ros2_fyp/build/r2_wheel_odometry': PYTHONPATH=/home/tee/ros2_fyp/build/r2_wheel_odometry/prefix_override:/usr/lib/python3/dist-packages/colcon_core/task/python/colcon_distutils_commands:/home/tee/ros2_fyp/install/r2_wheel_odometry/lib/python3.10/site-packages:${PYTHONPATH} /usr/bin/python3 -W ignore:setup.py install is deprecated -W ignore:easy_install command is deprecated setup.py develop --editable --build-directory /home/tee/ros2_fyp/build/r2_wheel_odometry/build --no-deps symlink_data
[4.610s] running develop
[5.548s] running egg_info
[5.549s] creating r2_wheel_odometry.egg-info
[5.550s] writing r2_wheel_odometry.egg-info/PKG-INFO
[5.551s] writing dependency_links to r2_wheel_odometry.egg-info/dependency_links.txt
[5.551s] writing entry points to r2_wheel_odometry.egg-info/entry_points.txt
[5.552s] writing requirements to r2_wheel_odometry.egg-info/requires.txt
[5.552s] writing top-level names to r2_wheel_odometry.egg-info/top_level.txt
[5.554s] writing manifest file 'r2_wheel_odometry.egg-info/SOURCES.txt'
[5.561s] reading manifest file 'r2_wheel_odometry.egg-info/SOURCES.txt'
[5.563s] writing manifest file 'r2_wheel_odometry.egg-info/SOURCES.txt'
[5.570s] running build_ext
[5.570s] Creating /home/tee/ros2_fyp/install/r2_wheel_odometry/lib/python3.10/site-packages/r2-wheel-odometry.egg-link (link to .)
[5.574s] 
[5.575s] Installed /home/tee/ros2_fyp/build/r2_wheel_odometry
[5.575s] running symlink_data
[5.576s] creating /home/tee/ros2_fyp/install/r2_wheel_odometry/share/ament_index
[5.576s] creating /home/tee/ros2_fyp/install/r2_wheel_odometry/share/ament_index/resource_index
[5.577s] creating /home/tee/ros2_fyp/install/r2_wheel_odometry/share/ament_index/resource_index/packages
[5.579s] symbolically linking /home/tee/ros2_fyp/build/r2_wheel_odometry/resource/r2_wheel_odometry -> /home/tee/ros2_fyp/install/r2_wheel_odometry/share/ament_index/resource_index/packages
[5.580s] symbolically linking /home/tee/ros2_fyp/build/r2_wheel_odometry/package.xml -> /home/tee/ros2_fyp/install/r2_wheel_odometry/share/r2_wheel_odometry
[5.713s] Invoked command in '/home/tee/ros2_fyp/build/r2_wheel_odometry' returned '0': PYTHONPATH=/home/tee/ros2_fyp/build/r2_wheel_odometry/prefix_override:/usr/lib/python3/dist-packages/colcon_core/task/python/colcon_distutils_commands:/home/tee/ros2_fyp/install/r2_wheel_odometry/lib/python3.10/site-packages:${PYTHONPATH} /usr/bin/python3 -W ignore:setup.py install is deprecated -W ignore:easy_install command is deprecated setup.py develop --editable --build-directory /home/tee/ros2_fyp/build/r2_wheel_odometry/build --no-deps symlink_data
