[0.056s] Invoking command in '/home/tee/ros2_fyp/build/ros2_fyp_description': CMAKE_PREFIX_PATH=${CMAKE_PREFIX_PATH}:/home/tee/ros2_fyp/install/r2_driver:/opt/ros/humble /usr/bin/cmake --build /home/tee/ros2_fyp/build/ros2_fyp_description -- -j4 -l4
[0.161s] -- Found ament_cmake: 1.3.12 (/opt/ros/humble/share/ament_cmake/cmake)
[0.742s] -- Override CMake install command with custom implementation using symlinks instead of copying resources
[0.775s] -- Found ament_lint_auto: 0.12.14 (/opt/ros/humble/share/ament_lint_auto/cmake)
[1.111s] -- Added test 'flake8' to check Python code syntax and style conventions
[1.114s] -- Added test 'lint_cmake' to check CMake code style
[1.116s] -- Added test 'pep257' to check Python code against some of the docstring style conventions in PEP 257
[1.125s] -- Added test 'xmllint' to check XML markup files
[1.130s] -- Configuring done
[1.150s] -- Generating done
[1.159s] -- Build files have been written to: /home/tee/ros2_fyp/build/ros2_fyp_description
[1.248s] Invoked command in '/home/tee/ros2_fyp/build/ros2_fyp_description' returned '0': CMAKE_PREFIX_PATH=${CMAKE_PREFIX_PATH}:/home/tee/ros2_fyp/install/r2_driver:/opt/ros/humble /usr/bin/cmake --build /home/tee/ros2_fyp/build/ros2_fyp_description -- -j4 -l4
[1.292s] Invoking command in '/home/tee/ros2_fyp/build/ros2_fyp_description': CMAKE_PREFIX_PATH=${CMAKE_PREFIX_PATH}:/home/tee/ros2_fyp/install/r2_driver:/opt/ros/humble /usr/bin/cmake --install /home/tee/ros2_fyp/build/ros2_fyp_description
[1.320s] -- Install configuration: ""
[1.322s] -- Execute custom install script
[1.324s] -- Up-to-date symlink: /home/tee/ros2_fyp/install/ros2_fyp_description/share/ros2_fyp_description}/urdf/ros2_fyp_robot.urdf.xacro
[1.326s] -- Up-to-date symlink: /home/tee/ros2_fyp/install/ros2_fyp_description/share/ros2_fyp_description}/launch/robot_state.launch.py
[1.327s] -- Up-to-date symlink: /home/tee/ros2_fyp/install/ros2_fyp_description/share/ament_index/resource_index/package_run_dependencies/ros2_fyp_description
[1.328s] -- Up-to-date symlink: /home/tee/ros2_fyp/install/ros2_fyp_description/share/ament_index/resource_index/parent_prefix_path/ros2_fyp_description
[1.329s] -- Up-to-date symlink: /home/tee/ros2_fyp/install/ros2_fyp_description/share/ros2_fyp_description/environment/ament_prefix_path.sh
[1.330s] -- Up-to-date symlink: /home/tee/ros2_fyp/install/ros2_fyp_description/share/ros2_fyp_description/environment/ament_prefix_path.dsv
[1.331s] -- Up-to-date symlink: /home/tee/ros2_fyp/install/ros2_fyp_description/share/ros2_fyp_description/environment/path.sh
[1.333s] -- Up-to-date symlink: /home/tee/ros2_fyp/install/ros2_fyp_description/share/ros2_fyp_description/environment/path.dsv
[1.334s] -- Up-to-date symlink: /home/tee/ros2_fyp/install/ros2_fyp_description/share/ros2_fyp_description/local_setup.bash
[1.334s] -- Up-to-date symlink: /home/tee/ros2_fyp/install/ros2_fyp_description/share/ros2_fyp_description/local_setup.sh
[1.335s] -- Up-to-date symlink: /home/tee/ros2_fyp/install/ros2_fyp_description/share/ros2_fyp_description/local_setup.zsh
[1.336s] -- Up-to-date symlink: /home/tee/ros2_fyp/install/ros2_fyp_description/share/ros2_fyp_description/local_setup.dsv
[1.337s] -- Symlinking: /home/tee/ros2_fyp/install/ros2_fyp_description/share/ros2_fyp_description/package.dsv
[1.374s] -- Up-to-date symlink: /home/tee/ros2_fyp/install/ros2_fyp_description/share/ament_index/resource_index/packages/ros2_fyp_description
[1.375s] -- Up-to-date symlink: /home/tee/ros2_fyp/install/ros2_fyp_description/share/ros2_fyp_description/cmake/ros2_fyp_descriptionConfig.cmake
[1.375s] -- Up-to-date symlink: /home/tee/ros2_fyp/install/ros2_fyp_description/share/ros2_fyp_description/cmake/ros2_fyp_descriptionConfig-version.cmake
[1.377s] -- Up-to-date symlink: /home/tee/ros2_fyp/install/ros2_fyp_description/share/ros2_fyp_description/package.xml
[1.383s] Invoked command in '/home/tee/ros2_fyp/build/ros2_fyp_description' returned '0': CMAKE_PREFIX_PATH=${CMAKE_PREFIX_PATH}:/home/tee/ros2_fyp/install/r2_driver:/opt/ros/humble /usr/bin/cmake --install /home/tee/ros2_fyp/build/ros2_fyp_description
