[0.059s] Invoking command in '/home/tee/ros2_fyp/build/r2_bringup': CMAKE_PREFIX_PATH=${CMAKE_PREFIX_PATH}:/home/tee/ros2_fyp/install/r2_wheel_odometry:/home/tee/ros2_fyp/install/r2_driver:/opt/ros/humble /usr/bin/cmake /home/tee/ros2_fyp/src/r2_bringup -DAMENT_CMAKE_SYMLINK_INSTALL=1 -DCMAKE_INSTALL_PREFIX=/home/tee/ros2_fyp/install/r2_bringup
[0.999s] -- The C compiler identification is GNU 11.4.0
[1.740s] -- The CXX compiler identification is GNU 11.4.0
[1.792s] -- Detecting C compiler ABI info
[2.188s] -- Detecting C compiler ABI info - done
[2.215s] -- Check for working C compiler: /usr/bin/cc - skipped
[2.216s] -- Detecting C compile features
[2.219s] -- Detecting C compile features - done
[2.234s] -- Detecting CXX compiler ABI info
[2.637s] -- Detecting CXX compiler ABI info - done
[2.666s] -- Check for working CXX compiler: /usr/bin/c++ - skipped
[2.667s] -- Detecting CXX compile features
[2.669s] -- Detecting CXX compile features - done
[2.730s] -- Found ament_cmake: 1.3.12 (/opt/ros/humble/share/ament_cmake/cmake)
[3.618s] -- Found Python3: /usr/bin/python3 (found version "3.10.12") found components: Interpreter 
[3.962s] -- Override CMake install command with custom implementation using symlinks instead of copying resources
[4.535s] -- Found ament_lint_auto: 0.12.14 (/opt/ros/humble/share/ament_lint_auto/cmake)
[5.151s] -- Added test 'flake8' to check Python code syntax and style conventions
[5.156s] -- Added test 'lint_cmake' to check CMake code style
[5.161s] -- Added test 'pep257' to check Python code against some of the docstring style conventions in PEP 257
[5.171s] -- Added test 'xmllint' to check XML markup files
[5.184s] -- Configuring done
[5.206s] -- Generating done
[5.213s] -- Build files have been written to: /home/tee/ros2_fyp/build/r2_bringup
[5.228s] Invoked command in '/home/tee/ros2_fyp/build/r2_bringup' returned '0': CMAKE_PREFIX_PATH=${CMAKE_PREFIX_PATH}:/home/tee/ros2_fyp/install/r2_wheel_odometry:/home/tee/ros2_fyp/install/r2_driver:/opt/ros/humble /usr/bin/cmake /home/tee/ros2_fyp/src/r2_bringup -DAMENT_CMAKE_SYMLINK_INSTALL=1 -DCMAKE_INSTALL_PREFIX=/home/tee/ros2_fyp/install/r2_bringup
[5.238s] Invoking command in '/home/tee/ros2_fyp/build/r2_bringup': CMAKE_PREFIX_PATH=${CMAKE_PREFIX_PATH}:/home/tee/ros2_fyp/install/r2_wheel_odometry:/home/tee/ros2_fyp/install/r2_driver:/opt/ros/humble /usr/bin/cmake --build /home/tee/ros2_fyp/build/r2_bringup -- -j4 -l4
[5.400s] Invoked command in '/home/tee/ros2_fyp/build/r2_bringup' returned '0': CMAKE_PREFIX_PATH=${CMAKE_PREFIX_PATH}:/home/tee/ros2_fyp/install/r2_wheel_odometry:/home/tee/ros2_fyp/install/r2_driver:/opt/ros/humble /usr/bin/cmake --build /home/tee/ros2_fyp/build/r2_bringup -- -j4 -l4
[5.444s] Invoking command in '/home/tee/ros2_fyp/build/r2_bringup': CMAKE_PREFIX_PATH=${CMAKE_PREFIX_PATH}:/home/tee/ros2_fyp/install/r2_wheel_odometry:/home/tee/ros2_fyp/install/r2_driver:/opt/ros/humble /usr/bin/cmake --install /home/tee/ros2_fyp/build/r2_bringup
[5.473s] -- Install configuration: ""
[5.475s] -- Execute custom install script
[5.478s] -- Symlinking: /home/tee/ros2_fyp/install/r2_bringup/share/r2_bringup/launch/bringup.launch.py
[5.513s] -- Symlinking: /home/tee/ros2_fyp/install/r2_bringup/share/ament_index/resource_index/package_run_dependencies/r2_bringup
[5.549s] -- Symlinking: /home/tee/ros2_fyp/install/r2_bringup/share/ament_index/resource_index/parent_prefix_path/r2_bringup
[5.584s] -- Symlinking: /home/tee/ros2_fyp/install/r2_bringup/share/r2_bringup/environment/ament_prefix_path.sh
[5.620s] -- Symlinking: /home/tee/ros2_fyp/install/r2_bringup/share/r2_bringup/environment/ament_prefix_path.dsv
[5.656s] -- Symlinking: /home/tee/ros2_fyp/install/r2_bringup/share/r2_bringup/environment/path.sh
[5.701s] -- Symlinking: /home/tee/ros2_fyp/install/r2_bringup/share/r2_bringup/environment/path.dsv
[5.740s] -- Symlinking: /home/tee/ros2_fyp/install/r2_bringup/share/r2_bringup/local_setup.bash
[5.778s] -- Symlinking: /home/tee/ros2_fyp/install/r2_bringup/share/r2_bringup/local_setup.sh
[5.824s] -- Symlinking: /home/tee/ros2_fyp/install/r2_bringup/share/r2_bringup/local_setup.zsh
[5.866s] -- Symlinking: /home/tee/ros2_fyp/install/r2_bringup/share/r2_bringup/local_setup.dsv
[5.904s] -- Symlinking: /home/tee/ros2_fyp/install/r2_bringup/share/r2_bringup/package.dsv
[5.943s] -- Symlinking: /home/tee/ros2_fyp/install/r2_bringup/share/ament_index/resource_index/packages/r2_bringup
[5.980s] -- Symlinking: /home/tee/ros2_fyp/install/r2_bringup/share/r2_bringup/cmake/r2_bringupConfig.cmake
[6.014s] -- Symlinking: /home/tee/ros2_fyp/install/r2_bringup/share/r2_bringup/cmake/r2_bringupConfig-version.cmake
[6.052s] -- Symlinking: /home/tee/ros2_fyp/install/r2_bringup/share/r2_bringup/package.xml
[6.093s] Invoked command in '/home/tee/ros2_fyp/build/r2_bringup' returned '0': CMAKE_PREFIX_PATH=${CMAKE_PREFIX_PATH}:/home/tee/ros2_fyp/install/r2_wheel_odometry:/home/tee/ros2_fyp/install/r2_driver:/opt/ros/humble /usr/bin/cmake --install /home/tee/ros2_fyp/build/r2_bringup
