[0.649s] DEBUG:colcon:Command line arguments: ['/usr/bin/colcon', 'build', '--symlink-install', '--packages-select', 'ros2_fyp_description']
[0.649s] DEBUG:colcon:Parsed command line arguments: Namespace(log_base=None, log_level=None, verb_name='build', build_base='build', install_base='install', merge_install=False, symlink_install=True, test_result_base=None, continue_on_error=False, executor='parallel', parallel_workers=4, event_handlers=None, ignore_user_meta=False, metas=['./colcon.meta'], base_paths=['.'], packages_ignore=None, packages_ignore_regex=None, paths=None, packages_up_to=None, packages_up_to_regex=None, packages_above=None, packages_above_and_dependencies=None, packages_above_depth=None, packages_select_by_dep=None, packages_skip_by_dep=None, packages_skip_up_to=None, packages_select_build_failed=False, packages_skip_build_finished=False, packages_select_test_failures=False, packages_skip_test_passed=False, packages_select=['ros2_fyp_description'], packages_skip=None, packages_select_regex=None, packages_skip_regex=None, packages_start=None, packages_end=None, allow_overriding=[], cmake_args=None, cmake_target=None, cmake_target_skip_unavailable=False, cmake_clean_cache=False, cmake_clean_first=False, cmake_force_configure=False, ament_cmake_args=None, catkin_cmake_args=None, catkin_skip_building_tests=False, mixin_files=None, mixin=None, verb_parser=<colcon_mixin.mixin.mixin_argument.MixinArgumentDecorator object at 0xffff8dadf3d0>, verb_extension=<colcon_core.verb.build.BuildVerb object at 0xffff8dcc0d60>, main=<bound method BuildVerb.main of <colcon_core.verb.build.BuildVerb object at 0xffff8dcc0d60>>, mixin_verb=('build',))
[1.749s] Level 1:colcon.colcon_core.package_discovery:discover_packages(colcon_meta) check parameters
[1.750s] Level 1:colcon.colcon_core.package_discovery:discover_packages(recursive) check parameters
[1.750s] Level 1:colcon.colcon_core.package_discovery:discover_packages(ignore) check parameters
[1.750s] Level 1:colcon.colcon_core.package_discovery:discover_packages(path) check parameters
[1.750s] Level 1:colcon.colcon_core.package_discovery:discover_packages(colcon_meta) discover
[1.750s] Level 1:colcon.colcon_core.package_discovery:discover_packages(recursive) discover
[1.751s] INFO:colcon.colcon_core.package_discovery:Crawling recursively for packages in '/home/tee/ros2_fyp'
[1.751s] Level 1:colcon.colcon_core.package_identification:_identify(.) by extensions ['ignore', 'ignore_ament_install']
[1.752s] Level 1:colcon.colcon_core.package_identification:_identify(.) by extension 'ignore'
[1.752s] Level 1:colcon.colcon_core.package_identification:_identify(.) by extension 'ignore_ament_install'
[1.752s] Level 1:colcon.colcon_core.package_identification:_identify(.) by extensions ['colcon_pkg']
[1.752s] Level 1:colcon.colcon_core.package_identification:_identify(.) by extension 'colcon_pkg'
[1.753s] Level 1:colcon.colcon_core.package_identification:_identify(.) by extensions ['colcon_meta']
[1.753s] Level 1:colcon.colcon_core.package_identification:_identify(.) by extension 'colcon_meta'
[1.753s] Level 1:colcon.colcon_core.package_identification:_identify(.) by extensions ['ros']
[1.753s] Level 1:colcon.colcon_core.package_identification:_identify(.) by extension 'ros'
[1.798s] Level 1:colcon.colcon_core.package_identification:_identify(.) by extensions ['cmake', 'python']
[1.798s] Level 1:colcon.colcon_core.package_identification:_identify(.) by extension 'cmake'
[1.798s] Level 1:colcon.colcon_core.package_identification:_identify(.) by extension 'python'
[1.799s] Level 1:colcon.colcon_core.package_identification:_identify(.) by extensions ['python_setup_py']
[1.799s] Level 1:colcon.colcon_core.package_identification:_identify(.) by extension 'python_setup_py'
[1.799s] Level 1:colcon.colcon_core.package_identification:_identify(build) by extensions ['ignore', 'ignore_ament_install']
[1.800s] Level 1:colcon.colcon_core.package_identification:_identify(build) by extension 'ignore'
[1.800s] Level 1:colcon.colcon_core.package_identification:_identify(build) ignored
[1.801s] Level 1:colcon.colcon_core.package_identification:_identify(install) by extensions ['ignore', 'ignore_ament_install']
[1.801s] Level 1:colcon.colcon_core.package_identification:_identify(install) by extension 'ignore'
[1.801s] Level 1:colcon.colcon_core.package_identification:_identify(install) ignored
[1.802s] Level 1:colcon.colcon_core.package_identification:_identify(log) by extensions ['ignore', 'ignore_ament_install']
[1.802s] Level 1:colcon.colcon_core.package_identification:_identify(log) by extension 'ignore'
[1.802s] Level 1:colcon.colcon_core.package_identification:_identify(log) ignored
[1.803s] Level 1:colcon.colcon_core.package_identification:_identify(src) by extensions ['ignore', 'ignore_ament_install']
[1.803s] Level 1:colcon.colcon_core.package_identification:_identify(src) by extension 'ignore'
[1.803s] Level 1:colcon.colcon_core.package_identification:_identify(src) by extension 'ignore_ament_install'
[1.803s] Level 1:colcon.colcon_core.package_identification:_identify(src) by extensions ['colcon_pkg']
[1.804s] Level 1:colcon.colcon_core.package_identification:_identify(src) by extension 'colcon_pkg'
[1.804s] Level 1:colcon.colcon_core.package_identification:_identify(src) by extensions ['colcon_meta']
[1.804s] Level 1:colcon.colcon_core.package_identification:_identify(src) by extension 'colcon_meta'
[1.804s] Level 1:colcon.colcon_core.package_identification:_identify(src) by extensions ['ros']
[1.804s] Level 1:colcon.colcon_core.package_identification:_identify(src) by extension 'ros'
[1.805s] Level 1:colcon.colcon_core.package_identification:_identify(src) by extensions ['cmake', 'python']
[1.805s] Level 1:colcon.colcon_core.package_identification:_identify(src) by extension 'cmake'
[1.805s] Level 1:colcon.colcon_core.package_identification:_identify(src) by extension 'python'
[1.805s] Level 1:colcon.colcon_core.package_identification:_identify(src) by extensions ['python_setup_py']
[1.805s] Level 1:colcon.colcon_core.package_identification:_identify(src) by extension 'python_setup_py'
[1.806s] Level 1:colcon.colcon_core.package_identification:_identify(src/r2_driver) by extensions ['ignore', 'ignore_ament_install']
[1.806s] Level 1:colcon.colcon_core.package_identification:_identify(src/r2_driver) by extension 'ignore'
[1.806s] Level 1:colcon.colcon_core.package_identification:_identify(src/r2_driver) by extension 'ignore_ament_install'
[1.807s] Level 1:colcon.colcon_core.package_identification:_identify(src/r2_driver) by extensions ['colcon_pkg']
[1.807s] Level 1:colcon.colcon_core.package_identification:_identify(src/r2_driver) by extension 'colcon_pkg'
[1.807s] Level 1:colcon.colcon_core.package_identification:_identify(src/r2_driver) by extensions ['colcon_meta']
[1.807s] Level 1:colcon.colcon_core.package_identification:_identify(src/r2_driver) by extension 'colcon_meta'
[1.807s] Level 1:colcon.colcon_core.package_identification:_identify(src/r2_driver) by extensions ['ros']
[1.807s] Level 1:colcon.colcon_core.package_identification:_identify(src/r2_driver) by extension 'ros'
[1.819s] DEBUG:colcon.colcon_core.package_identification:Package 'src/r2_driver' with type 'ros.ament_python' and name 'r2_driver'
[1.820s] Level 1:colcon.colcon_core.package_identification:_identify(src/ros2_astra_camera) by extensions ['ignore', 'ignore_ament_install']
[1.821s] Level 1:colcon.colcon_core.package_identification:_identify(src/ros2_astra_camera) by extension 'ignore'
[1.821s] Level 1:colcon.colcon_core.package_identification:_identify(src/ros2_astra_camera) by extension 'ignore_ament_install'
[1.821s] Level 1:colcon.colcon_core.package_identification:_identify(src/ros2_astra_camera) by extensions ['colcon_pkg']
[1.821s] Level 1:colcon.colcon_core.package_identification:_identify(src/ros2_astra_camera) by extension 'colcon_pkg'
[1.822s] Level 1:colcon.colcon_core.package_identification:_identify(src/ros2_astra_camera) by extensions ['colcon_meta']
[1.822s] Level 1:colcon.colcon_core.package_identification:_identify(src/ros2_astra_camera) by extension 'colcon_meta'
[1.822s] Level 1:colcon.colcon_core.package_identification:_identify(src/ros2_astra_camera) by extensions ['ros']
[1.822s] Level 1:colcon.colcon_core.package_identification:_identify(src/ros2_astra_camera) by extension 'ros'
[1.823s] Level 1:colcon.colcon_core.package_identification:_identify(src/ros2_astra_camera) by extensions ['cmake', 'python']
[1.823s] Level 1:colcon.colcon_core.package_identification:_identify(src/ros2_astra_camera) by extension 'cmake'
[1.823s] Level 1:colcon.colcon_core.package_identification:_identify(src/ros2_astra_camera) by extension 'python'
[1.824s] Level 1:colcon.colcon_core.package_identification:_identify(src/ros2_astra_camera) by extensions ['python_setup_py']
[1.824s] Level 1:colcon.colcon_core.package_identification:_identify(src/ros2_astra_camera) by extension 'python_setup_py'
[1.825s] Level 1:colcon.colcon_core.package_identification:_identify(src/ros2_astra_camera/astra_camera) by extensions ['ignore', 'ignore_ament_install']
[1.825s] Level 1:colcon.colcon_core.package_identification:_identify(src/ros2_astra_camera/astra_camera) by extension 'ignore'
[1.825s] Level 1:colcon.colcon_core.package_identification:_identify(src/ros2_astra_camera/astra_camera) by extension 'ignore_ament_install'
[1.826s] Level 1:colcon.colcon_core.package_identification:_identify(src/ros2_astra_camera/astra_camera) by extensions ['colcon_pkg']
[1.826s] Level 1:colcon.colcon_core.package_identification:_identify(src/ros2_astra_camera/astra_camera) by extension 'colcon_pkg'
[1.826s] Level 1:colcon.colcon_core.package_identification:_identify(src/ros2_astra_camera/astra_camera) by extensions ['colcon_meta']
[1.827s] Level 1:colcon.colcon_core.package_identification:_identify(src/ros2_astra_camera/astra_camera) by extension 'colcon_meta'
[1.827s] Level 1:colcon.colcon_core.package_identification:_identify(src/ros2_astra_camera/astra_camera) by extensions ['ros']
[1.827s] Level 1:colcon.colcon_core.package_identification:_identify(src/ros2_astra_camera/astra_camera) by extension 'ros'
[1.843s] DEBUG:colcon.colcon_core.package_identification:Package 'src/ros2_astra_camera/astra_camera' with type 'ros.ament_cmake' and name 'astra_camera'
[1.843s] Level 1:colcon.colcon_core.package_identification:_identify(src/ros2_astra_camera/astra_camera_msgs) by extensions ['ignore', 'ignore_ament_install']
[1.844s] Level 1:colcon.colcon_core.package_identification:_identify(src/ros2_astra_camera/astra_camera_msgs) by extension 'ignore'
[1.844s] Level 1:colcon.colcon_core.package_identification:_identify(src/ros2_astra_camera/astra_camera_msgs) by extension 'ignore_ament_install'
[1.844s] Level 1:colcon.colcon_core.package_identification:_identify(src/ros2_astra_camera/astra_camera_msgs) by extensions ['colcon_pkg']
[1.845s] Level 1:colcon.colcon_core.package_identification:_identify(src/ros2_astra_camera/astra_camera_msgs) by extension 'colcon_pkg'
[1.845s] Level 1:colcon.colcon_core.package_identification:_identify(src/ros2_astra_camera/astra_camera_msgs) by extensions ['colcon_meta']
[1.845s] Level 1:colcon.colcon_core.package_identification:_identify(src/ros2_astra_camera/astra_camera_msgs) by extension 'colcon_meta'
[1.845s] Level 1:colcon.colcon_core.package_identification:_identify(src/ros2_astra_camera/astra_camera_msgs) by extensions ['ros']
[1.845s] Level 1:colcon.colcon_core.package_identification:_identify(src/ros2_astra_camera/astra_camera_msgs) by extension 'ros'
[1.849s] DEBUG:colcon.colcon_core.package_identification:Package 'src/ros2_astra_camera/astra_camera_msgs' with type 'ros.ament_cmake' and name 'astra_camera_msgs'
[1.849s] Level 1:colcon.colcon_core.package_identification:_identify(src/ros2_fyp_description) by extensions ['ignore', 'ignore_ament_install']
[1.850s] Level 1:colcon.colcon_core.package_identification:_identify(src/ros2_fyp_description) by extension 'ignore'
[1.850s] Level 1:colcon.colcon_core.package_identification:_identify(src/ros2_fyp_description) by extension 'ignore_ament_install'
[1.850s] Level 1:colcon.colcon_core.package_identification:_identify(src/ros2_fyp_description) by extensions ['colcon_pkg']
[1.850s] Level 1:colcon.colcon_core.package_identification:_identify(src/ros2_fyp_description) by extension 'colcon_pkg'
[1.851s] Level 1:colcon.colcon_core.package_identification:_identify(src/ros2_fyp_description) by extensions ['colcon_meta']
[1.851s] Level 1:colcon.colcon_core.package_identification:_identify(src/ros2_fyp_description) by extension 'colcon_meta'
[1.851s] Level 1:colcon.colcon_core.package_identification:_identify(src/ros2_fyp_description) by extensions ['ros']
[1.851s] Level 1:colcon.colcon_core.package_identification:_identify(src/ros2_fyp_description) by extension 'ros'
[1.853s] DEBUG:colcon.colcon_core.package_identification:Package 'src/ros2_fyp_description' with type 'ros.ament_cmake' and name 'ros2_fyp_description'
[1.854s] Level 1:colcon.colcon_core.package_identification:_identify(src/rplidar_ros) by extensions ['ignore', 'ignore_ament_install']
[1.854s] Level 1:colcon.colcon_core.package_identification:_identify(src/rplidar_ros) by extension 'ignore'
[1.855s] Level 1:colcon.colcon_core.package_identification:_identify(src/rplidar_ros) by extension 'ignore_ament_install'
[1.855s] Level 1:colcon.colcon_core.package_identification:_identify(src/rplidar_ros) by extensions ['colcon_pkg']
[1.855s] Level 1:colcon.colcon_core.package_identification:_identify(src/rplidar_ros) by extension 'colcon_pkg'
[1.855s] Level 1:colcon.colcon_core.package_identification:_identify(src/rplidar_ros) by extensions ['colcon_meta']
[1.856s] Level 1:colcon.colcon_core.package_identification:_identify(src/rplidar_ros) by extension 'colcon_meta'
[1.856s] Level 1:colcon.colcon_core.package_identification:_identify(src/rplidar_ros) by extensions ['ros']
[1.856s] Level 1:colcon.colcon_core.package_identification:_identify(src/rplidar_ros) by extension 'ros'
[1.860s] DEBUG:colcon.colcon_core.package_identification:Package 'src/rplidar_ros' with type 'ros.ament_cmake' and name 'rplidar_ros'
[1.860s] Level 1:colcon.colcon_core.package_discovery:discover_packages(recursive) using defaults
[1.860s] Level 1:colcon.colcon_core.package_discovery:discover_packages(ignore) discover
[1.860s] Level 1:colcon.colcon_core.package_discovery:discover_packages(ignore) using defaults
[1.860s] Level 1:colcon.colcon_core.package_discovery:discover_packages(path) discover
[1.860s] Level 1:colcon.colcon_core.package_discovery:discover_packages(path) using defaults
[2.010s] INFO:colcon.colcon_core.package_selection:Skipping not selected package 'astra_camera_msgs' in 'src/ros2_astra_camera/astra_camera_msgs'
[2.010s] INFO:colcon.colcon_core.package_selection:Skipping not selected package 'r2_driver' in 'src/r2_driver'
[2.010s] INFO:colcon.colcon_core.package_selection:Skipping not selected package 'rplidar_ros' in 'src/rplidar_ros'
[2.010s] INFO:colcon.colcon_core.package_selection:Skipping not selected package 'astra_camera' in 'src/ros2_astra_camera/astra_camera'
[2.013s] Level 1:colcon.colcon_core.package_discovery:discover_packages(prefix_path) check parameters
[2.013s] Level 1:colcon.colcon_core.package_discovery:discover_packages(prefix_path) discover
[2.028s] DEBUG:colcon.colcon_installed_package_information.package_discovery:Found 4 installed packages in /home/tee/ros2_fyp/install
[2.041s] DEBUG:colcon.colcon_installed_package_information.package_discovery:Found 357 installed packages in /opt/ros/humble
[2.049s] Level 1:colcon.colcon_core.package_discovery:discover_packages(prefix_path) using defaults
[2.263s] Level 5:colcon.colcon_core.verb:set package 'ros2_fyp_description' build argument 'cmake_args' from command line to 'None'
[2.264s] Level 5:colcon.colcon_core.verb:set package 'ros2_fyp_description' build argument 'cmake_target' from command line to 'None'
[2.264s] Level 5:colcon.colcon_core.verb:set package 'ros2_fyp_description' build argument 'cmake_target_skip_unavailable' from command line to 'False'
[2.264s] Level 5:colcon.colcon_core.verb:set package 'ros2_fyp_description' build argument 'cmake_clean_cache' from command line to 'False'
[2.264s] Level 5:colcon.colcon_core.verb:set package 'ros2_fyp_description' build argument 'cmake_clean_first' from command line to 'False'
[2.264s] Level 5:colcon.colcon_core.verb:set package 'ros2_fyp_description' build argument 'cmake_force_configure' from command line to 'False'
[2.264s] Level 5:colcon.colcon_core.verb:set package 'ros2_fyp_description' build argument 'ament_cmake_args' from command line to 'None'
[2.264s] Level 5:colcon.colcon_core.verb:set package 'ros2_fyp_description' build argument 'catkin_cmake_args' from command line to 'None'
[2.264s] Level 5:colcon.colcon_core.verb:set package 'ros2_fyp_description' build argument 'catkin_skip_building_tests' from command line to 'False'
[2.265s] DEBUG:colcon.colcon_core.verb:Building package 'ros2_fyp_description' with the following arguments: {'ament_cmake_args': None, 'build_base': '/home/tee/ros2_fyp/build/ros2_fyp_description', 'catkin_cmake_args': None, 'catkin_skip_building_tests': False, 'cmake_args': None, 'cmake_clean_cache': False, 'cmake_clean_first': False, 'cmake_force_configure': False, 'cmake_target': None, 'cmake_target_skip_unavailable': False, 'install_base': '/home/tee/ros2_fyp/install/ros2_fyp_description', 'merge_install': False, 'path': '/home/tee/ros2_fyp/src/ros2_fyp_description', 'symlink_install': True, 'test_result_base': None}
[2.265s] INFO:colcon.colcon_core.executor:Executing jobs using 'parallel' executor
[2.269s] DEBUG:colcon.colcon_parallel_executor.executor.parallel:run_until_complete
[2.270s] INFO:colcon.colcon_ros.task.ament_cmake.build:Building ROS package in '/home/tee/ros2_fyp/src/ros2_fyp_description' with build type 'ament_cmake'
[2.271s] INFO:colcon.colcon_cmake.task.cmake.build:Building CMake package in '/home/tee/ros2_fyp/src/ros2_fyp_description'
[2.288s] INFO:colcon.colcon_core.plugin_system:Skipping extension 'colcon_core.shell.bat': Not used on non-Windows systems
[2.289s] INFO:colcon.colcon_core.shell:Skip shell extension 'powershell' for command environment: Not usable outside of PowerShell
[2.290s] DEBUG:colcon.colcon_core.shell:Skip shell extension 'dsv' for command environment
[2.332s] DEBUG:colcon.colcon_core.event_handler.log_command:Invoking command in '/home/tee/ros2_fyp/build/ros2_fyp_description': CMAKE_PREFIX_PATH=${CMAKE_PREFIX_PATH}:/home/tee/ros2_fyp/install/r2_driver:/opt/ros/humble /usr/bin/cmake /home/tee/ros2_fyp/src/ros2_fyp_description -DAMENT_CMAKE_SYMLINK_INSTALL=1 -DCMAKE_INSTALL_PREFIX=/home/tee/ros2_fyp/install/ros2_fyp_description
[7.283s] DEBUG:colcon.colcon_core.event_handler.log_command:Invoked command in '/home/tee/ros2_fyp/build/ros2_fyp_description' returned '0': CMAKE_PREFIX_PATH=${CMAKE_PREFIX_PATH}:/home/tee/ros2_fyp/install/r2_driver:/opt/ros/humble /usr/bin/cmake /home/tee/ros2_fyp/src/ros2_fyp_description -DAMENT_CMAKE_SYMLINK_INSTALL=1 -DCMAKE_INSTALL_PREFIX=/home/tee/ros2_fyp/install/ros2_fyp_description
[7.294s] DEBUG:colcon.colcon_core.event_handler.log_command:Invoking command in '/home/tee/ros2_fyp/build/ros2_fyp_description': CMAKE_PREFIX_PATH=${CMAKE_PREFIX_PATH}:/home/tee/ros2_fyp/install/r2_driver:/opt/ros/humble /usr/bin/cmake --build /home/tee/ros2_fyp/build/ros2_fyp_description -- -j4 -l4
[7.448s] DEBUG:colcon.colcon_core.event_handler.log_command:Invoked command in '/home/tee/ros2_fyp/build/ros2_fyp_description' returned '0': CMAKE_PREFIX_PATH=${CMAKE_PREFIX_PATH}:/home/tee/ros2_fyp/install/r2_driver:/opt/ros/humble /usr/bin/cmake --build /home/tee/ros2_fyp/build/ros2_fyp_description -- -j4 -l4
[7.496s] DEBUG:colcon.colcon_core.event_handler.log_command:Invoking command in '/home/tee/ros2_fyp/build/ros2_fyp_description': CMAKE_PREFIX_PATH=${CMAKE_PREFIX_PATH}:/home/tee/ros2_fyp/install/r2_driver:/opt/ros/humble /usr/bin/cmake --install /home/tee/ros2_fyp/build/ros2_fyp_description
[8.065s] Level 1:colcon.colcon_core.environment:create_environment_scripts_only(ros2_fyp_description)
[8.067s] DEBUG:colcon.colcon_core.event_handler.log_command:Invoked command in '/home/tee/ros2_fyp/build/ros2_fyp_description' returned '0': CMAKE_PREFIX_PATH=${CMAKE_PREFIX_PATH}:/home/tee/ros2_fyp/install/r2_driver:/opt/ros/humble /usr/bin/cmake --install /home/tee/ros2_fyp/build/ros2_fyp_description
[8.088s] Level 1:colcon.colcon_core.environment:checking '/home/tee/ros2_fyp/install/ros2_fyp_description' for CMake module files
[8.091s] Level 1:colcon.colcon_core.environment:checking '/home/tee/ros2_fyp/install/ros2_fyp_description' for CMake config files
[8.094s] Level 1:colcon.colcon_core.shell:create_environment_hook('ros2_fyp_description', 'cmake_prefix_path')
[8.095s] INFO:colcon.colcon_core.shell:Creating environment hook '/home/tee/ros2_fyp/install/ros2_fyp_description/share/ros2_fyp_description/hook/cmake_prefix_path.ps1'
[8.099s] INFO:colcon.colcon_core.shell:Creating environment descriptor '/home/tee/ros2_fyp/install/ros2_fyp_description/share/ros2_fyp_description/hook/cmake_prefix_path.dsv'
[8.102s] INFO:colcon.colcon_core.shell:Creating environment hook '/home/tee/ros2_fyp/install/ros2_fyp_description/share/ros2_fyp_description/hook/cmake_prefix_path.sh'
[8.106s] Level 1:colcon.colcon_core.environment:checking '/home/tee/ros2_fyp/install/ros2_fyp_description/bin'
[8.107s] Level 1:colcon.colcon_core.environment:checking '/home/tee/ros2_fyp/install/ros2_fyp_description/lib/pkgconfig/ros2_fyp_description.pc'
[8.108s] Level 1:colcon.colcon_core.environment:checking '/home/tee/ros2_fyp/install/ros2_fyp_description/lib/python3.10/site-packages'
[8.109s] Level 1:colcon.colcon_core.environment:checking '/home/tee/ros2_fyp/install/ros2_fyp_description/bin'
[8.111s] INFO:colcon.colcon_core.shell:Creating package script '/home/tee/ros2_fyp/install/ros2_fyp_description/share/ros2_fyp_description/package.ps1'
[8.115s] INFO:colcon.colcon_core.shell:Creating package descriptor '/home/tee/ros2_fyp/install/ros2_fyp_description/share/ros2_fyp_description/package.dsv'
[8.119s] INFO:colcon.colcon_core.shell:Creating package script '/home/tee/ros2_fyp/install/ros2_fyp_description/share/ros2_fyp_description/package.sh'
[8.122s] INFO:colcon.colcon_core.shell:Creating package script '/home/tee/ros2_fyp/install/ros2_fyp_description/share/ros2_fyp_description/package.bash'
[8.126s] INFO:colcon.colcon_core.shell:Creating package script '/home/tee/ros2_fyp/install/ros2_fyp_description/share/ros2_fyp_description/package.zsh'
[8.130s] Level 1:colcon.colcon_core.environment:create_file_with_runtime_dependencies(/home/tee/ros2_fyp/install/ros2_fyp_description/share/colcon-core/packages/ros2_fyp_description)
[8.132s] Level 1:colcon.colcon_core.environment:create_environment_scripts_only(ros2_fyp_description)
[8.133s] Level 1:colcon.colcon_core.environment:checking '/home/tee/ros2_fyp/install/ros2_fyp_description' for CMake module files
[8.136s] Level 1:colcon.colcon_core.environment:checking '/home/tee/ros2_fyp/install/ros2_fyp_description' for CMake config files
[8.139s] Level 1:colcon.colcon_core.shell:create_environment_hook('ros2_fyp_description', 'cmake_prefix_path')
[8.140s] INFO:colcon.colcon_core.shell:Creating environment hook '/home/tee/ros2_fyp/install/ros2_fyp_description/share/ros2_fyp_description/hook/cmake_prefix_path.ps1'
[8.142s] INFO:colcon.colcon_core.shell:Creating environment descriptor '/home/tee/ros2_fyp/install/ros2_fyp_description/share/ros2_fyp_description/hook/cmake_prefix_path.dsv'
[8.144s] INFO:colcon.colcon_core.shell:Creating environment hook '/home/tee/ros2_fyp/install/ros2_fyp_description/share/ros2_fyp_description/hook/cmake_prefix_path.sh'
[8.146s] Level 1:colcon.colcon_core.environment:checking '/home/tee/ros2_fyp/install/ros2_fyp_description/bin'
[8.147s] Level 1:colcon.colcon_core.environment:checking '/home/tee/ros2_fyp/install/ros2_fyp_description/lib/pkgconfig/ros2_fyp_description.pc'
[8.148s] Level 1:colcon.colcon_core.environment:checking '/home/tee/ros2_fyp/install/ros2_fyp_description/lib/python3.10/site-packages'
[8.149s] Level 1:colcon.colcon_core.environment:checking '/home/tee/ros2_fyp/install/ros2_fyp_description/bin'
[8.150s] INFO:colcon.colcon_core.shell:Creating package script '/home/tee/ros2_fyp/install/ros2_fyp_description/share/ros2_fyp_description/package.ps1'
[8.153s] INFO:colcon.colcon_core.shell:Creating package descriptor '/home/tee/ros2_fyp/install/ros2_fyp_description/share/ros2_fyp_description/package.dsv'
[8.155s] INFO:colcon.colcon_core.shell:Creating package script '/home/tee/ros2_fyp/install/ros2_fyp_description/share/ros2_fyp_description/package.sh'
[8.157s] INFO:colcon.colcon_core.shell:Creating package script '/home/tee/ros2_fyp/install/ros2_fyp_description/share/ros2_fyp_description/package.bash'
[8.159s] INFO:colcon.colcon_core.shell:Creating package script '/home/tee/ros2_fyp/install/ros2_fyp_description/share/ros2_fyp_description/package.zsh'
[8.162s] Level 1:colcon.colcon_core.environment:create_file_with_runtime_dependencies(/home/tee/ros2_fyp/install/ros2_fyp_description/share/colcon-core/packages/ros2_fyp_description)
[8.163s] DEBUG:colcon.colcon_parallel_executor.executor.parallel:closing loop
[8.164s] DEBUG:colcon.colcon_parallel_executor.executor.parallel:loop closed
[8.165s] DEBUG:colcon.colcon_parallel_executor.executor.parallel:run_until_complete finished with '0'
[8.165s] DEBUG:colcon.colcon_core.event_reactor:joining thread
[8.193s] INFO:colcon.colcon_core.plugin_system:Skipping extension 'colcon_notification.desktop_notification.terminal_notifier': Not used on non-Darwin systems
[8.193s] INFO:colcon.colcon_core.plugin_system:Skipping extension 'colcon_notification.desktop_notification.win32': Not used on non-Windows systems
[8.194s] INFO:colcon.colcon_notification.desktop_notification:Sending desktop notification using 'notify2'
[8.199s] DEBUG:colcon.colcon_notification.desktop_notification.notify2:Failed to initialize notify2: org.freedesktop.DBus.Error.ServiceUnknown: The name org.freedesktop.Notifications was not provided by any .service files
[8.200s] DEBUG:colcon.colcon_core.event_reactor:joined thread
[8.201s] INFO:colcon.colcon_core.shell:Creating prefix script '/home/tee/ros2_fyp/install/local_setup.ps1'
[8.207s] INFO:colcon.colcon_core.shell:Creating prefix util module '/home/tee/ros2_fyp/install/_local_setup_util_ps1.py'
[8.218s] INFO:colcon.colcon_core.shell:Creating prefix chain script '/home/tee/ros2_fyp/install/setup.ps1'
[8.225s] INFO:colcon.colcon_core.shell:Creating prefix script '/home/tee/ros2_fyp/install/local_setup.sh'
[8.228s] INFO:colcon.colcon_core.shell:Creating prefix util module '/home/tee/ros2_fyp/install/_local_setup_util_sh.py'
[8.231s] INFO:colcon.colcon_core.shell:Creating prefix chain script '/home/tee/ros2_fyp/install/setup.sh'
[8.237s] INFO:colcon.colcon_core.shell:Creating prefix script '/home/tee/ros2_fyp/install/local_setup.bash'
[8.240s] INFO:colcon.colcon_core.shell:Creating prefix chain script '/home/tee/ros2_fyp/install/setup.bash'
[8.246s] INFO:colcon.colcon_core.shell:Creating prefix script '/home/tee/ros2_fyp/install/local_setup.zsh'
[8.250s] INFO:colcon.colcon_core.shell:Creating prefix chain script '/home/tee/ros2_fyp/install/setup.zsh'
