[0.055s] Invoking command in '/home/tee/ros2_fyp/build/r2_description': CMAKE_PREFIX_PATH=${CMAKE_PREFIX_PATH}:/home/tee/ros2_fyp/install/r2_wheel_odometry:/home/tee/ros2_fyp/install/r2_driver:/opt/ros/humble /usr/bin/cmake --build /home/tee/ros2_fyp/build/r2_description -- -j4 -l4
[0.226s] Invoked command in '/home/tee/ros2_fyp/build/r2_description' returned '0': CMAKE_PREFIX_PATH=${CMAKE_PREFIX_PATH}:/home/tee/ros2_fyp/install/r2_wheel_odometry:/home/tee/ros2_fyp/install/r2_driver:/opt/ros/humble /usr/bin/cmake --build /home/tee/ros2_fyp/build/r2_description -- -j4 -l4
[0.272s] Invoking command in '/home/tee/ros2_fyp/build/r2_description': CMAKE_PREFIX_PATH=${CMAKE_PREFIX_PATH}:/home/tee/ros2_fyp/install/r2_wheel_odometry:/home/tee/ros2_fyp/install/r2_driver:/opt/ros/humble /usr/bin/cmake --install /home/tee/ros2_fyp/build/r2_description
[0.303s] -- Install configuration: ""
[0.305s] -- Execute custom install script
[0.306s] -- Up-to-date symlink: /home/tee/ros2_fyp/install/r2_description/share/r2_description/launch/description.launch.py
[0.308s] -- Up-to-date symlink: /home/tee/ros2_fyp/install/r2_description/share/r2_description/urdf/r2.urdf.xacro
[0.309s] -- Up-to-date symlink: /home/tee/ros2_fyp/install/r2_description/share/ament_index/resource_index/package_run_dependencies/r2_description
[0.310s] -- Up-to-date symlink: /home/tee/ros2_fyp/install/r2_description/share/ament_index/resource_index/parent_prefix_path/r2_description
[0.311s] -- Up-to-date symlink: /home/tee/ros2_fyp/install/r2_description/share/r2_description/environment/ament_prefix_path.sh
[0.312s] -- Up-to-date symlink: /home/tee/ros2_fyp/install/r2_description/share/r2_description/environment/ament_prefix_path.dsv
[0.313s] -- Up-to-date symlink: /home/tee/ros2_fyp/install/r2_description/share/r2_description/environment/path.sh
[0.315s] -- Up-to-date symlink: /home/tee/ros2_fyp/install/r2_description/share/r2_description/environment/path.dsv
[0.316s] -- Up-to-date symlink: /home/tee/ros2_fyp/install/r2_description/share/r2_description/local_setup.bash
[0.317s] -- Up-to-date symlink: /home/tee/ros2_fyp/install/r2_description/share/r2_description/local_setup.sh
[0.318s] -- Up-to-date symlink: /home/tee/ros2_fyp/install/r2_description/share/r2_description/local_setup.zsh
[0.319s] -- Up-to-date symlink: /home/tee/ros2_fyp/install/r2_description/share/r2_description/local_setup.dsv
[0.319s] -- Symlinking: /home/tee/ros2_fyp/install/r2_description/share/r2_description/package.dsv
[0.357s] -- Up-to-date symlink: /home/tee/ros2_fyp/install/r2_description/share/ament_index/resource_index/packages/r2_description
[0.358s] -- Up-to-date symlink: /home/tee/ros2_fyp/install/r2_description/share/r2_description/cmake/r2_descriptionConfig.cmake
[0.358s] -- Up-to-date symlink: /home/tee/ros2_fyp/install/r2_description/share/r2_description/cmake/r2_descriptionConfig-version.cmake
[0.359s] -- Up-to-date symlink: /home/tee/ros2_fyp/install/r2_description/share/r2_description/package.xml
[0.367s] Invoked command in '/home/tee/ros2_fyp/build/r2_description' returned '0': CMAKE_PREFIX_PATH=${CMAKE_PREFIX_PATH}:/home/tee/ros2_fyp/install/r2_wheel_odometry:/home/tee/ros2_fyp/install/r2_driver:/opt/ros/humble /usr/bin/cmake --install /home/tee/ros2_fyp/build/r2_description
